mode: set
github.com/kmlixh/gom/v4/TestTypes/test_types.go:28.40,30.2 1 0
github.com/kmlixh/gom/v4/errors/errors.go:30.34,37.24 3 0
github.com/kmlixh/gom/v4/errors/errors.go:37.24,39.31 2 0
github.com/kmlixh/gom/v4/errors/errors.go:39.31,41.4 1 0
github.com/kmlixh/gom/v4/errors/errors.go:45.2,45.19 1 0
github.com/kmlixh/gom/v4/errors/errors.go:45.19,47.3 1 0
github.com/kmlixh/gom/v4/errors/errors.go:49.2,49.19 1 0
github.com/kmlixh/gom/v4/errors/errors.go:53.89,61.2 1 0
github.com/kmlixh/gom/v4/errors/errors.go:64.90,65.16 1 0
github.com/kmlixh/gom/v4/errors/errors.go:65.16,67.3 1 0
github.com/kmlixh/gom/v4/errors/errors.go:70.2,70.37 1 0
github.com/kmlixh/gom/v4/errors/errors.go:70.37,78.3 1 0
github.com/kmlixh/gom/v4/errors/errors.go:80.2,80.36 1 0
github.com/kmlixh/gom/v4/errors/errors.go:84.24,91.6 6 0
github.com/kmlixh/gom/v4/errors/errors.go:91.6,93.48 2 0
github.com/kmlixh/gom/v4/errors/errors.go:93.48,95.4 1 0
github.com/kmlixh/gom/v4/errors/errors.go:96.3,96.12 1 0
github.com/kmlixh/gom/v4/errors/errors.go:96.12,97.9 1 0
github.com/kmlixh/gom/v4/errors/errors.go:100.2,100.19 1 0
github.com/kmlixh/gom/v4/errors/errors.go:104.75,108.24 2 0
github.com/kmlixh/gom/v4/errors/errors.go:108.24,110.3 1 0
github.com/kmlixh/gom/v4/errors/errors.go:113.2,113.24 1 0
github.com/kmlixh/gom/v4/errors/errors.go:113.24,115.3 1 0
github.com/kmlixh/gom/v4/errors/errors.go:117.2,117.15 1 0
github.com/kmlixh/gom/v4/errors/errors.go:121.50,122.16 1 0
github.com/kmlixh/gom/v4/errors/errors.go:122.16,124.3 1 0
github.com/kmlixh/gom/v4/errors/errors.go:126.2,126.37 1 0
github.com/kmlixh/gom/v4/errors/errors.go:126.37,128.3 1 0
github.com/kmlixh/gom/v4/errors/errors.go:130.2,130.14 1 0
github.com/kmlixh/gom/v4/gomen/cmd/gomen/main.go:12.13,31.23 13 0
github.com/kmlixh/gom/v4/gomen/cmd/gomen/main.go:31.23,45.3 13 0
github.com/kmlixh/gom/v4/gomen/cmd/gomen/main.go:48.2,49.16 2 0
github.com/kmlixh/gom/v4/gomen/cmd/gomen/main.go:49.16,51.3 1 0
github.com/kmlixh/gom/v4/gomen/cmd/gomen/main.go:52.2,56.15 3 0
github.com/kmlixh/gom/v4/gomen/cmd/gomen/main.go:56.15,58.3 1 0
github.com/kmlixh/gom/v4/gomen/cmd/gomen/main.go:59.2,60.49 2 0
github.com/kmlixh/gom/v4/gomen/cmd/gomen/main.go:60.49,62.3 1 0
github.com/kmlixh/gom/v4/gomen/cmd/gomen/main.go:64.2,64.36 1 0
github.com/kmlixh/gom/v4/gomen/generator.go:50.56,52.50 1 0
github.com/kmlixh/gom/v4/gomen/generator.go:52.50,54.3 1 0
github.com/kmlixh/gom/v4/gomen/generator.go:57.2,57.31 1 0
github.com/kmlixh/gom/v4/gomen/generator.go:57.31,59.3 1 0
github.com/kmlixh/gom/v4/gomen/generator.go:59.8,59.41 1 0
github.com/kmlixh/gom/v4/gomen/generator.go:59.41,61.3 1 0
github.com/kmlixh/gom/v4/gomen/generator.go:63.2,72.16 3 0
github.com/kmlixh/gom/v4/gomen/generator.go:72.16,74.3 1 0
github.com/kmlixh/gom/v4/gomen/generator.go:77.2,82.15 2 0
github.com/kmlixh/gom/v4/gomen/generator.go:86.35,87.17 1 0
github.com/kmlixh/gom/v4/gomen/generator.go:87.17,89.3 1 0
github.com/kmlixh/gom/v4/gomen/generator.go:90.2,90.12 1 0
github.com/kmlixh/gom/v4/gomen/generator.go:94.54,96.19 1 0
github.com/kmlixh/gom/v4/gomen/generator.go:96.19,99.17 3 0
github.com/kmlixh/gom/v4/gomen/generator.go:99.17,101.4 1 0
github.com/kmlixh/gom/v4/gomen/generator.go:102.3,102.43 1 0
github.com/kmlixh/gom/v4/gomen/generator.go:102.43,104.4 1 0
github.com/kmlixh/gom/v4/gomen/generator.go:108.2,109.16 2 0
github.com/kmlixh/gom/v4/gomen/generator.go:109.16,111.3 1 0
github.com/kmlixh/gom/v4/gomen/generator.go:114.2,114.22 1 0
github.com/kmlixh/gom/v4/gomen/generator.go:114.22,116.3 1 0
github.com/kmlixh/gom/v4/gomen/generator.go:119.2,119.63 1 0
github.com/kmlixh/gom/v4/gomen/generator.go:119.63,121.3 1 0
github.com/kmlixh/gom/v4/gomen/generator.go:124.2,124.31 1 0
github.com/kmlixh/gom/v4/gomen/generator.go:124.31,125.62 1 0
github.com/kmlixh/gom/v4/gomen/generator.go:125.62,127.4 1 0
github.com/kmlixh/gom/v4/gomen/generator.go:131.2,131.64 1 0
github.com/kmlixh/gom/v4/gomen/generator.go:131.64,133.3 1 0
github.com/kmlixh/gom/v4/gomen/generator.go:136.2,136.65 1 0
github.com/kmlixh/gom/v4/gomen/generator.go:136.65,138.3 1 0
github.com/kmlixh/gom/v4/gomen/generator.go:140.2,140.12 1 0
github.com/kmlixh/gom/v4/gomen/generator.go:144.62,146.63 1 0
github.com/kmlixh/gom/v4/gomen/generator.go:146.63,148.3 1 0
github.com/kmlixh/gom/v4/gomen/generator.go:149.2,149.40 1 0
github.com/kmlixh/gom/v4/gomen/generator.go:153.46,154.20 1 0
github.com/kmlixh/gom/v4/gomen/generator.go:154.20,156.3 1 0
github.com/kmlixh/gom/v4/gomen/generator.go:158.2,158.26 1 0
github.com/kmlixh/gom/v4/gomen/generator.go:158.26,160.3 1 0
github.com/kmlixh/gom/v4/gomen/generator.go:162.2,162.63 1 0
github.com/kmlixh/gom/v4/gomen/generator.go:162.63,164.3 1 0
github.com/kmlixh/gom/v4/gomen/generator.go:166.2,166.23 1 0
github.com/kmlixh/gom/v4/gomen/generator.go:166.23,168.3 1 0
github.com/kmlixh/gom/v4/gomen/generator.go:170.2,170.29 1 0
github.com/kmlixh/gom/v4/gomen/generator.go:170.29,172.3 1 0
github.com/kmlixh/gom/v4/gomen/generator.go:174.2,174.31 1 0
github.com/kmlixh/gom/v4/gomen/generator.go:174.31,176.3 1 0
github.com/kmlixh/gom/v4/gomen/generator.go:178.2,178.28 1 0
github.com/kmlixh/gom/v4/gomen/generator.go:178.28,180.3 1 0
github.com/kmlixh/gom/v4/gomen/generator.go:182.2,182.12 1 0
github.com/kmlixh/gom/v4/gomen/generator.go:186.83,189.16 2 0
github.com/kmlixh/gom/v4/gomen/generator.go:189.16,191.3 1 0
github.com/kmlixh/gom/v4/gomen/generator.go:194.2,200.57 5 0
github.com/kmlixh/gom/v4/gomen/generator.go:200.57,202.3 1 0
github.com/kmlixh/gom/v4/gomen/generator.go:203.2,203.28 1 0
github.com/kmlixh/gom/v4/gomen/generator.go:203.28,205.3 1 0
github.com/kmlixh/gom/v4/gomen/generator.go:206.2,206.28 1 0
github.com/kmlixh/gom/v4/gomen/generator.go:206.28,208.3 1 0
github.com/kmlixh/gom/v4/gomen/generator.go:209.2,236.16 4 0
github.com/kmlixh/gom/v4/gomen/generator.go:236.16,238.3 1 0
github.com/kmlixh/gom/v4/gomen/generator.go:240.2,240.51 1 0
github.com/kmlixh/gom/v4/gomen/generator.go:240.51,242.3 1 0
github.com/kmlixh/gom/v4/gomen/generator.go:244.2,244.12 1 0
github.com/kmlixh/gom/v4/gomen/generator.go:248.84,252.31 2 0
github.com/kmlixh/gom/v4/gomen/generator.go:252.31,253.53 1 0
github.com/kmlixh/gom/v4/gomen/generator.go:253.53,255.4 1 0
github.com/kmlixh/gom/v4/gomen/generator.go:256.3,256.29 1 0
github.com/kmlixh/gom/v4/gomen/generator.go:256.29,258.4 1 0
github.com/kmlixh/gom/v4/gomen/generator.go:259.3,259.29 1 0
github.com/kmlixh/gom/v4/gomen/generator.go:259.29,261.4 1 0
github.com/kmlixh/gom/v4/gomen/generator.go:262.3,262.43 1 0
github.com/kmlixh/gom/v4/gomen/generator.go:265.2,276.16 3 0
github.com/kmlixh/gom/v4/gomen/generator.go:276.16,278.3 1 0
github.com/kmlixh/gom/v4/gomen/generator.go:280.2,280.51 1 0
github.com/kmlixh/gom/v4/gomen/generator.go:280.51,282.3 1 0
github.com/kmlixh/gom/v4/gomen/generator.go:284.2,284.12 1 0
github.com/kmlixh/gom/v4/gomen/generator.go:288.62,292.33 2 0
github.com/kmlixh/gom/v4/gomen/generator.go:292.33,294.3 1 0
github.com/kmlixh/gom/v4/gomen/generator.go:294.8,296.3 1 0
github.com/kmlixh/gom/v4/gomen/generator.go:299.2,299.56 1 0
github.com/kmlixh/gom/v4/gomen/generator.go:299.56,301.3 1 0
github.com/kmlixh/gom/v4/gomen/generator.go:303.2,303.32 1 0
github.com/kmlixh/gom/v4/gomen/generator.go:307.44,309.16 2 0
github.com/kmlixh/gom/v4/gomen/generator.go:309.16,311.3 1 0
github.com/kmlixh/gom/v4/gomen/generator.go:313.2,313.32 1 0
github.com/kmlixh/gom/v4/gomen/generator.go:313.32,314.60 1 0
github.com/kmlixh/gom/v4/gomen/generator.go:314.60,316.49 2 0
github.com/kmlixh/gom/v4/gomen/generator.go:316.49,318.5 1 0
github.com/kmlixh/gom/v4/gomen/generator.go:322.2,322.12 1 0
github.com/kmlixh/gom/v4/gomen/generator.go:326.42,329.16 3 0
github.com/kmlixh/gom/v4/gomen/generator.go:329.16,331.3 1 0
github.com/kmlixh/gom/v4/gomen/generator.go:332.2,332.12 1 0
github.com/kmlixh/gom/v4/gomen/generator.go:336.35,338.23 2 0
github.com/kmlixh/gom/v4/gomen/generator.go:338.23,340.3 1 0
github.com/kmlixh/gom/v4/gomen/generator.go:341.2,341.32 1 0
github.com/kmlixh/gom/v4/gomen/generator.go:344.33,347.22 3 0
github.com/kmlixh/gom/v4/gomen/generator.go:347.22,348.25 1 0
github.com/kmlixh/gom/v4/gomen/generator.go:348.25,349.27 1 0
github.com/kmlixh/gom/v4/gomen/generator.go:349.27,351.5 1 0
github.com/kmlixh/gom/v4/gomen/generator.go:352.4,352.20 1 0
github.com/kmlixh/gom/v4/gomen/generator.go:353.9,355.4 1 0
github.com/kmlixh/gom/v4/gomen/generator.go:356.3,356.46 1 0
github.com/kmlixh/gom/v4/gomen/generator.go:358.2,358.23 1 0
github.com/kmlixh/gom/v4/gomen/generator.go:361.60,362.21 1 0
github.com/kmlixh/gom/v4/gomen/generator.go:362.21,364.3 1 0
github.com/kmlixh/gom/v4/gomen/generator.go:367.2,367.18 1 0
github.com/kmlixh/gom/v4/gomen/generator.go:368.39,369.17 1 0
github.com/kmlixh/gom/v4/gomen/generator.go:369.17,371.4 1 0
github.com/kmlixh/gom/v4/gomen/generator.go:372.3,372.17 1 0
github.com/kmlixh/gom/v4/gomen/generator.go:373.39,374.17 1 0
github.com/kmlixh/gom/v4/gomen/generator.go:374.17,376.4 1 0
github.com/kmlixh/gom/v4/gomen/generator.go:377.3,377.17 1 0
github.com/kmlixh/gom/v4/gomen/generator.go:378.41,379.17 1 0
github.com/kmlixh/gom/v4/gomen/generator.go:379.17,381.4 1 0
github.com/kmlixh/gom/v4/gomen/generator.go:382.3,382.19 1 0
github.com/kmlixh/gom/v4/gomen/generator.go:383.40,384.17 1 0
github.com/kmlixh/gom/v4/gomen/generator.go:384.17,386.4 1 0
github.com/kmlixh/gom/v4/gomen/generator.go:387.3,387.18 1 0
github.com/kmlixh/gom/v4/gomen/generator.go:388.38,389.17 1 0
github.com/kmlixh/gom/v4/gomen/generator.go:389.17,391.4 1 0
github.com/kmlixh/gom/v4/gomen/generator.go:392.3,392.16 1 0
github.com/kmlixh/gom/v4/gomen/generator.go:393.38,394.17 1 0
github.com/kmlixh/gom/v4/gomen/generator.go:394.17,396.4 1 0
github.com/kmlixh/gom/v4/gomen/generator.go:397.3,397.21 1 0
github.com/kmlixh/gom/v4/gomen/generator.go:398.38,399.17 1 0
github.com/kmlixh/gom/v4/gomen/generator.go:399.17,401.4 1 0
github.com/kmlixh/gom/v4/gomen/generator.go:402.3,402.18 1 0
github.com/kmlixh/gom/v4/gomen/generator.go:406.2,406.25 1 0
github.com/kmlixh/gom/v4/gomen/generator.go:407.63,408.17 1 0
github.com/kmlixh/gom/v4/gomen/generator.go:408.17,410.4 1 0
github.com/kmlixh/gom/v4/gomen/generator.go:411.3,411.17 1 0
github.com/kmlixh/gom/v4/gomen/generator.go:412.21,413.17 1 0
github.com/kmlixh/gom/v4/gomen/generator.go:413.17,415.4 1 0
github.com/kmlixh/gom/v4/gomen/generator.go:416.3,416.17 1 0
github.com/kmlixh/gom/v4/gomen/generator.go:417.40,418.17 1 0
github.com/kmlixh/gom/v4/gomen/generator.go:418.17,420.4 1 0
github.com/kmlixh/gom/v4/gomen/generator.go:421.3,421.19 1 0
github.com/kmlixh/gom/v4/gomen/generator.go:422.20,423.17 1 0
github.com/kmlixh/gom/v4/gomen/generator.go:423.17,425.4 1 0
github.com/kmlixh/gom/v4/gomen/generator.go:426.3,426.16 1 0
github.com/kmlixh/gom/v4/gomen/generator.go:427.22,428.17 1 0
github.com/kmlixh/gom/v4/gomen/generator.go:428.17,430.4 1 0
github.com/kmlixh/gom/v4/gomen/generator.go:431.3,431.18 1 0
github.com/kmlixh/gom/v4/gomen/generator.go:432.22,434.10 2 0
github.com/kmlixh/gom/v4/gomen/generator.go:435.54,436.18 1 0
github.com/kmlixh/gom/v4/gomen/generator.go:436.18,438.5 1 0
github.com/kmlixh/gom/v4/gomen/generator.go:439.4,439.28 1 0
github.com/kmlixh/gom/v4/gomen/generator.go:440.48,441.18 1 0
github.com/kmlixh/gom/v4/gomen/generator.go:441.18,443.5 1 0
github.com/kmlixh/gom/v4/gomen/generator.go:444.4,444.22 1 0
github.com/kmlixh/gom/v4/gomen/generator.go:445.45,446.18 1 0
github.com/kmlixh/gom/v4/gomen/generator.go:446.18,448.5 1 0
github.com/kmlixh/gom/v4/gomen/generator.go:449.4,449.19 1 0
github.com/kmlixh/gom/v4/gomen/generator.go:450.48,451.18 1 0
github.com/kmlixh/gom/v4/gomen/generator.go:451.18,453.5 1 0
github.com/kmlixh/gom/v4/gomen/generator.go:454.4,454.22 1 0
github.com/kmlixh/gom/v4/gomen/generator.go:459.2,459.16 1 0
github.com/kmlixh/gom/v4/gomen/generator.go:459.16,461.3 1 0
github.com/kmlixh/gom/v4/gomen/generator.go:462.2,462.26 1 0
github.com/kmlixh/gom/v4/gomen/generator.go:465.36,468.2 2 0
github.com/kmlixh/gom/v4/gomen/generator.go:471.55,472.30 1 0
github.com/kmlixh/gom/v4/gomen/generator.go:472.30,474.63 1 0
github.com/kmlixh/gom/v4/gomen/generator.go:474.63,476.4 1 0
github.com/kmlixh/gom/v4/gomen/generator.go:478.2,478.14 1 0
github.com/kmlixh/gom/v4/gomen/generator.go:482.52,483.30 1 0
github.com/kmlixh/gom/v4/gomen/generator.go:483.30,484.62 1 0
github.com/kmlixh/gom/v4/gomen/generator.go:484.62,486.4 1 0
github.com/kmlixh/gom/v4/gomen/generator.go:488.2,488.14 1 0
github.com/kmlixh/gom/v4/gomen/generator.go:492.50,493.30 1 0
github.com/kmlixh/gom/v4/gomen/generator.go:493.30,494.62 1 0
github.com/kmlixh/gom/v4/gomen/generator.go:494.62,496.4 1 0
github.com/kmlixh/gom/v4/gomen/generator.go:498.2,498.14 1 0
github.com/kmlixh/gom/v4/gomen/generator.go:573.37,583.16 3 0
github.com/kmlixh/gom/v4/gomen/generator.go:583.16,585.3 1 0
github.com/kmlixh/gom/v4/gomen/generator.go:586.2,587.12 2 0
github.com/kmlixh/gom/v4/factory/mysql/factory.go:22.36,24.2 1 0
github.com/kmlixh/gom/v4/factory/mysql/factory.go:26.13,28.2 1 0
github.com/kmlixh/gom/v4/factory/mysql/factory.go:29.24,31.2 1 0
github.com/kmlixh/gom/v4/factory/mysql/factory.go:33.56,35.16 2 0
github.com/kmlixh/gom/v4/factory/mysql/factory.go:35.16,37.3 1 0
github.com/kmlixh/gom/v4/factory/mysql/factory.go:38.2,38.34 1 0
github.com/kmlixh/gom/v4/factory/mysql/factory.go:38.34,41.3 2 0
github.com/kmlixh/gom/v4/factory/mysql/factory.go:42.2,42.16 1 0
github.com/kmlixh/gom/v4/factory/mysql/factory.go:48.84,52.15 3 0
github.com/kmlixh/gom/v4/factory/mysql/factory.go:52.15,54.3 1 0
github.com/kmlixh/gom/v4/factory/mysql/factory.go:55.2,56.18 2 0
github.com/kmlixh/gom/v4/factory/mysql/factory.go:56.18,58.3 1 0
github.com/kmlixh/gom/v4/factory/mysql/factory.go:59.2,60.15 2 0
github.com/kmlixh/gom/v4/factory/mysql/factory.go:60.15,62.3 1 0
github.com/kmlixh/gom/v4/factory/mysql/factory.go:63.2,63.60 1 0
github.com/kmlixh/gom/v4/factory/mysql/factory.go:63.60,65.3 1 0
github.com/kmlixh/gom/v4/factory/mysql/factory.go:66.2,67.15 2 0
github.com/kmlixh/gom/v4/factory/mysql/factory.go:67.15,69.3 1 0
github.com/kmlixh/gom/v4/factory/mysql/factory.go:70.2,71.18 2 0
github.com/kmlixh/gom/v4/factory/mysql/factory.go:71.18,77.16 6 0
github.com/kmlixh/gom/v4/factory/mysql/factory.go:77.16,79.4 1 0
github.com/kmlixh/gom/v4/factory/mysql/factory.go:79.9,81.4 1 0
github.com/kmlixh/gom/v4/factory/mysql/factory.go:83.2,84.21 2 0
github.com/kmlixh/gom/v4/factory/mysql/factory.go:89.56,90.12 1 0
github.com/kmlixh/gom/v4/factory/mysql/factory.go:91.19,92.13 1 0
github.com/kmlixh/gom/v4/factory/mysql/factory.go:93.19,94.14 1 0
github.com/kmlixh/gom/v4/factory/mysql/factory.go:95.19,96.13 1 0
github.com/kmlixh/gom/v4/factory/mysql/factory.go:97.19,98.14 1 0
github.com/kmlixh/gom/v4/factory/mysql/factory.go:99.19,100.13 1 0
github.com/kmlixh/gom/v4/factory/mysql/factory.go:101.19,102.14 1 0
github.com/kmlixh/gom/v4/factory/mysql/factory.go:103.21,104.16 1 0
github.com/kmlixh/gom/v4/factory/mysql/factory.go:105.24,106.20 1 0
github.com/kmlixh/gom/v4/factory/mysql/factory.go:107.19,108.14 1 0
github.com/kmlixh/gom/v4/factory/mysql/factory.go:109.22,110.18 1 0
github.com/kmlixh/gom/v4/factory/mysql/factory.go:111.23,112.19 1 0
github.com/kmlixh/gom/v4/factory/mysql/factory.go:113.26,114.23 1 0
github.com/kmlixh/gom/v4/factory/mysql/factory.go:115.24,116.19 1 0
github.com/kmlixh/gom/v4/factory/mysql/factory.go:117.27,118.23 1 0
github.com/kmlixh/gom/v4/factory/mysql/factory.go:119.10,120.13 1 0
github.com/kmlixh/gom/v4/factory/mysql/factory.go:124.82,125.17 1 0
github.com/kmlixh/gom/v4/factory/mysql/factory.go:125.17,127.3 1 0
github.com/kmlixh/gom/v4/factory/mysql/factory.go:129.2,129.21 1 0
github.com/kmlixh/gom/v4/factory/mysql/factory.go:129.21,132.41 3 0
github.com/kmlixh/gom/v4/factory/mysql/factory.go:132.41,133.22 1 0
github.com/kmlixh/gom/v4/factory/mysql/factory.go:133.22,134.13 1 0
github.com/kmlixh/gom/v4/factory/mysql/factory.go:136.4,137.20 2 0
github.com/kmlixh/gom/v4/factory/mysql/factory.go:137.20,140.5 2 0
github.com/kmlixh/gom/v4/factory/mysql/factory.go:142.3,142.29 1 0
github.com/kmlixh/gom/v4/factory/mysql/factory.go:142.29,144.4 1 0
github.com/kmlixh/gom/v4/factory/mysql/factory.go:145.3,145.17 1 0
github.com/kmlixh/gom/v4/factory/mysql/factory.go:148.2,148.22 1 0
github.com/kmlixh/gom/v4/factory/mysql/factory.go:148.22,150.3 1 0
github.com/kmlixh/gom/v4/factory/mysql/factory.go:153.2,153.32 1 0
github.com/kmlixh/gom/v4/factory/mysql/factory.go:153.32,154.51 1 0
github.com/kmlixh/gom/v4/factory/mysql/factory.go:154.51,156.4 1 0
github.com/kmlixh/gom/v4/factory/mysql/factory.go:157.3,157.47 1 0
github.com/kmlixh/gom/v4/factory/mysql/factory.go:160.2,164.17 4 0
github.com/kmlixh/gom/v4/factory/mysql/factory.go:165.35,166.51 1 0
github.com/kmlixh/gom/v4/factory/mysql/factory.go:166.51,168.26 2 0
github.com/kmlixh/gom/v4/factory/mysql/factory.go:168.26,170.5 1 0
github.com/kmlixh/gom/v4/factory/mysql/factory.go:171.4,172.17 2 0
github.com/kmlixh/gom/v4/factory/mysql/factory.go:174.43,175.51 1 0
github.com/kmlixh/gom/v4/factory/mysql/factory.go:176.45,177.71 1 0
github.com/kmlixh/gom/v4/factory/mysql/factory.go:177.71,180.4 2 0
github.com/kmlixh/gom/v4/factory/mysql/factory.go:181.10,183.35 2 0
github.com/kmlixh/gom/v4/factory/mysql/factory.go:186.2,186.19 1 0
github.com/kmlixh/gom/v4/factory/mysql/factory.go:186.19,188.3 1 0
github.com/kmlixh/gom/v4/factory/mysql/factory.go:191.2,191.28 1 0
github.com/kmlixh/gom/v4/factory/mysql/factory.go:191.28,195.41 4 0
github.com/kmlixh/gom/v4/factory/mysql/factory.go:195.41,196.22 1 0
github.com/kmlixh/gom/v4/factory/mysql/factory.go:196.22,197.13 1 0
github.com/kmlixh/gom/v4/factory/mysql/factory.go:199.4,200.20 2 0
github.com/kmlixh/gom/v4/factory/mysql/factory.go:200.20,201.42 1 0
github.com/kmlixh/gom/v4/factory/mysql/factory.go:201.42,204.6 2 0
github.com/kmlixh/gom/v4/factory/mysql/factory.go:204.11,206.6 1 0
github.com/kmlixh/gom/v4/factory/mysql/factory.go:207.5,207.36 1 0
github.com/kmlixh/gom/v4/factory/mysql/factory.go:210.3,210.29 1 0
github.com/kmlixh/gom/v4/factory/mysql/factory.go:210.29,211.13 1 0
github.com/kmlixh/gom/v4/factory/mysql/factory.go:211.13,213.5 1 0
github.com/kmlixh/gom/v4/factory/mysql/factory.go:214.4,214.49 1 0
github.com/kmlixh/gom/v4/factory/mysql/factory.go:218.2,218.22 1 0
github.com/kmlixh/gom/v4/factory/mysql/factory.go:222.160,223.17 1 0
github.com/kmlixh/gom/v4/factory/mysql/factory.go:223.17,225.3 1 0
github.com/kmlixh/gom/v4/factory/mysql/factory.go:227.2,232.22 4 0
github.com/kmlixh/gom/v4/factory/mysql/factory.go:232.22,234.3 1 0
github.com/kmlixh/gom/v4/factory/mysql/factory.go:234.8,236.32 2 0
github.com/kmlixh/gom/v4/factory/mysql/factory.go:236.32,237.144 1 0
github.com/kmlixh/gom/v4/factory/mysql/factory.go:237.144,239.5 1 0
github.com/kmlixh/gom/v4/factory/mysql/factory.go:239.10,241.5 1 0
github.com/kmlixh/gom/v4/factory/mysql/factory.go:243.3,243.50 1 0
github.com/kmlixh/gom/v4/factory/mysql/factory.go:247.2,247.25 1 0
github.com/kmlixh/gom/v4/factory/mysql/factory.go:247.25,248.35 1 0
github.com/kmlixh/gom/v4/factory/mysql/factory.go:248.35,249.19 1 0
github.com/kmlixh/gom/v4/factory/mysql/factory.go:249.19,251.18 2 0
github.com/kmlixh/gom/v4/factory/mysql/factory.go:251.18,252.59 1 0
github.com/kmlixh/gom/v4/factory/mysql/factory.go:252.59,253.15 1 0
github.com/kmlixh/gom/v4/factory/mysql/factory.go:255.6,256.38 2 0
github.com/kmlixh/gom/v4/factory/mysql/factory.go:263.2,264.20 2 0
github.com/kmlixh/gom/v4/factory/mysql/factory.go:264.20,266.3 1 0
github.com/kmlixh/gom/v4/factory/mysql/factory.go:269.2,271.31 3 0
github.com/kmlixh/gom/v4/factory/mysql/factory.go:271.31,272.60 1 0
github.com/kmlixh/gom/v4/factory/mysql/factory.go:272.60,274.4 1 0
github.com/kmlixh/gom/v4/factory/mysql/factory.go:274.9,274.65 1 0
github.com/kmlixh/gom/v4/factory/mysql/factory.go:274.65,276.4 1 0
github.com/kmlixh/gom/v4/factory/mysql/factory.go:280.2,280.25 1 0
github.com/kmlixh/gom/v4/factory/mysql/factory.go:280.25,282.3 1 0
github.com/kmlixh/gom/v4/factory/mysql/factory.go:285.2,285.24 1 0
github.com/kmlixh/gom/v4/factory/mysql/factory.go:285.24,287.3 1 0
github.com/kmlixh/gom/v4/factory/mysql/factory.go:290.2,290.19 1 0
github.com/kmlixh/gom/v4/factory/mysql/factory.go:290.19,291.63 1 0
github.com/kmlixh/gom/v4/factory/mysql/factory.go:291.63,293.4 1 0
github.com/kmlixh/gom/v4/factory/mysql/factory.go:293.9,295.4 1 0
github.com/kmlixh/gom/v4/factory/mysql/factory.go:299.2,299.15 1 0
github.com/kmlixh/gom/v4/factory/mysql/factory.go:299.15,301.17 2 0
github.com/kmlixh/gom/v4/factory/mysql/factory.go:301.17,303.4 1 0
github.com/kmlixh/gom/v4/factory/mysql/factory.go:306.2,306.25 1 0
github.com/kmlixh/gom/v4/factory/mysql/factory.go:310.153,319.35 5 0
github.com/kmlixh/gom/v4/factory/mysql/factory.go:319.35,320.37 1 0
github.com/kmlixh/gom/v4/factory/mysql/factory.go:320.37,324.4 3 0
github.com/kmlixh/gom/v4/factory/mysql/factory.go:328.2,328.35 1 0
github.com/kmlixh/gom/v4/factory/mysql/factory.go:328.35,329.25 1 0
github.com/kmlixh/gom/v4/factory/mysql/factory.go:329.25,332.4 2 0
github.com/kmlixh/gom/v4/factory/mysql/factory.go:335.2,335.28 1 0
github.com/kmlixh/gom/v4/factory/mysql/factory.go:335.28,338.3 1 0
github.com/kmlixh/gom/v4/factory/mysql/factory.go:340.2,343.49 2 0
github.com/kmlixh/gom/v4/factory/mysql/factory.go:343.49,346.35 3 0
github.com/kmlixh/gom/v4/factory/mysql/factory.go:346.35,347.19 1 0
github.com/kmlixh/gom/v4/factory/mysql/factory.go:347.19,348.13 1 0
github.com/kmlixh/gom/v4/factory/mysql/factory.go:350.4,351.21 2 0
github.com/kmlixh/gom/v4/factory/mysql/factory.go:351.21,352.14 1 0
github.com/kmlixh/gom/v4/factory/mysql/factory.go:352.14,353.40 1 0
github.com/kmlixh/gom/v4/factory/mysql/factory.go:353.40,355.7 1 0
github.com/kmlixh/gom/v4/factory/mysql/factory.go:355.12,357.7 1 0
github.com/kmlixh/gom/v4/factory/mysql/factory.go:359.5,360.37 2 0
github.com/kmlixh/gom/v4/factory/mysql/factory.go:363.3,363.27 1 0
github.com/kmlixh/gom/v4/factory/mysql/factory.go:363.27,365.4 1 0
github.com/kmlixh/gom/v4/factory/mysql/factory.go:368.2,368.20 1 0
github.com/kmlixh/gom/v4/factory/mysql/factory.go:372.121,373.22 1 0
github.com/kmlixh/gom/v4/factory/mysql/factory.go:373.22,375.3 1 0
github.com/kmlixh/gom/v4/factory/mysql/factory.go:377.2,383.35 5 0
github.com/kmlixh/gom/v4/factory/mysql/factory.go:383.35,384.37 1 0
github.com/kmlixh/gom/v4/factory/mysql/factory.go:384.37,389.4 4 0
github.com/kmlixh/gom/v4/factory/mysql/factory.go:393.2,393.35 1 0
github.com/kmlixh/gom/v4/factory/mysql/factory.go:393.35,394.25 1 0
github.com/kmlixh/gom/v4/factory/mysql/factory.go:394.25,398.4 3 0
github.com/kmlixh/gom/v4/factory/mysql/factory.go:401.2,406.20 2 0
github.com/kmlixh/gom/v4/factory/mysql/factory.go:410.107,411.22 1 0
github.com/kmlixh/gom/v4/factory/mysql/factory.go:411.22,413.3 1 0
github.com/kmlixh/gom/v4/factory/mysql/factory.go:416.2,417.31 2 0
github.com/kmlixh/gom/v4/factory/mysql/factory.go:417.31,419.3 1 0
github.com/kmlixh/gom/v4/factory/mysql/factory.go:420.2,424.35 3 0
github.com/kmlixh/gom/v4/factory/mysql/factory.go:424.35,426.3 1 0
github.com/kmlixh/gom/v4/factory/mysql/factory.go:428.2,432.29 3 0
github.com/kmlixh/gom/v4/factory/mysql/factory.go:432.29,434.36 2 0
github.com/kmlixh/gom/v4/factory/mysql/factory.go:434.36,437.4 2 0
github.com/kmlixh/gom/v4/factory/mysql/factory.go:438.3,438.93 1 0
github.com/kmlixh/gom/v4/factory/mysql/factory.go:441.2,448.20 2 0
github.com/kmlixh/gom/v4/factory/mysql/factory.go:452.101,456.25 3 0
github.com/kmlixh/gom/v4/factory/mysql/factory.go:456.25,459.35 3 0
github.com/kmlixh/gom/v4/factory/mysql/factory.go:459.35,461.21 2 0
github.com/kmlixh/gom/v4/factory/mysql/factory.go:461.21,462.48 1 0
github.com/kmlixh/gom/v4/factory/mysql/factory.go:462.48,464.6 1 0
github.com/kmlixh/gom/v4/factory/mysql/factory.go:464.11,464.21 1 0
github.com/kmlixh/gom/v4/factory/mysql/factory.go:464.21,466.6 1 0
github.com/kmlixh/gom/v4/factory/mysql/factory.go:466.11,468.6 1 0
github.com/kmlixh/gom/v4/factory/mysql/factory.go:469.5,469.37 1 0
github.com/kmlixh/gom/v4/factory/mysql/factory.go:472.3,472.42 1 0
github.com/kmlixh/gom/v4/factory/mysql/factory.go:475.2,475.20 1 0
github.com/kmlixh/gom/v4/factory/mysql/factory.go:479.81,480.37 1 0
github.com/kmlixh/gom/v4/factory/mysql/factory.go:480.37,482.3 1 0
github.com/kmlixh/gom/v4/factory/mysql/factory.go:484.2,485.44 2 0
github.com/kmlixh/gom/v4/factory/mysql/factory.go:485.44,488.20 3 0
github.com/kmlixh/gom/v4/factory/mysql/factory.go:488.20,489.12 1 0
github.com/kmlixh/gom/v4/factory/mysql/factory.go:493.3,494.22 2 0
github.com/kmlixh/gom/v4/factory/mysql/factory.go:494.22,496.4 1 0
github.com/kmlixh/gom/v4/factory/mysql/factory.go:497.3,497.39 1 0
github.com/kmlixh/gom/v4/factory/mysql/factory.go:497.39,499.4 1 0
github.com/kmlixh/gom/v4/factory/mysql/factory.go:500.3,500.23 1 0
github.com/kmlixh/gom/v4/factory/mysql/factory.go:500.23,501.12 1 0
github.com/kmlixh/gom/v4/factory/mysql/factory.go:504.3,507.20 2 0
github.com/kmlixh/gom/v4/factory/mysql/factory.go:508.13,510.12 2 0
github.com/kmlixh/gom/v4/factory/mysql/factory.go:511.21,513.12 2 0
github.com/kmlixh/gom/v4/factory/mysql/factory.go:514.21,516.12 2 0
github.com/kmlixh/gom/v4/factory/mysql/factory.go:517.21,519.12 2 0
github.com/kmlixh/gom/v4/factory/mysql/factory.go:523.3,523.28 1 0
github.com/kmlixh/gom/v4/factory/mysql/factory.go:524.64,525.26 1 0
github.com/kmlixh/gom/v4/factory/mysql/factory.go:526.22,527.25 1 0
github.com/kmlixh/gom/v4/factory/mysql/factory.go:528.68,529.35 1 0
github.com/kmlixh/gom/v4/factory/mysql/factory.go:530.23,531.34 1 0
github.com/kmlixh/gom/v4/factory/mysql/factory.go:532.24,533.24 1 0
github.com/kmlixh/gom/v4/factory/mysql/factory.go:534.24,535.25 1 0
github.com/kmlixh/gom/v4/factory/mysql/factory.go:536.21,537.26 1 0
github.com/kmlixh/gom/v4/factory/mysql/factory.go:538.23,539.31 1 0
github.com/kmlixh/gom/v4/factory/mysql/factory.go:540.11,541.49 1 0
github.com/kmlixh/gom/v4/factory/mysql/factory.go:541.49,543.5 1 0
github.com/kmlixh/gom/v4/factory/mysql/factory.go:543.10,545.5 1 0
github.com/kmlixh/gom/v4/factory/mysql/factory.go:549.3,549.39 1 0
github.com/kmlixh/gom/v4/factory/mysql/factory.go:549.39,551.4 1 0
github.com/kmlixh/gom/v4/factory/mysql/factory.go:554.3,554.19 1 0
github.com/kmlixh/gom/v4/factory/mysql/factory.go:554.19,556.4 1 0
github.com/kmlixh/gom/v4/factory/mysql/factory.go:558.3,558.36 1 0
github.com/kmlixh/gom/v4/factory/mysql/factory.go:561.2,565.14 4 0
github.com/kmlixh/gom/v4/factory/mysql/factory.go:569.89,570.15 1 0
github.com/kmlixh/gom/v4/factory/mysql/factory.go:570.15,572.3 1 0
github.com/kmlixh/gom/v4/factory/mysql/factory.go:575.2,582.72 3 0
github.com/kmlixh/gom/v4/factory/mysql/factory.go:582.72,584.3 1 0
github.com/kmlixh/gom/v4/factory/mysql/factory.go:587.2,604.16 2 0
github.com/kmlixh/gom/v4/factory/mysql/factory.go:604.16,606.3 1 0
github.com/kmlixh/gom/v4/factory/mysql/factory.go:607.2,616.18 8 0
github.com/kmlixh/gom/v4/factory/mysql/factory.go:616.18,634.17 6 0
github.com/kmlixh/gom/v4/factory/mysql/factory.go:634.17,636.4 1 0
github.com/kmlixh/gom/v4/factory/mysql/factory.go:639.3,643.29 3 0
github.com/kmlixh/gom/v4/factory/mysql/factory.go:643.29,645.4 1 0
github.com/kmlixh/gom/v4/factory/mysql/factory.go:646.3,646.25 1 0
github.com/kmlixh/gom/v4/factory/mysql/factory.go:646.25,648.4 1 0
github.com/kmlixh/gom/v4/factory/mysql/factory.go:649.3,652.25 4 0
github.com/kmlixh/gom/v4/factory/mysql/factory.go:652.25,654.4 1 0
github.com/kmlixh/gom/v4/factory/mysql/factory.go:655.3,658.40 2 0
github.com/kmlixh/gom/v4/factory/mysql/factory.go:659.29,660.21 1 0
github.com/kmlixh/gom/v4/factory/mysql/factory.go:661.15,662.18 1 0
github.com/kmlixh/gom/v4/factory/mysql/factory.go:663.15,664.16 1 0
github.com/kmlixh/gom/v4/factory/mysql/factory.go:665.40,666.18 1 0
github.com/kmlixh/gom/v4/factory/mysql/factory.go:669.3,669.23 1 0
github.com/kmlixh/gom/v4/factory/mysql/factory.go:669.23,671.4 1 0
github.com/kmlixh/gom/v4/factory/mysql/factory.go:673.3,673.33 1 0
github.com/kmlixh/gom/v4/factory/mysql/factory.go:676.2,676.34 1 0
github.com/kmlixh/gom/v4/factory/mysql/factory.go:676.34,678.3 1 0
github.com/kmlixh/gom/v4/factory/mysql/factory.go:680.2,689.8 1 0
github.com/kmlixh/gom/v4/factory/mysql/factory.go:693.46,694.36 1 0
github.com/kmlixh/gom/v4/factory/mysql/factory.go:695.60,696.17 1 0
github.com/kmlixh/gom/v4/factory/mysql/factory.go:697.16,698.17 1 0
github.com/kmlixh/gom/v4/factory/mysql/factory.go:699.47,700.19 1 0
github.com/kmlixh/gom/v4/factory/mysql/factory.go:701.71,702.18 1 0
github.com/kmlixh/gom/v4/factory/mysql/factory.go:703.39,704.21 1 0
github.com/kmlixh/gom/v4/factory/mysql/factory.go:705.75,706.18 1 0
github.com/kmlixh/gom/v4/factory/mysql/factory.go:707.32,708.16 1 0
github.com/kmlixh/gom/v4/factory/mysql/factory.go:709.10,710.18 1 0
github.com/kmlixh/gom/v4/factory/mysql/factory.go:715.75,716.15 1 0
github.com/kmlixh/gom/v4/factory/mysql/factory.go:716.15,718.3 1 0
github.com/kmlixh/gom/v4/factory/mysql/factory.go:721.2,723.16 3 0
github.com/kmlixh/gom/v4/factory/mysql/factory.go:723.16,725.3 1 0
github.com/kmlixh/gom/v4/factory/mysql/factory.go:728.2,731.55 3 0
github.com/kmlixh/gom/v4/factory/mysql/factory.go:731.55,734.3 2 0
github.com/kmlixh/gom/v4/factory/mysql/factory.go:737.2,738.16 2 0
github.com/kmlixh/gom/v4/factory/mysql/factory.go:738.16,740.3 1 0
github.com/kmlixh/gom/v4/factory/mysql/factory.go:741.2,744.18 3 0
github.com/kmlixh/gom/v4/factory/mysql/factory.go:744.18,746.47 2 0
github.com/kmlixh/gom/v4/factory/mysql/factory.go:746.47,748.4 1 0
github.com/kmlixh/gom/v4/factory/mysql/factory.go:749.3,749.37 1 0
github.com/kmlixh/gom/v4/factory/mysql/factory.go:752.2,752.34 1 0
github.com/kmlixh/gom/v4/factory/mysql/factory.go:752.34,754.3 1 0
github.com/kmlixh/gom/v4/factory/mysql/factory.go:756.2,756.20 1 0
github.com/kmlixh/gom/v4/factory/mysql/factory.go:760.64,761.22 1 0
github.com/kmlixh/gom/v4/factory/mysql/factory.go:761.22,763.3 1 0
github.com/kmlixh/gom/v4/factory/mysql/factory.go:765.2,766.31 2 0
github.com/kmlixh/gom/v4/factory/mysql/factory.go:766.31,768.37 2 0
github.com/kmlixh/gom/v4/factory/mysql/factory.go:768.37,770.4 1 0
github.com/kmlixh/gom/v4/factory/mysql/factory.go:770.9,772.4 1 0
github.com/kmlixh/gom/v4/factory/mysql/factory.go:773.3,773.30 1 0
github.com/kmlixh/gom/v4/factory/mysql/factory.go:776.2,776.48 1 0
github.com/kmlixh/gom/v4/factory/mysql/factory.go:780.108,783.16 2 0
github.com/kmlixh/gom/v4/factory/mysql/factory.go:783.16,785.3 1 0
github.com/kmlixh/gom/v4/factory/mysql/factory.go:788.2,791.26 4 0
github.com/kmlixh/gom/v4/factory/mysql/factory.go:791.26,793.3 1 0
github.com/kmlixh/gom/v4/factory/mysql/factory.go:794.2,794.23 1 0
github.com/kmlixh/gom/v4/factory/mysql/factory.go:794.23,796.3 1 0
github.com/kmlixh/gom/v4/factory/mysql/factory.go:797.2,802.34 4 0
github.com/kmlixh/gom/v4/factory/mysql/factory.go:802.34,804.3 1 0
github.com/kmlixh/gom/v4/factory/mysql/factory.go:805.2,808.40 2 0
github.com/kmlixh/gom/v4/factory/mysql/factory.go:808.40,810.24 1 0
github.com/kmlixh/gom/v4/factory/mysql/factory.go:810.24,812.4 1 0
github.com/kmlixh/gom/v4/factory/mysql/factory.go:815.3,819.87 3 0
github.com/kmlixh/gom/v4/factory/mysql/factory.go:821.2,824.53 2 0
github.com/kmlixh/gom/v4/factory/mysql/factory.go:824.53,826.3 1 0
github.com/kmlixh/gom/v4/factory/mysql/factory.go:829.2,830.76 2 0
github.com/kmlixh/gom/v4/factory/mysql/factory.go:830.76,832.3 1 0
github.com/kmlixh/gom/v4/factory/mysql/factory.go:834.2,834.12 1 0
github.com/kmlixh/gom/v4/factory/mysql/factory.go:838.73,839.39 1 0
github.com/kmlixh/gom/v4/factory/mysql/factory.go:840.60,841.21 1 0
github.com/kmlixh/gom/v4/factory/mysql/factory.go:841.21,843.4 1 0
github.com/kmlixh/gom/v4/factory/mysql/factory.go:844.3,844.34 1 0
github.com/kmlixh/gom/v4/factory/mysql/factory.go:845.16,846.21 1 0
github.com/kmlixh/gom/v4/factory/mysql/factory.go:846.21,848.4 1 0
github.com/kmlixh/gom/v4/factory/mysql/factory.go:849.3,849.34 1 0
github.com/kmlixh/gom/v4/factory/mysql/factory.go:850.47,851.21 1 0
github.com/kmlixh/gom/v4/factory/mysql/factory.go:851.21,853.4 1 0
github.com/kmlixh/gom/v4/factory/mysql/factory.go:854.3,854.36 1 0
github.com/kmlixh/gom/v4/factory/mysql/factory.go:855.71,856.21 1 0
github.com/kmlixh/gom/v4/factory/mysql/factory.go:856.21,858.4 1 0
github.com/kmlixh/gom/v4/factory/mysql/factory.go:859.3,859.28 1 0
github.com/kmlixh/gom/v4/factory/mysql/factory.go:860.39,861.21 1 0
github.com/kmlixh/gom/v4/factory/mysql/factory.go:861.21,863.4 1 0
github.com/kmlixh/gom/v4/factory/mysql/factory.go:864.3,864.37 1 0
github.com/kmlixh/gom/v4/factory/mysql/factory.go:865.75,866.34 1 0
github.com/kmlixh/gom/v4/factory/mysql/factory.go:867.32,868.21 1 0
github.com/kmlixh/gom/v4/factory/mysql/factory.go:868.21,870.4 1 0
github.com/kmlixh/gom/v4/factory/mysql/factory.go:871.3,871.31 1 0
github.com/kmlixh/gom/v4/factory/mysql/factory.go:872.10,873.21 1 0
github.com/kmlixh/gom/v4/factory/mysql/factory.go:873.21,875.4 1 0
github.com/kmlixh/gom/v4/factory/mysql/factory.go:876.3,876.28 1 0
github.com/kmlixh/gom/v4/factory/postgres/factory.go:20.36,22.2 1 0
github.com/kmlixh/gom/v4/factory/postgres/factory.go:24.13,26.2 1 0
github.com/kmlixh/gom/v4/factory/postgres/factory.go:28.24,30.2 1 0
github.com/kmlixh/gom/v4/factory/postgres/factory.go:32.56,34.16 2 0
github.com/kmlixh/gom/v4/factory/postgres/factory.go:34.16,36.3 1 0
github.com/kmlixh/gom/v4/factory/postgres/factory.go:37.2,37.34 1 0
github.com/kmlixh/gom/v4/factory/postgres/factory.go:37.34,40.3 2 0
github.com/kmlixh/gom/v4/factory/postgres/factory.go:41.2,41.16 1 0
github.com/kmlixh/gom/v4/factory/postgres/factory.go:45.56,46.12 1 0
github.com/kmlixh/gom/v4/factory/postgres/factory.go:47.19,48.13 1 0
github.com/kmlixh/gom/v4/factory/postgres/factory.go:49.19,50.14 1 0
github.com/kmlixh/gom/v4/factory/postgres/factory.go:51.19,52.13 1 0
github.com/kmlixh/gom/v4/factory/postgres/factory.go:53.19,54.14 1 0
github.com/kmlixh/gom/v4/factory/postgres/factory.go:55.19,56.13 1 0
github.com/kmlixh/gom/v4/factory/postgres/factory.go:57.19,58.14 1 0
github.com/kmlixh/gom/v4/factory/postgres/factory.go:59.21,60.16 1 0
github.com/kmlixh/gom/v4/factory/postgres/factory.go:61.24,62.20 1 0
github.com/kmlixh/gom/v4/factory/postgres/factory.go:63.19,64.14 1 0
github.com/kmlixh/gom/v4/factory/postgres/factory.go:65.22,66.18 1 0
github.com/kmlixh/gom/v4/factory/postgres/factory.go:67.23,68.19 1 0
github.com/kmlixh/gom/v4/factory/postgres/factory.go:69.26,70.23 1 0
github.com/kmlixh/gom/v4/factory/postgres/factory.go:71.24,72.19 1 0
github.com/kmlixh/gom/v4/factory/postgres/factory.go:73.27,74.23 1 0
github.com/kmlixh/gom/v4/factory/postgres/factory.go:75.10,76.13 1 0
github.com/kmlixh/gom/v4/factory/postgres/factory.go:81.103,82.17 1 0
github.com/kmlixh/gom/v4/factory/postgres/factory.go:82.17,84.3 1 0
github.com/kmlixh/gom/v4/factory/postgres/factory.go:86.2,91.22 4 0
github.com/kmlixh/gom/v4/factory/postgres/factory.go:91.22,93.16 2 0
github.com/kmlixh/gom/v4/factory/postgres/factory.go:93.16,97.4 3 0
github.com/kmlixh/gom/v4/factory/postgres/factory.go:101.2,101.28 1 0
github.com/kmlixh/gom/v4/factory/postgres/factory.go:101.28,102.41 1 0
github.com/kmlixh/gom/v4/factory/postgres/factory.go:102.41,104.20 2 0
github.com/kmlixh/gom/v4/factory/postgres/factory.go:104.20,105.26 1 0
github.com/kmlixh/gom/v4/factory/postgres/factory.go:105.26,106.43 1 0
github.com/kmlixh/gom/v4/factory/postgres/factory.go:106.43,108.7 1 0
github.com/kmlixh/gom/v4/factory/postgres/factory.go:108.12,110.7 1 0
github.com/kmlixh/gom/v4/factory/postgres/factory.go:112.5,112.78 1 0
github.com/kmlixh/gom/v4/factory/postgres/factory.go:112.78,113.41 1 0
github.com/kmlixh/gom/v4/factory/postgres/factory.go:113.41,115.7 1 0
github.com/kmlixh/gom/v4/factory/postgres/factory.go:117.5,119.37 3 0
github.com/kmlixh/gom/v4/factory/postgres/factory.go:124.2,124.23 1 0
github.com/kmlixh/gom/v4/factory/postgres/factory.go:124.23,125.22 1 0
github.com/kmlixh/gom/v4/factory/postgres/factory.go:125.22,127.4 1 0
github.com/kmlixh/gom/v4/factory/postgres/factory.go:128.3,128.43 1 0
github.com/kmlixh/gom/v4/factory/postgres/factory.go:130.2,130.16 1 0
github.com/kmlixh/gom/v4/factory/postgres/factory.go:155.85,158.15 3 0
github.com/kmlixh/gom/v4/factory/postgres/factory.go:158.15,160.3 1 0
github.com/kmlixh/gom/v4/factory/postgres/factory.go:161.2,162.18 2 0
github.com/kmlixh/gom/v4/factory/postgres/factory.go:162.18,164.3 1 0
github.com/kmlixh/gom/v4/factory/postgres/factory.go:165.2,166.15 2 0
github.com/kmlixh/gom/v4/factory/postgres/factory.go:166.15,168.3 1 0
github.com/kmlixh/gom/v4/factory/postgres/factory.go:169.2,169.49 1 0
github.com/kmlixh/gom/v4/factory/postgres/factory.go:169.49,171.3 1 0
github.com/kmlixh/gom/v4/factory/postgres/factory.go:172.2,174.18 3 0
github.com/kmlixh/gom/v4/factory/postgres/factory.go:174.18,181.16 7 0
github.com/kmlixh/gom/v4/factory/postgres/factory.go:181.16,183.4 1 0
github.com/kmlixh/gom/v4/factory/postgres/factory.go:183.9,185.4 1 0
github.com/kmlixh/gom/v4/factory/postgres/factory.go:187.2,188.21 2 0
github.com/kmlixh/gom/v4/factory/postgres/factory.go:193.109,194.37 1 0
github.com/kmlixh/gom/v4/factory/postgres/factory.go:194.37,196.3 1 0
github.com/kmlixh/gom/v4/factory/postgres/factory.go:198.2,201.17 3 0
github.com/kmlixh/gom/v4/factory/postgres/factory.go:202.35,203.70 1 0
github.com/kmlixh/gom/v4/factory/postgres/factory.go:203.70,205.26 2 0
github.com/kmlixh/gom/v4/factory/postgres/factory.go:205.26,207.5 1 0
github.com/kmlixh/gom/v4/factory/postgres/factory.go:208.4,208.89 1 0
github.com/kmlixh/gom/v4/factory/postgres/factory.go:210.3,210.17 1 0
github.com/kmlixh/gom/v4/factory/postgres/factory.go:211.43,212.46 1 0
github.com/kmlixh/gom/v4/factory/postgres/factory.go:213.45,214.71 1 0
github.com/kmlixh/gom/v4/factory/postgres/factory.go:214.71,216.4 1 0
github.com/kmlixh/gom/v4/factory/postgres/factory.go:217.3,217.17 1 0
github.com/kmlixh/gom/v4/factory/postgres/factory.go:218.10,219.89 1 0
github.com/kmlixh/gom/v4/factory/postgres/factory.go:224.61,226.29 2 0
github.com/kmlixh/gom/v4/factory/postgres/factory.go:226.29,227.18 1 0
github.com/kmlixh/gom/v4/factory/postgres/factory.go:227.18,229.4 1 0
github.com/kmlixh/gom/v4/factory/postgres/factory.go:231.2,231.33 1 0
github.com/kmlixh/gom/v4/factory/postgres/factory.go:235.160,236.17 1 0
github.com/kmlixh/gom/v4/factory/postgres/factory.go:236.17,238.3 1 0
github.com/kmlixh/gom/v4/factory/postgres/factory.go:240.2,244.21 3 0
github.com/kmlixh/gom/v4/factory/postgres/factory.go:244.21,246.32 2 0
github.com/kmlixh/gom/v4/factory/postgres/factory.go:246.32,247.68 1 0
github.com/kmlixh/gom/v4/factory/postgres/factory.go:247.68,250.5 1 0
github.com/kmlixh/gom/v4/factory/postgres/factory.go:250.10,250.27 1 0
github.com/kmlixh/gom/v4/factory/postgres/factory.go:250.27,252.5 1 0
github.com/kmlixh/gom/v4/factory/postgres/factory.go:252.10,254.5 1 0
github.com/kmlixh/gom/v4/factory/postgres/factory.go:256.3,256.44 1 0
github.com/kmlixh/gom/v4/factory/postgres/factory.go:257.8,259.3 1 0
github.com/kmlixh/gom/v4/factory/postgres/factory.go:262.2,265.25 2 0
github.com/kmlixh/gom/v4/factory/postgres/factory.go:265.25,269.35 4 0
github.com/kmlixh/gom/v4/factory/postgres/factory.go:269.35,270.19 1 0
github.com/kmlixh/gom/v4/factory/postgres/factory.go:270.19,271.13 1 0
github.com/kmlixh/gom/v4/factory/postgres/factory.go:273.4,274.21 2 0
github.com/kmlixh/gom/v4/factory/postgres/factory.go:274.21,275.45 1 0
github.com/kmlixh/gom/v4/factory/postgres/factory.go:275.45,277.14 1 0
github.com/kmlixh/gom/v4/factory/postgres/factory.go:279.5,279.33 1 0
github.com/kmlixh/gom/v4/factory/postgres/factory.go:279.33,280.40 1 0
github.com/kmlixh/gom/v4/factory/postgres/factory.go:280.40,283.7 2 0
github.com/kmlixh/gom/v4/factory/postgres/factory.go:283.12,285.7 1 0
github.com/kmlixh/gom/v4/factory/postgres/factory.go:286.11,288.6 1 0
github.com/kmlixh/gom/v4/factory/postgres/factory.go:289.5,290.32 2 0
github.com/kmlixh/gom/v4/factory/postgres/factory.go:293.3,293.31 1 0
github.com/kmlixh/gom/v4/factory/postgres/factory.go:293.31,294.13 1 0
github.com/kmlixh/gom/v4/factory/postgres/factory.go:294.13,296.5 1 0
github.com/kmlixh/gom/v4/factory/postgres/factory.go:296.10,298.5 1 0
github.com/kmlixh/gom/v4/factory/postgres/factory.go:303.2,303.19 1 0
github.com/kmlixh/gom/v4/factory/postgres/factory.go:303.19,304.63 1 0
github.com/kmlixh/gom/v4/factory/postgres/factory.go:304.63,306.4 1 0
github.com/kmlixh/gom/v4/factory/postgres/factory.go:306.9,308.4 1 0
github.com/kmlixh/gom/v4/factory/postgres/factory.go:312.2,312.15 1 0
github.com/kmlixh/gom/v4/factory/postgres/factory.go:312.15,314.17 2 0
github.com/kmlixh/gom/v4/factory/postgres/factory.go:314.17,316.4 1 0
github.com/kmlixh/gom/v4/factory/postgres/factory.go:319.2,319.25 1 0
github.com/kmlixh/gom/v4/factory/postgres/factory.go:323.153,332.35 5 0
github.com/kmlixh/gom/v4/factory/postgres/factory.go:332.35,333.37 1 0
github.com/kmlixh/gom/v4/factory/postgres/factory.go:333.37,337.4 3 0
github.com/kmlixh/gom/v4/factory/postgres/factory.go:341.2,341.35 1 0
github.com/kmlixh/gom/v4/factory/postgres/factory.go:341.35,342.25 1 0
github.com/kmlixh/gom/v4/factory/postgres/factory.go:342.25,345.4 2 0
github.com/kmlixh/gom/v4/factory/postgres/factory.go:348.2,348.28 1 0
github.com/kmlixh/gom/v4/factory/postgres/factory.go:348.28,351.3 1 0
github.com/kmlixh/gom/v4/factory/postgres/factory.go:353.2,356.49 2 0
github.com/kmlixh/gom/v4/factory/postgres/factory.go:356.49,360.35 4 0
github.com/kmlixh/gom/v4/factory/postgres/factory.go:360.35,361.19 1 0
github.com/kmlixh/gom/v4/factory/postgres/factory.go:361.19,362.13 1 0
github.com/kmlixh/gom/v4/factory/postgres/factory.go:364.4,365.21 2 0
github.com/kmlixh/gom/v4/factory/postgres/factory.go:365.21,366.14 1 0
github.com/kmlixh/gom/v4/factory/postgres/factory.go:366.14,367.40 1 0
github.com/kmlixh/gom/v4/factory/postgres/factory.go:367.40,369.7 1 0
github.com/kmlixh/gom/v4/factory/postgres/factory.go:369.12,371.7 1 0
github.com/kmlixh/gom/v4/factory/postgres/factory.go:373.5,375.39 3 0
github.com/kmlixh/gom/v4/factory/postgres/factory.go:378.3,378.27 1 0
github.com/kmlixh/gom/v4/factory/postgres/factory.go:378.27,380.4 1 0
github.com/kmlixh/gom/v4/factory/postgres/factory.go:383.2,383.20 1 0
github.com/kmlixh/gom/v4/factory/postgres/factory.go:387.121,388.22 1 0
github.com/kmlixh/gom/v4/factory/postgres/factory.go:388.22,390.3 1 0
github.com/kmlixh/gom/v4/factory/postgres/factory.go:393.2,399.35 5 0
github.com/kmlixh/gom/v4/factory/postgres/factory.go:399.35,400.37 1 0
github.com/kmlixh/gom/v4/factory/postgres/factory.go:400.37,405.4 4 0
github.com/kmlixh/gom/v4/factory/postgres/factory.go:409.2,409.35 1 0
github.com/kmlixh/gom/v4/factory/postgres/factory.go:409.35,410.25 1 0
github.com/kmlixh/gom/v4/factory/postgres/factory.go:410.25,414.4 3 0
github.com/kmlixh/gom/v4/factory/postgres/factory.go:417.2,422.20 2 0
github.com/kmlixh/gom/v4/factory/postgres/factory.go:426.67,428.33 2 0
github.com/kmlixh/gom/v4/factory/postgres/factory.go:428.33,430.3 1 0
github.com/kmlixh/gom/v4/factory/postgres/factory.go:431.2,431.15 1 0
github.com/kmlixh/gom/v4/factory/postgres/factory.go:435.112,436.27 1 0
github.com/kmlixh/gom/v4/factory/postgres/factory.go:436.27,438.3 1 0
github.com/kmlixh/gom/v4/factory/postgres/factory.go:441.2,442.37 2 0
github.com/kmlixh/gom/v4/factory/postgres/factory.go:442.37,443.29 1 0
github.com/kmlixh/gom/v4/factory/postgres/factory.go:443.29,445.4 1 0
github.com/kmlixh/gom/v4/factory/postgres/factory.go:449.2,450.30 2 0
github.com/kmlixh/gom/v4/factory/postgres/factory.go:450.30,452.3 1 0
github.com/kmlixh/gom/v4/factory/postgres/factory.go:453.2,459.37 4 0
github.com/kmlixh/gom/v4/factory/postgres/factory.go:459.37,461.36 2 0
github.com/kmlixh/gom/v4/factory/postgres/factory.go:461.36,462.38 1 0
github.com/kmlixh/gom/v4/factory/postgres/factory.go:462.38,465.5 2 0
github.com/kmlixh/gom/v4/factory/postgres/factory.go:465.10,467.5 1 0
github.com/kmlixh/gom/v4/factory/postgres/factory.go:469.3,469.98 1 0
github.com/kmlixh/gom/v4/factory/postgres/factory.go:472.2,477.20 2 0
github.com/kmlixh/gom/v4/factory/postgres/factory.go:481.101,486.49 3 0
github.com/kmlixh/gom/v4/factory/postgres/factory.go:486.49,490.35 4 0
github.com/kmlixh/gom/v4/factory/postgres/factory.go:490.35,491.19 1 0
github.com/kmlixh/gom/v4/factory/postgres/factory.go:491.19,492.13 1 0
github.com/kmlixh/gom/v4/factory/postgres/factory.go:494.4,495.21 2 0
github.com/kmlixh/gom/v4/factory/postgres/factory.go:495.21,496.14 1 0
github.com/kmlixh/gom/v4/factory/postgres/factory.go:496.14,497.40 1 0
github.com/kmlixh/gom/v4/factory/postgres/factory.go:497.40,499.7 1 0
github.com/kmlixh/gom/v4/factory/postgres/factory.go:499.12,501.7 1 0
github.com/kmlixh/gom/v4/factory/postgres/factory.go:503.5,505.39 3 0
github.com/kmlixh/gom/v4/factory/postgres/factory.go:508.3,508.27 1 0
github.com/kmlixh/gom/v4/factory/postgres/factory.go:508.27,510.4 1 0
github.com/kmlixh/gom/v4/factory/postgres/factory.go:513.2,513.20 1 0
github.com/kmlixh/gom/v4/factory/postgres/factory.go:517.81,520.44 2 0
github.com/kmlixh/gom/v4/factory/postgres/factory.go:520.44,523.30 3 0
github.com/kmlixh/gom/v4/factory/postgres/factory.go:523.30,524.12 1 0
github.com/kmlixh/gom/v4/factory/postgres/factory.go:527.3,532.28 5 0
github.com/kmlixh/gom/v4/factory/postgres/factory.go:533.35,534.26 1 0
github.com/kmlixh/gom/v4/factory/postgres/factory.go:535.36,536.27 1 0
github.com/kmlixh/gom/v4/factory/postgres/factory.go:537.22,538.26 1 0
github.com/kmlixh/gom/v4/factory/postgres/factory.go:538.26,540.5 1 0
github.com/kmlixh/gom/v4/factory/postgres/factory.go:540.10,542.5 1 0
github.com/kmlixh/gom/v4/factory/postgres/factory.go:543.37,544.26 1 0
github.com/kmlixh/gom/v4/factory/postgres/factory.go:545.38,546.27 1 0
github.com/kmlixh/gom/v4/factory/postgres/factory.go:547.23,548.25 1 0
github.com/kmlixh/gom/v4/factory/postgres/factory.go:549.24,550.23 1 0
github.com/kmlixh/gom/v4/factory/postgres/factory.go:551.24,552.35 1 0
github.com/kmlixh/gom/v4/factory/postgres/factory.go:553.21,554.26 1 0
github.com/kmlixh/gom/v4/factory/postgres/factory.go:555.23,556.31 1 0
github.com/kmlixh/gom/v4/factory/postgres/factory.go:557.23,558.49 1 0
github.com/kmlixh/gom/v4/factory/postgres/factory.go:558.49,560.5 1 0
github.com/kmlixh/gom/v4/factory/postgres/factory.go:561.20,562.56 1 0
github.com/kmlixh/gom/v4/factory/postgres/factory.go:562.56,564.5 1 0
github.com/kmlixh/gom/v4/factory/postgres/factory.go:567.3,571.48 3 0
github.com/kmlixh/gom/v4/factory/postgres/factory.go:571.48,572.22 1 0
github.com/kmlixh/gom/v4/factory/postgres/factory.go:573.13,574.27 1 0
github.com/kmlixh/gom/v4/factory/postgres/factory.go:574.27,576.6 1 0
github.com/kmlixh/gom/v4/factory/postgres/factory.go:577.24,579.29 2 0
github.com/kmlixh/gom/v4/factory/postgres/factory.go:580.16,581.18 1 0
github.com/kmlixh/gom/v4/factory/postgres/factory.go:582.23,583.27 1 0
github.com/kmlixh/gom/v4/factory/postgres/factory.go:584.19,585.50 1 0
github.com/kmlixh/gom/v4/factory/postgres/factory.go:585.50,587.6 1 0
github.com/kmlixh/gom/v4/factory/postgres/factory.go:591.3,591.58 1 0
github.com/kmlixh/gom/v4/factory/postgres/factory.go:591.58,593.4 1 0
github.com/kmlixh/gom/v4/factory/postgres/factory.go:595.3,595.43 1 0
github.com/kmlixh/gom/v4/factory/postgres/factory.go:599.2,608.14 7 0
github.com/kmlixh/gom/v4/factory/postgres/factory.go:612.89,613.15 1 0
github.com/kmlixh/gom/v4/factory/postgres/factory.go:613.15,615.3 1 0
github.com/kmlixh/gom/v4/factory/postgres/factory.go:618.2,620.42 3 0
github.com/kmlixh/gom/v4/factory/postgres/factory.go:620.42,622.3 1 0
github.com/kmlixh/gom/v4/factory/postgres/factory.go:625.2,633.72 3 0
github.com/kmlixh/gom/v4/factory/postgres/factory.go:633.72,635.3 1 0
github.com/kmlixh/gom/v4/factory/postgres/factory.go:638.2,661.16 2 0
github.com/kmlixh/gom/v4/factory/postgres/factory.go:661.16,663.3 1 0
github.com/kmlixh/gom/v4/factory/postgres/factory.go:664.2,672.18 7 0
github.com/kmlixh/gom/v4/factory/postgres/factory.go:672.18,690.17 7 0
github.com/kmlixh/gom/v4/factory/postgres/factory.go:690.17,692.4 1 0
github.com/kmlixh/gom/v4/factory/postgres/factory.go:695.3,698.23 2 0
github.com/kmlixh/gom/v4/factory/postgres/factory.go:698.23,700.4 1 0
github.com/kmlixh/gom/v4/factory/postgres/factory.go:700.9,700.27 1 0
github.com/kmlixh/gom/v4/factory/postgres/factory.go:700.27,702.4 1 0
github.com/kmlixh/gom/v4/factory/postgres/factory.go:705.3,705.95 1 0
github.com/kmlixh/gom/v4/factory/postgres/factory.go:705.95,706.24 1 0
github.com/kmlixh/gom/v4/factory/postgres/factory.go:706.24,711.5 4 0
github.com/kmlixh/gom/v4/factory/postgres/factory.go:714.3,717.25 4 0
github.com/kmlixh/gom/v4/factory/postgres/factory.go:717.25,719.4 1 0
github.com/kmlixh/gom/v4/factory/postgres/factory.go:720.3,720.20 1 0
github.com/kmlixh/gom/v4/factory/postgres/factory.go:720.20,722.4 1 0
github.com/kmlixh/gom/v4/factory/postgres/factory.go:725.3,725.23 1 0
github.com/kmlixh/gom/v4/factory/postgres/factory.go:726.29,727.21 1 0
github.com/kmlixh/gom/v4/factory/postgres/factory.go:728.15,729.18 1 0
github.com/kmlixh/gom/v4/factory/postgres/factory.go:730.15,731.16 1 0
github.com/kmlixh/gom/v4/factory/postgres/factory.go:734.3,734.23 1 0
github.com/kmlixh/gom/v4/factory/postgres/factory.go:734.23,736.4 1 0
github.com/kmlixh/gom/v4/factory/postgres/factory.go:738.3,738.33 1 0
github.com/kmlixh/gom/v4/factory/postgres/factory.go:741.2,741.34 1 0
github.com/kmlixh/gom/v4/factory/postgres/factory.go:741.34,743.3 1 0
github.com/kmlixh/gom/v4/factory/postgres/factory.go:745.2,753.8 1 0
github.com/kmlixh/gom/v4/factory/postgres/factory.go:757.43,758.33 1 0
github.com/kmlixh/gom/v4/factory/postgres/factory.go:759.26,760.17 1 0
github.com/kmlixh/gom/v4/factory/postgres/factory.go:761.25,762.17 1 0
github.com/kmlixh/gom/v4/factory/postgres/factory.go:763.24,764.17 1 0
github.com/kmlixh/gom/v4/factory/postgres/factory.go:765.28,766.19 1 0
github.com/kmlixh/gom/v4/factory/postgres/factory.go:767.24,768.19 1 0
github.com/kmlixh/gom/v4/factory/postgres/factory.go:769.36,770.19 1 0
github.com/kmlixh/gom/v4/factory/postgres/factory.go:771.41,772.18 1 0
github.com/kmlixh/gom/v4/factory/postgres/factory.go:773.25,774.16 1 0
github.com/kmlixh/gom/v4/factory/postgres/factory.go:775.60,776.21 1 0
github.com/kmlixh/gom/v4/factory/postgres/factory.go:777.15,778.18 1 0
github.com/kmlixh/gom/v4/factory/postgres/factory.go:779.23,780.27 1 0
github.com/kmlixh/gom/v4/factory/postgres/factory.go:781.14,782.21 1 0
github.com/kmlixh/gom/v4/factory/postgres/factory.go:783.22,784.18 1 0
github.com/kmlixh/gom/v4/factory/postgres/factory.go:785.10,786.18 1 0
github.com/kmlixh/gom/v4/factory/postgres/factory.go:791.75,797.21 4 0
github.com/kmlixh/gom/v4/factory/postgres/factory.go:797.21,801.3 2 0
github.com/kmlixh/gom/v4/factory/postgres/factory.go:801.8,801.27 1 0
github.com/kmlixh/gom/v4/factory/postgres/factory.go:801.27,805.3 2 0
github.com/kmlixh/gom/v4/factory/postgres/factory.go:805.8,809.3 2 0
github.com/kmlixh/gom/v4/factory/postgres/factory.go:812.2,822.16 4 0
github.com/kmlixh/gom/v4/factory/postgres/factory.go:822.16,824.3 1 0
github.com/kmlixh/gom/v4/factory/postgres/factory.go:825.2,827.18 2 0
github.com/kmlixh/gom/v4/factory/postgres/factory.go:827.18,829.47 2 0
github.com/kmlixh/gom/v4/factory/postgres/factory.go:829.47,831.4 1 0
github.com/kmlixh/gom/v4/factory/postgres/factory.go:832.3,832.37 1 0
github.com/kmlixh/gom/v4/factory/postgres/factory.go:835.2,835.20 1 0
github.com/kmlixh/gom/v4/factory/postgres/factory.go:839.64,840.22 1 0
github.com/kmlixh/gom/v4/factory/postgres/factory.go:840.22,842.3 1 0
github.com/kmlixh/gom/v4/factory/postgres/factory.go:844.2,845.31 2 0
github.com/kmlixh/gom/v4/factory/postgres/factory.go:845.31,847.37 2 0
github.com/kmlixh/gom/v4/factory/postgres/factory.go:847.37,849.4 1 0
github.com/kmlixh/gom/v4/factory/postgres/factory.go:849.9,851.4 1 0
github.com/kmlixh/gom/v4/factory/postgres/factory.go:852.3,852.30 1 0
github.com/kmlixh/gom/v4/factory/postgres/factory.go:855.2,855.48 1 0
github.com/kmlixh/gom/v4/define/condition.go:22.74,23.17 1 1
github.com/kmlixh/gom/v4/define/condition.go:23.17,25.3 1 0
github.com/kmlixh/gom/v4/define/condition.go:26.2,26.57 1 1
github.com/kmlixh/gom/v4/define/condition.go:26.57,28.3 1 0
github.com/kmlixh/gom/v4/define/condition.go:29.2,33.3 1 1
github.com/kmlixh/gom/v4/define/condition.go:37.53,39.23 2 1
github.com/kmlixh/gom/v4/define/condition.go:39.23,41.3 1 1
github.com/kmlixh/gom/v4/define/condition.go:42.2,43.10 2 1
github.com/kmlixh/gom/v4/define/condition.go:47.52,48.17 1 1
github.com/kmlixh/gom/v4/define/condition.go:48.17,51.3 2 0
github.com/kmlixh/gom/v4/define/condition.go:52.2,53.23 2 1
github.com/kmlixh/gom/v4/define/condition.go:53.23,55.3 1 1
github.com/kmlixh/gom/v4/define/condition.go:56.2,57.10 2 1
github.com/kmlixh/gom/v4/define/condition.go:61.53,63.2 1 1
github.com/kmlixh/gom/v4/define/condition.go:65.53,67.2 1 1
github.com/kmlixh/gom/v4/define/condition.go:69.53,71.2 1 1
github.com/kmlixh/gom/v4/define/condition.go:73.53,75.2 1 1
github.com/kmlixh/gom/v4/define/condition.go:77.53,79.2 1 1
github.com/kmlixh/gom/v4/define/condition.go:81.53,83.2 1 1
github.com/kmlixh/gom/v4/define/condition.go:85.55,87.2 1 1
github.com/kmlixh/gom/v4/define/condition.go:89.58,91.2 1 1
github.com/kmlixh/gom/v4/define/condition.go:94.56,95.19 1 1
github.com/kmlixh/gom/v4/define/condition.go:95.19,97.3 1 0
github.com/kmlixh/gom/v4/define/condition.go:98.2,98.22 1 1
github.com/kmlixh/gom/v4/define/condition.go:98.22,100.3 1 0
github.com/kmlixh/gom/v4/define/condition.go:101.2,102.27 2 1
github.com/kmlixh/gom/v4/define/condition.go:102.27,103.61 1 1
github.com/kmlixh/gom/v4/define/condition.go:103.61,104.35 1 0
github.com/kmlixh/gom/v4/define/condition.go:104.35,106.5 1 0
github.com/kmlixh/gom/v4/define/condition.go:107.9,109.4 1 1
github.com/kmlixh/gom/v4/define/condition.go:111.2,111.15 1 1
github.com/kmlixh/gom/v4/define/condition.go:115.57,121.2 1 1
github.com/kmlixh/gom/v4/define/condition.go:124.60,130.2 1 1
github.com/kmlixh/gom/v4/define/condition.go:132.38,134.2 1 1
github.com/kmlixh/gom/v4/define/condition.go:136.41,138.2 1 1
github.com/kmlixh/gom/v4/define/condition.go:140.63,142.2 1 1
github.com/kmlixh/gom/v4/define/condition.go:144.66,146.2 1 1
github.com/kmlixh/gom/v4/define/datarow.go:18.47,20.2 1 1
github.com/kmlixh/gom/v4/define/datarow.go:23.58,24.19 1 1
github.com/kmlixh/gom/v4/define/datarow.go:24.19,26.3 1 1
github.com/kmlixh/gom/v4/define/datarow.go:27.2,27.33 1 1
github.com/kmlixh/gom/v4/define/datarow.go:27.33,28.26 1 1
github.com/kmlixh/gom/v4/define/datarow.go:29.15,30.17 1 1
github.com/kmlixh/gom/v4/define/datarow.go:31.15,32.25 1 1
github.com/kmlixh/gom/v4/define/datarow.go:33.11,34.36 1 0
github.com/kmlixh/gom/v4/define/datarow.go:37.2,37.52 1 1
github.com/kmlixh/gom/v4/define/datarow.go:41.79,42.47 1 1
github.com/kmlixh/gom/v4/define/datarow.go:42.47,44.3 1 0
github.com/kmlixh/gom/v4/define/datarow.go:45.2,45.21 1 1
github.com/kmlixh/gom/v4/define/datarow.go:49.52,50.19 1 1
github.com/kmlixh/gom/v4/define/datarow.go:50.19,52.3 1 1
github.com/kmlixh/gom/v4/define/datarow.go:53.2,53.33 1 1
github.com/kmlixh/gom/v4/define/datarow.go:53.33,54.26 1 1
github.com/kmlixh/gom/v4/define/datarow.go:55.12,56.17 1 1
github.com/kmlixh/gom/v4/define/datarow.go:57.14,58.22 1 0
github.com/kmlixh/gom/v4/define/datarow.go:59.15,60.26 1 0
github.com/kmlixh/gom/v4/define/datarow.go:61.15,62.34 1 1
github.com/kmlixh/gom/v4/define/datarow.go:63.11,64.57 1 0
github.com/kmlixh/gom/v4/define/datarow.go:67.2,67.51 1 1
github.com/kmlixh/gom/v4/define/datarow.go:71.70,72.44 1 1
github.com/kmlixh/gom/v4/define/datarow.go:72.44,74.3 1 0
github.com/kmlixh/gom/v4/define/datarow.go:75.2,75.21 1 1
github.com/kmlixh/gom/v4/define/datarow.go:79.56,80.19 1 1
github.com/kmlixh/gom/v4/define/datarow.go:80.19,82.3 1 1
github.com/kmlixh/gom/v4/define/datarow.go:83.2,83.33 1 1
github.com/kmlixh/gom/v4/define/datarow.go:83.33,84.26 1 1
github.com/kmlixh/gom/v4/define/datarow.go:85.14,86.17 1 1
github.com/kmlixh/gom/v4/define/datarow.go:87.12,88.24 1 0
github.com/kmlixh/gom/v4/define/datarow.go:89.15,90.38 1 0
github.com/kmlixh/gom/v4/define/datarow.go:91.15,92.46 1 1
github.com/kmlixh/gom/v4/define/datarow.go:93.11,94.59 1 0
github.com/kmlixh/gom/v4/define/datarow.go:97.2,97.51 1 1
github.com/kmlixh/gom/v4/define/datarow.go:101.76,102.46 1 1
github.com/kmlixh/gom/v4/define/datarow.go:102.46,104.3 1 0
github.com/kmlixh/gom/v4/define/datarow.go:105.2,105.21 1 1
github.com/kmlixh/gom/v4/define/datarow.go:109.60,110.19 1 1
github.com/kmlixh/gom/v4/define/datarow.go:110.19,112.3 1 1
github.com/kmlixh/gom/v4/define/datarow.go:113.2,113.33 1 1
github.com/kmlixh/gom/v4/define/datarow.go:113.33,114.26 1 1
github.com/kmlixh/gom/v4/define/datarow.go:115.16,116.17 1 1
github.com/kmlixh/gom/v4/define/datarow.go:117.16,118.26 1 0
github.com/kmlixh/gom/v4/define/datarow.go:119.14,120.26 1 0
github.com/kmlixh/gom/v4/define/datarow.go:121.12,122.26 1 0
github.com/kmlixh/gom/v4/define/datarow.go:123.15,124.36 1 0
github.com/kmlixh/gom/v4/define/datarow.go:125.15,126.44 1 1
github.com/kmlixh/gom/v4/define/datarow.go:127.11,128.61 1 0
github.com/kmlixh/gom/v4/define/datarow.go:131.2,131.51 1 1
github.com/kmlixh/gom/v4/define/datarow.go:135.82,136.48 1 1
github.com/kmlixh/gom/v4/define/datarow.go:136.48,138.3 1 0
github.com/kmlixh/gom/v4/define/datarow.go:139.2,139.21 1 1
github.com/kmlixh/gom/v4/define/datarow.go:143.54,144.19 1 1
github.com/kmlixh/gom/v4/define/datarow.go:144.19,146.3 1 1
github.com/kmlixh/gom/v4/define/datarow.go:147.2,147.33 1 1
github.com/kmlixh/gom/v4/define/datarow.go:147.33,148.26 1 1
github.com/kmlixh/gom/v4/define/datarow.go:149.13,150.17 1 1
github.com/kmlixh/gom/v4/define/datarow.go:151.14,152.22 1 0
github.com/kmlixh/gom/v4/define/datarow.go:153.12,154.22 1 0
github.com/kmlixh/gom/v4/define/datarow.go:155.15,157.58 2 0
github.com/kmlixh/gom/v4/define/datarow.go:157.58,159.5 1 0
github.com/kmlixh/gom/v4/define/datarow.go:160.4,160.59 1 0
github.com/kmlixh/gom/v4/define/datarow.go:160.59,162.5 1 0
github.com/kmlixh/gom/v4/define/datarow.go:163.4,163.31 1 0
github.com/kmlixh/gom/v4/define/datarow.go:164.15,165.19 1 1
github.com/kmlixh/gom/v4/define/datarow.go:165.19,167.5 1 1
github.com/kmlixh/gom/v4/define/datarow.go:168.4,169.58 2 1
github.com/kmlixh/gom/v4/define/datarow.go:169.58,171.5 1 1
github.com/kmlixh/gom/v4/define/datarow.go:172.4,172.59 1 1
github.com/kmlixh/gom/v4/define/datarow.go:172.59,174.5 1 0
github.com/kmlixh/gom/v4/define/datarow.go:175.4,175.31 1 1
github.com/kmlixh/gom/v4/define/datarow.go:176.11,177.62 1 0
github.com/kmlixh/gom/v4/define/datarow.go:180.2,180.55 1 1
github.com/kmlixh/gom/v4/define/datarow.go:184.73,185.45 1 1
github.com/kmlixh/gom/v4/define/datarow.go:185.45,187.3 1 0
github.com/kmlixh/gom/v4/define/datarow.go:188.2,188.21 1 1
github.com/kmlixh/gom/v4/define/datarow.go:192.59,193.19 1 1
github.com/kmlixh/gom/v4/define/datarow.go:193.19,195.3 1 1
github.com/kmlixh/gom/v4/define/datarow.go:196.2,196.33 1 1
github.com/kmlixh/gom/v4/define/datarow.go:196.33,197.26 1 1
github.com/kmlixh/gom/v4/define/datarow.go:198.18,199.17 1 1
github.com/kmlixh/gom/v4/define/datarow.go:200.15,201.38 1 0
github.com/kmlixh/gom/v4/define/datarow.go:202.15,203.46 1 1
github.com/kmlixh/gom/v4/define/datarow.go:204.11,205.73 1 0
github.com/kmlixh/gom/v4/define/datarow.go:208.2,208.61 1 1
github.com/kmlixh/gom/v4/define/datarow.go:212.83,213.45 1 1
github.com/kmlixh/gom/v4/define/datarow.go:213.45,215.3 1 0
github.com/kmlixh/gom/v4/define/datarow.go:216.2,216.21 1 1
github.com/kmlixh/gom/v4/define/datarow.go:220.57,221.19 1 1
github.com/kmlixh/gom/v4/define/datarow.go:221.19,223.3 1 1
github.com/kmlixh/gom/v4/define/datarow.go:224.2,224.33 1 1
github.com/kmlixh/gom/v4/define/datarow.go:224.33,225.26 1 1
github.com/kmlixh/gom/v4/define/datarow.go:226.15,227.17 1 1
github.com/kmlixh/gom/v4/define/datarow.go:228.15,229.25 1 1
github.com/kmlixh/gom/v4/define/datarow.go:230.11,231.62 1 0
github.com/kmlixh/gom/v4/define/datarow.go:234.2,234.53 1 1
github.com/kmlixh/gom/v4/define/datarow.go:238.78,239.46 1 1
github.com/kmlixh/gom/v4/define/datarow.go:239.46,241.3 1 0
github.com/kmlixh/gom/v4/define/datarow.go:242.2,242.21 1 1
github.com/kmlixh/gom/v4/define/datarow.go:246.71,247.19 1 1
github.com/kmlixh/gom/v4/define/datarow.go:247.19,249.3 1 1
github.com/kmlixh/gom/v4/define/datarow.go:250.2,250.33 1 1
github.com/kmlixh/gom/v4/define/datarow.go:250.33,251.26 1 1
github.com/kmlixh/gom/v4/define/datarow.go:252.31,253.17 1 1
github.com/kmlixh/gom/v4/define/datarow.go:254.15,256.61 2 1
github.com/kmlixh/gom/v4/define/datarow.go:256.61,258.5 1 0
github.com/kmlixh/gom/v4/define/datarow.go:259.4,259.22 1 1
github.com/kmlixh/gom/v4/define/datarow.go:260.15,262.53 2 1
github.com/kmlixh/gom/v4/define/datarow.go:262.53,264.5 1 1
github.com/kmlixh/gom/v4/define/datarow.go:265.4,265.22 1 0
github.com/kmlixh/gom/v4/define/datarow.go:266.11,267.78 1 0
github.com/kmlixh/gom/v4/define/datarow.go:270.2,270.53 1 1
github.com/kmlixh/gom/v4/define/datarow.go:274.108,275.44 1 1
github.com/kmlixh/gom/v4/define/datarow.go:275.44,277.3 1 0
github.com/kmlixh/gom/v4/define/datarow.go:278.2,278.21 1 1
github.com/kmlixh/gom/v4/define/datarow.go:282.64,283.19 1 1
github.com/kmlixh/gom/v4/define/datarow.go:283.19,285.3 1 1
github.com/kmlixh/gom/v4/define/datarow.go:286.2,286.33 1 1
github.com/kmlixh/gom/v4/define/datarow.go:286.33,287.26 1 1
github.com/kmlixh/gom/v4/define/datarow.go:288.22,289.17 1 1
github.com/kmlixh/gom/v4/define/datarow.go:290.15,292.61 2 1
github.com/kmlixh/gom/v4/define/datarow.go:292.61,294.5 1 0
github.com/kmlixh/gom/v4/define/datarow.go:295.4,295.22 1 1
github.com/kmlixh/gom/v4/define/datarow.go:296.15,298.53 2 1
github.com/kmlixh/gom/v4/define/datarow.go:298.53,300.5 1 1
github.com/kmlixh/gom/v4/define/datarow.go:301.4,301.22 1 0
github.com/kmlixh/gom/v4/define/datarow.go:302.11,303.69 1 0
github.com/kmlixh/gom/v4/define/datarow.go:306.2,306.53 1 1
github.com/kmlixh/gom/v4/define/datarow.go:310.92,311.46 1 1
github.com/kmlixh/gom/v4/define/datarow.go:311.46,313.3 1 0
github.com/kmlixh/gom/v4/define/datarow.go:314.2,314.21 1 1
github.com/kmlixh/gom/v4/define/datarow.go:318.70,319.19 1 1
github.com/kmlixh/gom/v4/define/datarow.go:319.19,321.3 1 1
github.com/kmlixh/gom/v4/define/datarow.go:322.2,322.33 1 1
github.com/kmlixh/gom/v4/define/datarow.go:322.33,323.17 1 1
github.com/kmlixh/gom/v4/define/datarow.go:323.17,325.4 1 1
github.com/kmlixh/gom/v4/define/datarow.go:326.3,326.26 1 1
github.com/kmlixh/gom/v4/define/datarow.go:327.15,328.54 1 1
github.com/kmlixh/gom/v4/define/datarow.go:329.15,330.62 1 0
github.com/kmlixh/gom/v4/define/datarow.go:331.11,332.73 1 0
github.com/kmlixh/gom/v4/define/datarow.go:335.2,335.66 1 1
github.com/kmlixh/gom/v4/define/datarow.go:339.68,340.19 1 1
github.com/kmlixh/gom/v4/define/datarow.go:340.19,342.3 1 1
github.com/kmlixh/gom/v4/define/datarow.go:343.2,343.33 1 1
github.com/kmlixh/gom/v4/define/datarow.go:343.33,344.17 1 1
github.com/kmlixh/gom/v4/define/datarow.go:344.17,346.4 1 1
github.com/kmlixh/gom/v4/define/datarow.go:347.3,347.26 1 1
github.com/kmlixh/gom/v4/define/datarow.go:348.14,349.52 1 1
github.com/kmlixh/gom/v4/define/datarow.go:350.12,351.59 1 0
github.com/kmlixh/gom/v4/define/datarow.go:352.15,353.57 1 0
github.com/kmlixh/gom/v4/define/datarow.go:353.57,355.5 1 0
github.com/kmlixh/gom/v4/define/datarow.go:356.15,357.65 1 0
github.com/kmlixh/gom/v4/define/datarow.go:357.65,359.5 1 0
github.com/kmlixh/gom/v4/define/datarow.go:361.3,361.42 1 0
github.com/kmlixh/gom/v4/define/datarow.go:363.2,363.65 1 1
github.com/kmlixh/gom/v4/define/datarow.go:367.72,368.19 1 1
github.com/kmlixh/gom/v4/define/datarow.go:368.19,370.3 1 1
github.com/kmlixh/gom/v4/define/datarow.go:371.2,371.33 1 1
github.com/kmlixh/gom/v4/define/datarow.go:371.33,372.17 1 1
github.com/kmlixh/gom/v4/define/datarow.go:372.17,374.4 1 1
github.com/kmlixh/gom/v4/define/datarow.go:375.3,375.26 1 1
github.com/kmlixh/gom/v4/define/datarow.go:376.16,377.56 1 1
github.com/kmlixh/gom/v4/define/datarow.go:378.16,379.65 1 0
github.com/kmlixh/gom/v4/define/datarow.go:380.14,381.65 1 0
github.com/kmlixh/gom/v4/define/datarow.go:382.12,383.65 1 0
github.com/kmlixh/gom/v4/define/datarow.go:384.15,385.55 1 0
github.com/kmlixh/gom/v4/define/datarow.go:385.55,387.5 1 0
github.com/kmlixh/gom/v4/define/datarow.go:388.15,389.63 1 0
github.com/kmlixh/gom/v4/define/datarow.go:389.63,391.5 1 0
github.com/kmlixh/gom/v4/define/datarow.go:393.3,393.44 1 0
github.com/kmlixh/gom/v4/define/datarow.go:395.2,395.67 1 1
github.com/kmlixh/gom/v4/define/datarow.go:399.66,400.19 1 1
github.com/kmlixh/gom/v4/define/datarow.go:400.19,402.3 1 1
github.com/kmlixh/gom/v4/define/datarow.go:403.2,403.33 1 1
github.com/kmlixh/gom/v4/define/datarow.go:403.33,404.17 1 1
github.com/kmlixh/gom/v4/define/datarow.go:404.17,406.4 1 1
github.com/kmlixh/gom/v4/define/datarow.go:407.3,407.26 1 1
github.com/kmlixh/gom/v4/define/datarow.go:408.13,409.50 1 1
github.com/kmlixh/gom/v4/define/datarow.go:410.14,411.55 1 0
github.com/kmlixh/gom/v4/define/datarow.go:412.12,413.55 1 0
github.com/kmlixh/gom/v4/define/datarow.go:414.15,416.58 2 0
github.com/kmlixh/gom/v4/define/datarow.go:416.58,418.5 1 0
github.com/kmlixh/gom/v4/define/datarow.go:419.4,419.59 1 0
github.com/kmlixh/gom/v4/define/datarow.go:419.59,421.5 1 0
github.com/kmlixh/gom/v4/define/datarow.go:422.4,422.50 1 0
github.com/kmlixh/gom/v4/define/datarow.go:422.50,424.5 1 0
github.com/kmlixh/gom/v4/define/datarow.go:425.4,425.42 1 0
github.com/kmlixh/gom/v4/define/datarow.go:426.15,427.19 1 0
github.com/kmlixh/gom/v4/define/datarow.go:427.19,429.5 1 0
github.com/kmlixh/gom/v4/define/datarow.go:430.4,431.58 2 0
github.com/kmlixh/gom/v4/define/datarow.go:431.58,433.5 1 0
github.com/kmlixh/gom/v4/define/datarow.go:434.4,434.59 1 0
github.com/kmlixh/gom/v4/define/datarow.go:434.59,436.5 1 0
github.com/kmlixh/gom/v4/define/datarow.go:437.4,437.50 1 0
github.com/kmlixh/gom/v4/define/datarow.go:437.50,439.5 1 0
github.com/kmlixh/gom/v4/define/datarow.go:440.4,440.42 1 0
github.com/kmlixh/gom/v4/define/datarow.go:442.3,442.41 1 0
github.com/kmlixh/gom/v4/define/datarow.go:444.2,444.64 1 1
github.com/kmlixh/gom/v4/define/datarow.go:448.66,449.19 1 1
github.com/kmlixh/gom/v4/define/datarow.go:449.19,451.3 1 1
github.com/kmlixh/gom/v4/define/datarow.go:452.2,452.33 1 1
github.com/kmlixh/gom/v4/define/datarow.go:452.33,453.17 1 1
github.com/kmlixh/gom/v4/define/datarow.go:453.17,455.4 1 1
github.com/kmlixh/gom/v4/define/datarow.go:456.3,456.26 1 1
github.com/kmlixh/gom/v4/define/datarow.go:457.18,458.50 1 1
github.com/kmlixh/gom/v4/define/datarow.go:459.15,460.57 1 0
github.com/kmlixh/gom/v4/define/datarow.go:460.57,462.5 1 0
github.com/kmlixh/gom/v4/define/datarow.go:463.15,464.65 1 0
github.com/kmlixh/gom/v4/define/datarow.go:464.65,466.5 1 0
github.com/kmlixh/gom/v4/define/datarow.go:468.3,468.41 1 0
github.com/kmlixh/gom/v4/define/datarow.go:470.2,470.64 1 1
github.com/kmlixh/gom/v4/define/errors.go:78.40,81.20 3 0
github.com/kmlixh/gom/v4/define/errors.go:81.20,83.3 1 0
github.com/kmlixh/gom/v4/define/errors.go:84.2,84.20 1 0
github.com/kmlixh/gom/v4/define/errors.go:88.99,94.6 5 0
github.com/kmlixh/gom/v4/define/errors.go:94.6,96.12 2 0
github.com/kmlixh/gom/v4/define/errors.go:96.12,97.9 1 0
github.com/kmlixh/gom/v4/define/errors.go:99.3,103.5 1 0
github.com/kmlixh/gom/v4/define/errors.go:106.2,116.3 1 0
github.com/kmlixh/gom/v4/define/errors.go:120.80,123.2 2 0
github.com/kmlixh/gom/v4/define/errors.go:126.50,127.49 1 0
github.com/kmlixh/gom/v4/define/errors.go:127.49,129.3 1 0
github.com/kmlixh/gom/v4/define/errors.go:130.2,130.14 1 0
github.com/kmlixh/gom/v4/define/errors.go:134.47,135.49 1 0
github.com/kmlixh/gom/v4/define/errors.go:135.49,137.3 1 0
github.com/kmlixh/gom/v4/define/errors.go:138.2,138.12 1 0
github.com/kmlixh/gom/v4/define/errors.go:147.38,151.2 1 0
github.com/kmlixh/gom/v4/define/errors.go:154.92,156.2 1 0
github.com/kmlixh/gom/v4/define/errors.go:159.48,160.49 1 0
github.com/kmlixh/gom/v4/define/errors.go:160.49,161.62 1 0
github.com/kmlixh/gom/v4/define/errors.go:161.62,163.4 1 0
github.com/kmlixh/gom/v4/define/errors.go:165.2,165.12 1 0
github.com/kmlixh/gom/v4/define/errors.go:169.61,170.16 1 0
github.com/kmlixh/gom/v4/define/errors.go:170.16,171.31 1 0
github.com/kmlixh/gom/v4/define/errors.go:171.31,177.8 5 0
github.com/kmlixh/gom/v4/define/errors.go:177.8,179.14 2 0
github.com/kmlixh/gom/v4/define/errors.go:179.14,180.11 1 0
github.com/kmlixh/gom/v4/define/errors.go:182.5,186.7 1 0
github.com/kmlixh/gom/v4/define/errors.go:189.4,200.22 2 0
github.com/kmlixh/gom/v4/define/errors.go:200.22,202.5 1 0
github.com/kmlixh/gom/v4/define/errors.go:214.82,219.2 1 0
github.com/kmlixh/gom/v4/define/errors.go:222.38,223.49 1 0
github.com/kmlixh/gom/v4/define/errors.go:223.49,224.44 1 0
github.com/kmlixh/gom/v4/define/errors.go:224.44,226.4 1 0
github.com/kmlixh/gom/v4/define/errors.go:227.8,229.3 1 0
github.com/kmlixh/gom/v4/define/errors.go:239.76,244.2 1 0
github.com/kmlixh/gom/v4/define/errors.go:247.60,249.56 2 0
github.com/kmlixh/gom/v4/define/errors.go:249.56,250.37 1 0
github.com/kmlixh/gom/v4/define/errors.go:250.37,252.31 2 0
github.com/kmlixh/gom/v4/define/errors.go:252.31,254.13 2 0
github.com/kmlixh/gom/v4/define/errors.go:256.9,258.4 1 0
github.com/kmlixh/gom/v4/define/errors.go:260.2,260.16 1 0
github.com/kmlixh/gom/v4/define/factory.go:17.36,18.11 1 1
github.com/kmlixh/gom/v4/define/factory.go:19.16,20.15 1 1
github.com/kmlixh/gom/v4/define/factory.go:21.17,22.16 1 0
github.com/kmlixh/gom/v4/define/factory.go:23.10,24.15 1 0
github.com/kmlixh/gom/v4/define/mock_factory.go:17.85,19.2 1 0
github.com/kmlixh/gom/v4/define/mock_factory.go:21.63,23.2 1 0
github.com/kmlixh/gom/v4/define/mock_factory.go:25.43,27.2 1 0
github.com/kmlixh/gom/v4/define/mock_factory.go:29.160,30.17 1 0
github.com/kmlixh/gom/v4/define/mock_factory.go:30.17,32.3 1 0
github.com/kmlixh/gom/v4/define/mock_factory.go:34.2,38.25 3 0
github.com/kmlixh/gom/v4/define/mock_factory.go:38.25,39.35 1 0
github.com/kmlixh/gom/v4/define/mock_factory.go:39.35,40.19 1 0
github.com/kmlixh/gom/v4/define/mock_factory.go:40.19,42.75 1 0
github.com/kmlixh/gom/v4/define/mock_factory.go:42.75,44.6 1 0
github.com/kmlixh/gom/v4/define/mock_factory.go:46.5,46.27 1 0
github.com/kmlixh/gom/v4/define/mock_factory.go:46.27,48.6 1 0
github.com/kmlixh/gom/v4/define/mock_factory.go:50.5,51.36 2 0
github.com/kmlixh/gom/v4/define/mock_factory.go:57.2,58.20 2 0
github.com/kmlixh/gom/v4/define/mock_factory.go:58.20,60.3 1 0
github.com/kmlixh/gom/v4/define/mock_factory.go:62.2,62.25 1 0
github.com/kmlixh/gom/v4/define/mock_factory.go:65.153,67.2 1 0
github.com/kmlixh/gom/v4/define/mock_factory.go:69.128,71.2 1 0
github.com/kmlixh/gom/v4/define/mock_factory.go:73.114,74.22 1 0
github.com/kmlixh/gom/v4/define/mock_factory.go:74.22,76.3 1 0
github.com/kmlixh/gom/v4/define/mock_factory.go:79.2,80.31 2 0
github.com/kmlixh/gom/v4/define/mock_factory.go:80.31,82.3 1 0
github.com/kmlixh/gom/v4/define/mock_factory.go:84.2,91.31 4 0
github.com/kmlixh/gom/v4/define/mock_factory.go:91.31,93.36 2 0
github.com/kmlixh/gom/v4/define/mock_factory.go:93.36,96.4 2 0
github.com/kmlixh/gom/v4/define/mock_factory.go:97.3,97.83 1 0
github.com/kmlixh/gom/v4/define/mock_factory.go:100.2,101.18 2 0
github.com/kmlixh/gom/v4/define/mock_factory.go:104.101,106.2 1 0
github.com/kmlixh/gom/v4/define/mock_factory.go:108.88,110.2 1 0
github.com/kmlixh/gom/v4/define/mock_factory.go:112.89,114.2 1 0
github.com/kmlixh/gom/v4/define/mock_factory.go:116.82,118.2 1 0
github.com/kmlixh/gom/v4/define/mock_factory.go:120.64,122.2 1 0
github.com/kmlixh/gom/v4/define/mock_factory.go:124.93,126.2 1 0
github.com/kmlixh/gom/v4/define/options.go:28.41,36.2 1 0
github.com/kmlixh/gom/v4/define/options.go:39.41,40.22 1 0
github.com/kmlixh/gom/v4/define/options.go:40.22,42.3 1 0
github.com/kmlixh/gom/v4/define/options.go:43.2,43.24 1 0
github.com/kmlixh/gom/v4/define/options.go:43.24,45.3 1 0
github.com/kmlixh/gom/v4/define/options.go:46.2,46.20 1 0
github.com/kmlixh/gom/v4/define/options.go:46.20,48.3 1 0
github.com/kmlixh/gom/v4/define/options.go:49.2,49.22 1 0
github.com/kmlixh/gom/v4/define/options.go:49.22,51.3 1 0
github.com/kmlixh/gom/v4/define/options.go:52.2,52.26 1 0
github.com/kmlixh/gom/v4/define/options.go:52.26,54.3 1 0
github.com/kmlixh/gom/v4/define/options.go:55.2,55.12 1 0
github.com/kmlixh/gom/v4/define/options.go:81.35,89.2 1 0
github.com/kmlixh/gom/v4/define/options.go:92.38,93.24 1 0
github.com/kmlixh/gom/v4/define/options.go:93.24,95.3 1 0
github.com/kmlixh/gom/v4/define/options.go:96.2,96.24 1 0
github.com/kmlixh/gom/v4/define/options.go:96.24,98.3 1 0
github.com/kmlixh/gom/v4/define/options.go:99.2,99.27 1 0
github.com/kmlixh/gom/v4/define/options.go:99.27,101.3 1 0
github.com/kmlixh/gom/v4/define/options.go:102.2,102.27 1 0
github.com/kmlixh/gom/v4/define/options.go:102.27,104.3 1 0
github.com/kmlixh/gom/v4/define/options.go:105.2,105.12 1 0
github.com/kmlixh/gom/v4/define/register.go:14.57,18.2 3 1
github.com/kmlixh/gom/v4/define/register.go:21.52,24.42 3 1
github.com/kmlixh/gom/v4/define/register.go:24.42,26.3 1 1
github.com/kmlixh/gom/v4/define/register.go:27.2,27.72 1 1
github.com/kmlixh/gom/v4/define/register.go:31.39,35.2 3 1
github.com/kmlixh/gom/v4/define/result.go:23.48,24.20 1 1
github.com/kmlixh/gom/v4/define/result.go:24.20,26.3 1 1
github.com/kmlixh/gom/v4/define/result.go:27.2,27.18 1 1
github.com/kmlixh/gom/v4/define/result.go:31.48,32.20 1 1
github.com/kmlixh/gom/v4/define/result.go:32.20,34.3 1 1
github.com/kmlixh/gom/v4/define/result.go:35.2,35.24 1 1
github.com/kmlixh/gom/v4/define/result.go:39.31,41.2 1 1
github.com/kmlixh/gom/v4/define/result.go:44.29,46.2 1 1
github.com/kmlixh/gom/v4/define/result.go:49.70,50.18 1 1
github.com/kmlixh/gom/v4/define/result.go:50.18,52.53 1 0
github.com/kmlixh/gom/v4/define/result.go:52.53,55.4 2 0
github.com/kmlixh/gom/v4/define/result.go:55.9,55.59 1 0
github.com/kmlixh/gom/v4/define/result.go:55.59,58.4 2 0
github.com/kmlixh/gom/v4/define/result.go:58.9,58.61 1 0
github.com/kmlixh/gom/v4/define/result.go:58.61,61.4 2 0
github.com/kmlixh/gom/v4/define/result.go:61.9,61.58 1 0
github.com/kmlixh/gom/v4/define/result.go:61.58,64.4 2 0
github.com/kmlixh/gom/v4/define/result.go:64.9,64.58 1 0
github.com/kmlixh/gom/v4/define/result.go:64.58,67.4 2 0
github.com/kmlixh/gom/v4/define/result.go:68.3,68.13 1 0
github.com/kmlixh/gom/v4/define/result.go:72.2,72.51 1 1
github.com/kmlixh/gom/v4/define/result.go:72.51,74.3 1 0
github.com/kmlixh/gom/v4/define/result.go:77.2,77.27 1 1
github.com/kmlixh/gom/v4/define/result.go:78.22,79.53 1 1
github.com/kmlixh/gom/v4/define/result.go:79.53,82.4 2 1
github.com/kmlixh/gom/v4/define/result.go:83.3,83.14 1 0
github.com/kmlixh/gom/v4/define/result.go:83.14,85.4 1 0
github.com/kmlixh/gom/v4/define/result.go:86.3,86.13 1 0
github.com/kmlixh/gom/v4/define/result.go:87.21,88.52 1 1
github.com/kmlixh/gom/v4/define/result.go:88.52,91.4 2 1
github.com/kmlixh/gom/v4/define/result.go:92.3,92.14 1 0
github.com/kmlixh/gom/v4/define/result.go:92.14,94.4 1 0
github.com/kmlixh/gom/v4/define/result.go:95.3,95.13 1 0
github.com/kmlixh/gom/v4/define/result.go:96.23,97.54 1 1
github.com/kmlixh/gom/v4/define/result.go:97.54,100.4 2 1
github.com/kmlixh/gom/v4/define/result.go:101.3,101.14 1 0
github.com/kmlixh/gom/v4/define/result.go:101.14,103.4 1 0
github.com/kmlixh/gom/v4/define/result.go:104.3,104.13 1 0
github.com/kmlixh/gom/v4/define/result.go:105.20,106.51 1 1
github.com/kmlixh/gom/v4/define/result.go:106.51,109.4 2 1
github.com/kmlixh/gom/v4/define/result.go:110.3,110.14 1 0
github.com/kmlixh/gom/v4/define/result.go:110.14,112.4 1 0
github.com/kmlixh/gom/v4/define/result.go:113.3,113.13 1 0
github.com/kmlixh/gom/v4/define/result.go:114.20,115.51 1 1
github.com/kmlixh/gom/v4/define/result.go:115.51,118.4 2 1
github.com/kmlixh/gom/v4/define/result.go:119.3,119.14 1 0
github.com/kmlixh/gom/v4/define/result.go:119.14,121.4 1 0
github.com/kmlixh/gom/v4/define/result.go:122.3,122.13 1 0
github.com/kmlixh/gom/v4/define/result.go:123.15,126.16 2 1
github.com/kmlixh/gom/v4/define/result.go:126.16,128.54 1 1
github.com/kmlixh/gom/v4/define/result.go:128.54,131.5 2 1
github.com/kmlixh/gom/v4/define/result.go:131.10,131.62 1 1
github.com/kmlixh/gom/v4/define/result.go:131.62,134.5 2 1
github.com/kmlixh/gom/v4/define/result.go:134.10,134.60 1 1
github.com/kmlixh/gom/v4/define/result.go:134.60,137.5 2 1
github.com/kmlixh/gom/v4/define/result.go:137.10,137.59 1 1
github.com/kmlixh/gom/v4/define/result.go:137.59,140.5 2 1
github.com/kmlixh/gom/v4/define/result.go:144.3,144.54 1 1
github.com/kmlixh/gom/v4/define/result.go:144.54,145.57 1 1
github.com/kmlixh/gom/v4/define/result.go:145.57,148.5 2 1
github.com/kmlixh/gom/v4/define/result.go:149.4,150.14 2 1
github.com/kmlixh/gom/v4/define/result.go:151.9,151.59 1 1
github.com/kmlixh/gom/v4/define/result.go:151.59,152.59 1 1
github.com/kmlixh/gom/v4/define/result.go:152.59,155.5 2 1
github.com/kmlixh/gom/v4/define/result.go:156.4,157.14 2 1
github.com/kmlixh/gom/v4/define/result.go:158.9,158.60 1 1
github.com/kmlixh/gom/v4/define/result.go:158.60,161.4 2 1
github.com/kmlixh/gom/v4/define/result.go:161.9,161.58 1 1
github.com/kmlixh/gom/v4/define/result.go:161.58,162.19 1 1
github.com/kmlixh/gom/v4/define/result.go:162.19,165.5 2 0
github.com/kmlixh/gom/v4/define/result.go:166.4,167.58 2 1
github.com/kmlixh/gom/v4/define/result.go:167.58,173.5 2 1
github.com/kmlixh/gom/v4/define/result.go:174.4,174.70 1 1
github.com/kmlixh/gom/v4/define/result.go:174.70,180.5 2 1
github.com/kmlixh/gom/v4/define/result.go:181.4,182.14 2 1
github.com/kmlixh/gom/v4/define/result.go:186.3,186.16 1 1
github.com/kmlixh/gom/v4/define/result.go:186.16,188.57 1 1
github.com/kmlixh/gom/v4/define/result.go:188.57,190.5 1 0
github.com/kmlixh/gom/v4/define/result.go:192.4,192.59 1 1
github.com/kmlixh/gom/v4/define/result.go:192.59,194.5 1 0
github.com/kmlixh/gom/v4/define/result.go:196.4,196.40 1 1
github.com/kmlixh/gom/v4/define/result.go:198.3,198.13 1 0
github.com/kmlixh/gom/v4/define/result.go:201.2,201.27 1 1
github.com/kmlixh/gom/v4/define/result.go:202.20,203.32 1 1
github.com/kmlixh/gom/v4/define/result.go:203.32,206.4 2 1
github.com/kmlixh/gom/v4/define/result.go:207.3,207.33 1 1
github.com/kmlixh/gom/v4/define/result.go:207.33,210.4 2 1
github.com/kmlixh/gom/v4/define/result.go:211.3,211.34 1 1
github.com/kmlixh/gom/v4/define/result.go:211.34,213.58 2 1
github.com/kmlixh/gom/v4/define/result.go:213.58,216.5 2 1
github.com/kmlixh/gom/v4/define/result.go:217.4,217.59 1 0
github.com/kmlixh/gom/v4/define/result.go:217.59,220.5 2 0
github.com/kmlixh/gom/v4/define/result.go:222.3,222.35 1 0
github.com/kmlixh/gom/v4/define/result.go:222.35,223.59 1 0
github.com/kmlixh/gom/v4/define/result.go:223.59,224.20 1 0
github.com/kmlixh/gom/v4/define/result.go:224.20,227.6 2 0
github.com/kmlixh/gom/v4/define/result.go:228.5,228.20 1 0
github.com/kmlixh/gom/v4/define/result.go:228.20,234.6 2 0
github.com/kmlixh/gom/v4/define/result.go:235.5,240.15 3 0
github.com/kmlixh/gom/v4/define/result.go:243.4,243.19 1 0
github.com/kmlixh/gom/v4/define/result.go:243.19,246.5 2 0
github.com/kmlixh/gom/v4/define/result.go:247.4,249.14 3 0
github.com/kmlixh/gom/v4/define/result.go:251.3,251.56 1 0
github.com/kmlixh/gom/v4/define/result.go:252.78,253.28 1 1
github.com/kmlixh/gom/v4/define/result.go:254.14,256.14 2 1
github.com/kmlixh/gom/v4/define/result.go:257.12,259.14 2 0
github.com/kmlixh/gom/v4/define/result.go:260.15,261.57 1 1
github.com/kmlixh/gom/v4/define/result.go:261.57,264.5 2 1
github.com/kmlixh/gom/v4/define/result.go:265.16,266.65 1 0
github.com/kmlixh/gom/v4/define/result.go:266.65,269.5 2 0
github.com/kmlixh/gom/v4/define/result.go:271.83,272.28 1 0
github.com/kmlixh/gom/v4/define/result.go:273.15,275.14 2 0
[...]
github.com/kmlixh/gom/v4/factory/mysql/factory.go:854.3,854.36 1 0
github.com/kmlixh/gom/v4/factory/mysql/factory.go:855.71,856.21 1 0
github.com/kmlixh/gom/v4/factory/mysql/factory.go:856.21,858.4 1 0
github.com/kmlixh/gom/v4/factory/mysql/factory.go:859.3,859.28 1 0
github.com/kmlixh/gom/v4/factory/mysql/factory.go:860.39,861.21 1 0
github.com/kmlixh/gom/v4/factory/mysql/factory.go:861.21,863.4 1 0
github.com/kmlixh/gom/v4/factory/mysql/factory.go:864.3,864.37 1 0
github.com/kmlixh/gom/v4/factory/mysql/factory.go:865.75,866.34 1 0
github.com/kmlixh/gom/v4/factory/mysql/factory.go:867.32,868.21 1 0
github.com/kmlixh/gom/v4/factory/mysql/factory.go:868.21,870.4 1 0
github.com/kmlixh/gom/v4/factory/mysql/factory.go:871.3,871.31 1 0
github.com/kmlixh/gom/v4/factory/mysql/factory.go:872.10,873.21 1 0
github.com/kmlixh/gom/v4/factory/mysql/factory.go:873.21,875.4 1 0
github.com/kmlixh/gom/v4/factory/mysql/factory.go:876.3,876.28 1 0
github.com/kmlixh/gom/v4/factory/postgres/factory.go:20.36,22.2 1 1
github.com/kmlixh/gom/v4/factory/postgres/factory.go:24.13,26.2 1 1
github.com/kmlixh/gom/v4/factory/postgres/factory.go:28.24,30.2 1 1
github.com/kmlixh/gom/v4/factory/postgres/factory.go:32.56,34.16 2 1
github.com/kmlixh/gom/v4/factory/postgres/factory.go:34.16,36.3 1 0
github.com/kmlixh/gom/v4/factory/postgres/factory.go:37.2,37.34 1 1
github.com/kmlixh/gom/v4/factory/postgres/factory.go:37.34,40.3 2 0
github.com/kmlixh/gom/v4/factory/postgres/factory.go:41.2,41.16 1 1
github.com/kmlixh/gom/v4/factory/postgres/factory.go:45.56,46.12 1 1
github.com/kmlixh/gom/v4/factory/postgres/factory.go:47.19,48.13 1 1
github.com/kmlixh/gom/v4/factory/postgres/factory.go:49.19,50.14 1 0
github.com/kmlixh/gom/v4/factory/postgres/factory.go:51.19,52.13 1 0
github.com/kmlixh/gom/v4/factory/postgres/factory.go:53.19,54.14 1 0
github.com/kmlixh/gom/v4/factory/postgres/factory.go:55.19,56.13 1 0
github.com/kmlixh/gom/v4/factory/postgres/factory.go:57.19,58.14 1 0
github.com/kmlixh/gom/v4/factory/postgres/factory.go:59.21,60.16 1 0
github.com/kmlixh/gom/v4/factory/postgres/factory.go:61.24,62.20 1 0
github.com/kmlixh/gom/v4/factory/postgres/factory.go:63.19,64.14 1 0
github.com/kmlixh/gom/v4/factory/postgres/factory.go:65.22,66.18 1 0
github.com/kmlixh/gom/v4/factory/postgres/factory.go:67.23,68.19 1 0
github.com/kmlixh/gom/v4/factory/postgres/factory.go:69.26,70.23 1 0
github.com/kmlixh/gom/v4/factory/postgres/factory.go:71.24,72.19 1 0
github.com/kmlixh/gom/v4/factory/postgres/factory.go:73.27,74.23 1 0
github.com/kmlixh/gom/v4/factory/postgres/factory.go:75.10,76.13 1 0
github.com/kmlixh/gom/v4/factory/postgres/factory.go:81.103,82.17 1 1
github.com/kmlixh/gom/v4/factory/postgres/factory.go:82.17,84.3 1 0
github.com/kmlixh/gom/v4/factory/postgres/factory.go:86.2,91.22 4 1
github.com/kmlixh/gom/v4/factory/postgres/factory.go:91.22,93.16 2 1
github.com/kmlixh/gom/v4/factory/postgres/factory.go:93.16,97.4 3 1
github.com/kmlixh/gom/v4/factory/postgres/factory.go:101.2,101.28 1 1
github.com/kmlixh/gom/v4/factory/postgres/factory.go:101.28,102.41 1 0
github.com/kmlixh/gom/v4/factory/postgres/factory.go:102.41,104.20 2 0
github.com/kmlixh/gom/v4/factory/postgres/factory.go:104.20,105.26 1 0
github.com/kmlixh/gom/v4/factory/postgres/factory.go:105.26,106.43 1 0
github.com/kmlixh/gom/v4/factory/postgres/factory.go:106.43,108.7 1 0
github.com/kmlixh/gom/v4/factory/postgres/factory.go:108.12,110.7 1 0
github.com/kmlixh/gom/v4/factory/postgres/factory.go:112.5,112.78 1 0
github.com/kmlixh/gom/v4/factory/postgres/factory.go:112.78,113.41 1 0
github.com/kmlixh/gom/v4/factory/postgres/factory.go:113.41,115.7 1 0
github.com/kmlixh/gom/v4/factory/postgres/factory.go:117.5,119.37 3 0
github.com/kmlixh/gom/v4/factory/postgres/factory.go:124.2,124.23 1 1
github.com/kmlixh/gom/v4/factory/postgres/factory.go:124.23,125.22 1 1
github.com/kmlixh/gom/v4/factory/postgres/factory.go:125.22,127.4 1 0
github.com/kmlixh/gom/v4/factory/postgres/factory.go:128.3,128.43 1 1
github.com/kmlixh/gom/v4/factory/postgres/factory.go:130.2,130.16 1 0
github.com/kmlixh/gom/v4/factory/postgres/factory.go:155.85,158.15 3 0
github.com/kmlixh/gom/v4/factory/postgres/factory.go:158.15,160.3 1 0
github.com/kmlixh/gom/v4/factory/postgres/factory.go:161.2,162.18 2 0
github.com/kmlixh/gom/v4/factory/postgres/factory.go:162.18,164.3 1 0
github.com/kmlixh/gom/v4/factory/postgres/factory.go:165.2,166.15 2 0
github.com/kmlixh/gom/v4/factory/postgres/factory.go:166.15,168.3 1 0
github.com/kmlixh/gom/v4/factory/postgres/factory.go:169.2,169.49 1 0
github.com/kmlixh/gom/v4/factory/postgres/factory.go:169.49,171.3 1 0
github.com/kmlixh/gom/v4/factory/postgres/factory.go:172.2,174.18 3 0
github.com/kmlixh/gom/v4/factory/postgres/factory.go:174.18,181.16 7 0
github.com/kmlixh/gom/v4/factory/postgres/factory.go:181.16,183.4 1 0
github.com/kmlixh/gom/v4/factory/postgres/factory.go:183.9,185.4 1 0
github.com/kmlixh/gom/v4/factory/postgres/factory.go:187.2,188.21 2 0
github.com/kmlixh/gom/v4/factory/postgres/factory.go:193.109,194.37 1 1
github.com/kmlixh/gom/v4/factory/postgres/factory.go:194.37,196.3 1 0
github.com/kmlixh/gom/v4/factory/postgres/factory.go:198.2,201.17 3 1
github.com/kmlixh/gom/v4/factory/postgres/factory.go:202.35,203.70 1 0
github.com/kmlixh/gom/v4/factory/postgres/factory.go:203.70,205.26 2 0
github.com/kmlixh/gom/v4/factory/postgres/factory.go:205.26,207.5 1 0
github.com/kmlixh/gom/v4/factory/postgres/factory.go:208.4,208.89 1 0
github.com/kmlixh/gom/v4/factory/postgres/factory.go:210.3,210.17 1 0
github.com/kmlixh/gom/v4/factory/postgres/factory.go:211.43,212.46 1 0
github.com/kmlixh/gom/v4/factory/postgres/factory.go:213.45,214.71 1 0
github.com/kmlixh/gom/v4/factory/postgres/factory.go:214.71,216.4 1 0
github.com/kmlixh/gom/v4/factory/postgres/factory.go:217.3,217.17 1 0
github.com/kmlixh/gom/v4/factory/postgres/factory.go:218.10,219.89 1 1
github.com/kmlixh/gom/v4/factory/postgres/factory.go:224.61,226.29 2 1
github.com/kmlixh/gom/v4/factory/postgres/factory.go:226.29,227.18 1 1
github.com/kmlixh/gom/v4/factory/postgres/factory.go:227.18,229.4 1 1
github.com/kmlixh/gom/v4/factory/postgres/factory.go:231.2,231.33 1 1
github.com/kmlixh/gom/v4/factory/postgres/factory.go:235.160,236.17 1 1
github.com/kmlixh/gom/v4/factory/postgres/factory.go:236.17,238.3 1 0
github.com/kmlixh/gom/v4/factory/postgres/factory.go:240.2,244.21 3 1
github.com/kmlixh/gom/v4/factory/postgres/factory.go:244.21,246.32 2 1
github.com/kmlixh/gom/v4/factory/postgres/factory.go:246.32,247.68 1 1
github.com/kmlixh/gom/v4/factory/postgres/factory.go:247.68,250.5 1 1
github.com/kmlixh/gom/v4/factory/postgres/factory.go:250.10,250.27 1 0
github.com/kmlixh/gom/v4/factory/postgres/factory.go:250.27,252.5 1 0
github.com/kmlixh/gom/v4/factory/postgres/factory.go:252.10,254.5 1 0
github.com/kmlixh/gom/v4/factory/postgres/factory.go:256.3,256.44 1 1
github.com/kmlixh/gom/v4/factory/postgres/factory.go:257.8,259.3 1 1
github.com/kmlixh/gom/v4/factory/postgres/factory.go:262.2,265.25 2 1
github.com/kmlixh/gom/v4/factory/postgres/factory.go:265.25,269.35 4 1
github.com/kmlixh/gom/v4/factory/postgres/factory.go:269.35,270.19 1 1
github.com/kmlixh/gom/v4/factory/postgres/factory.go:270.19,271.13 1 0
github.com/kmlixh/gom/v4/factory/postgres/factory.go:273.4,274.21 2 1
github.com/kmlixh/gom/v4/factory/postgres/factory.go:274.21,275.45 1 1
github.com/kmlixh/gom/v4/factory/postgres/factory.go:275.45,277.14 1 0
github.com/kmlixh/gom/v4/factory/postgres/factory.go:279.5,279.33 1 1
github.com/kmlixh/gom/v4/factory/postgres/factory.go:279.33,280.40 1 0
github.com/kmlixh/gom/v4/factory/postgres/factory.go:280.40,283.7 2 0
github.com/kmlixh/gom/v4/factory/postgres/factory.go:283.12,285.7 1 0
github.com/kmlixh/gom/v4/factory/postgres/factory.go:286.11,288.6 1 1
github.com/kmlixh/gom/v4/factory/postgres/factory.go:289.5,290.32 2 1
github.com/kmlixh/gom/v4/factory/postgres/factory.go:293.3,293.31 1 1
github.com/kmlixh/gom/v4/factory/postgres/factory.go:293.31,294.13 1 1
github.com/kmlixh/gom/v4/factory/postgres/factory.go:294.13,296.5 1 0
github.com/kmlixh/gom/v4/factory/postgres/factory.go:296.10,298.5 1 1
github.com/kmlixh/gom/v4/factory/postgres/factory.go:303.2,303.19 1 1
github.com/kmlixh/gom/v4/factory/postgres/factory.go:303.19,304.63 1 0
github.com/kmlixh/gom/v4/factory/postgres/factory.go:304.63,306.4 1 0
github.com/kmlixh/gom/v4/factory/postgres/factory.go:306.9,308.4 1 0
github.com/kmlixh/gom/v4/factory/postgres/factory.go:312.2,312.15 1 1
github.com/kmlixh/gom/v4/factory/postgres/factory.go:312.15,314.17 2 0
github.com/kmlixh/gom/v4/factory/postgres/factory.go:314.17,316.4 1 0
github.com/kmlixh/gom/v4/factory/postgres/factory.go:319.2,319.25 1 1
github.com/kmlixh/gom/v4/factory/postgres/factory.go:323.153,332.35 5 1
github.com/kmlixh/gom/v4/factory/postgres/factory.go:332.35,333.37 1 1
github.com/kmlixh/gom/v4/factory/postgres/factory.go:333.37,337.4 3 1
github.com/kmlixh/gom/v4/factory/postgres/factory.go:341.2,341.35 1 1
github.com/kmlixh/gom/v4/factory/postgres/factory.go:341.35,342.25 1 1
github.com/kmlixh/gom/v4/factory/postgres/factory.go:342.25,345.4 2 0
github.com/kmlixh/gom/v4/factory/postgres/factory.go:348.2,348.28 1 1
github.com/kmlixh/gom/v4/factory/postgres/factory.go:348.28,351.3 1 0
github.com/kmlixh/gom/v4/factory/postgres/factory.go:353.2,356.49 2 1
github.com/kmlixh/gom/v4/factory/postgres/factory.go:356.49,360.35 4 1
github.com/kmlixh/gom/v4/factory/postgres/factory.go:360.35,361.19 1 1
github.com/kmlixh/gom/v4/factory/postgres/factory.go:361.19,362.13 1 0
github.com/kmlixh/gom/v4/factory/postgres/factory.go:364.4,365.21 2 1
github.com/kmlixh/gom/v4/factory/postgres/factory.go:365.21,366.14 1 1
github.com/kmlixh/gom/v4/factory/postgres/factory.go:366.14,367.40 1 0
github.com/kmlixh/gom/v4/factory/postgres/factory.go:367.40,369.7 1 0
github.com/kmlixh/gom/v4/factory/postgres/factory.go:369.12,371.7 1 0
github.com/kmlixh/gom/v4/factory/postgres/factory.go:373.5,375.39 3 1
github.com/kmlixh/gom/v4/factory/postgres/factory.go:378.3,378.27 1 1
github.com/kmlixh/gom/v4/factory/postgres/factory.go:378.27,380.4 1 1
github.com/kmlixh/gom/v4/factory/postgres/factory.go:383.2,383.20 1 1
github.com/kmlixh/gom/v4/factory/postgres/factory.go:387.121,388.22 1 1
github.com/kmlixh/gom/v4/factory/postgres/factory.go:388.22,390.3 1 0
github.com/kmlixh/gom/v4/factory/postgres/factory.go:393.2,399.35 5 1
github.com/kmlixh/gom/v4/factory/postgres/factory.go:399.35,400.37 1 1
github.com/kmlixh/gom/v4/factory/postgres/factory.go:400.37,405.4 4 1
github.com/kmlixh/gom/v4/factory/postgres/factory.go:409.2,409.35 1 1
github.com/kmlixh/gom/v4/factory/postgres/factory.go:409.35,410.25 1 1
github.com/kmlixh/gom/v4/factory/postgres/factory.go:410.25,414.4 3 0
github.com/kmlixh/gom/v4/factory/postgres/factory.go:417.2,422.20 2 1
github.com/kmlixh/gom/v4/factory/postgres/factory.go:426.67,428.33 2 0
github.com/kmlixh/gom/v4/factory/postgres/factory.go:428.33,430.3 1 0
github.com/kmlixh/gom/v4/factory/postgres/factory.go:431.2,431.15 1 0
github.com/kmlixh/gom/v4/factory/postgres/factory.go:435.112,436.27 1 0
github.com/kmlixh/gom/v4/factory/postgres/factory.go:436.27,438.3 1 0
github.com/kmlixh/gom/v4/factory/postgres/factory.go:441.2,442.37 2 0
github.com/kmlixh/gom/v4/factory/postgres/factory.go:442.37,443.29 1 0
github.com/kmlixh/gom/v4/factory/postgres/factory.go:443.29,445.4 1 0
github.com/kmlixh/gom/v4/factory/postgres/factory.go:449.2,450.30 2 0
github.com/kmlixh/gom/v4/factory/postgres/factory.go:450.30,452.3 1 0
github.com/kmlixh/gom/v4/factory/postgres/factory.go:453.2,459.37 4 0
github.com/kmlixh/gom/v4/factory/postgres/factory.go:459.37,461.36 2 0
github.com/kmlixh/gom/v4/factory/postgres/factory.go:461.36,462.38 1 0
github.com/kmlixh/gom/v4/factory/postgres/factory.go:462.38,465.5 2 0
github.com/kmlixh/gom/v4/factory/postgres/factory.go:465.10,467.5 1 0
github.com/kmlixh/gom/v4/factory/postgres/factory.go:469.3,469.98 1 0
github.com/kmlixh/gom/v4/factory/postgres/factory.go:472.2,477.20 2 0
github.com/kmlixh/gom/v4/factory/postgres/factory.go:481.101,486.49 3 1
github.com/kmlixh/gom/v4/factory/postgres/factory.go:486.49,490.35 4 1
github.com/kmlixh/gom/v4/factory/postgres/factory.go:490.35,491.19 1 1
github.com/kmlixh/gom/v4/factory/postgres/factory.go:491.19,492.13 1 0
github.com/kmlixh/gom/v4/factory/postgres/factory.go:494.4,495.21 2 1
github.com/kmlixh/gom/v4/factory/postgres/factory.go:495.21,496.14 1 1
github.com/kmlixh/gom/v4/factory/postgres/factory.go:496.14,497.40 1 0
github.com/kmlixh/gom/v4/factory/postgres/factory.go:497.40,499.7 1 0
github.com/kmlixh/gom/v4/factory/postgres/factory.go:499.12,501.7 1 0
github.com/kmlixh/gom/v4/factory/postgres/factory.go:503.5,505.39 3 1
github.com/kmlixh/gom/v4/factory/postgres/factory.go:508.3,508.27 1 1
github.com/kmlixh/gom/v4/factory/postgres/factory.go:508.27,510.4 1 1
github.com/kmlixh/gom/v4/factory/postgres/factory.go:513.2,513.20 1 1
github.com/kmlixh/gom/v4/factory/postgres/factory.go:517.81,520.44 2 1
github.com/kmlixh/gom/v4/factory/postgres/factory.go:520.44,523.30 3 1
github.com/kmlixh/gom/v4/factory/postgres/factory.go:523.30,524.12 1 0
github.com/kmlixh/gom/v4/factory/postgres/factory.go:527.3,532.28 5 1
github.com/kmlixh/gom/v4/factory/postgres/factory.go:533.35,534.26 1 1
github.com/kmlixh/gom/v4/factory/postgres/factory.go:535.36,536.27 1 0
github.com/kmlixh/gom/v4/factory/postgres/factory.go:537.22,538.26 1 1
github.com/kmlixh/gom/v4/factory/postgres/factory.go:538.26,540.5 1 1
github.com/kmlixh/gom/v4/factory/postgres/factory.go:540.10,542.5 1 0
github.com/kmlixh/gom/v4/factory/postgres/factory.go:543.37,544.26 1 0
github.com/kmlixh/gom/v4/factory/postgres/factory.go:545.38,546.27 1 0
github.com/kmlixh/gom/v4/factory/postgres/factory.go:547.23,548.25 1 0
github.com/kmlixh/gom/v4/factory/postgres/factory.go:549.24,550.23 1 0
github.com/kmlixh/gom/v4/factory/postgres/factory.go:551.24,552.35 1 0
github.com/kmlixh/gom/v4/factory/postgres/factory.go:553.21,554.26 1 1
github.com/kmlixh/gom/v4/factory/postgres/factory.go:555.23,556.31 1 1
github.com/kmlixh/gom/v4/factory/postgres/factory.go:557.23,558.49 1 1
github.com/kmlixh/gom/v4/factory/postgres/factory.go:558.49,560.5 1 1
github.com/kmlixh/gom/v4/factory/postgres/factory.go:561.20,562.56 1 0
github.com/kmlixh/gom/v4/factory/postgres/factory.go:562.56,564.5 1 0
github.com/kmlixh/gom/v4/factory/postgres/factory.go:567.3,571.48 3 1
github.com/kmlixh/gom/v4/factory/postgres/factory.go:571.48,572.22 1 1
github.com/kmlixh/gom/v4/factory/postgres/factory.go:573.13,574.27 1 1
github.com/kmlixh/gom/v4/factory/postgres/factory.go:574.27,576.6 1 1
github.com/kmlixh/gom/v4/factory/postgres/factory.go:577.24,579.29 2 1
github.com/kmlixh/gom/v4/factory/postgres/factory.go:580.16,581.18 1 0
github.com/kmlixh/gom/v4/factory/postgres/factory.go:582.23,583.27 1 0
github.com/kmlixh/gom/v4/factory/postgres/factory.go:584.19,585.50 1 1
github.com/kmlixh/gom/v4/factory/postgres/factory.go:585.50,587.6 1 1
github.com/kmlixh/gom/v4/factory/postgres/factory.go:591.3,591.58 1 1
github.com/kmlixh/gom/v4/factory/postgres/factory.go:591.58,593.4 1 1
github.com/kmlixh/gom/v4/factory/postgres/factory.go:595.3,595.43 1 1
github.com/kmlixh/gom/v4/factory/postgres/factory.go:599.2,608.14 7 1
github.com/kmlixh/gom/v4/factory/postgres/factory.go:612.89,613.15 1 0
github.com/kmlixh/gom/v4/factory/postgres/factory.go:613.15,615.3 1 0
github.com/kmlixh/gom/v4/factory/postgres/factory.go:618.2,620.42 3 0
github.com/kmlixh/gom/v4/factory/postgres/factory.go:620.42,622.3 1 0
github.com/kmlixh/gom/v4/factory/postgres/factory.go:625.2,633.72 3 0
github.com/kmlixh/gom/v4/factory/postgres/factory.go:633.72,635.3 1 0
github.com/kmlixh/gom/v4/factory/postgres/factory.go:638.2,661.16 2 0
github.com/kmlixh/gom/v4/factory/postgres/factory.go:661.16,663.3 1 0
github.com/kmlixh/gom/v4/factory/postgres/factory.go:664.2,672.18 7 0
github.com/kmlixh/gom/v4/factory/postgres/factory.go:672.18,690.17 7 0
github.com/kmlixh/gom/v4/factory/postgres/factory.go:690.17,692.4 1 0
github.com/kmlixh/gom/v4/factory/postgres/factory.go:695.3,698.23 2 0
github.com/kmlixh/gom/v4/factory/postgres/factory.go:698.23,700.4 1 0
github.com/kmlixh/gom/v4/factory/postgres/factory.go:700.9,700.27 1 0
github.com/kmlixh/gom/v4/factory/postgres/factory.go:700.27,702.4 1 0
github.com/kmlixh/gom/v4/factory/postgres/factory.go:705.3,705.95 1 0
github.com/kmlixh/gom/v4/factory/postgres/factory.go:705.95,706.24 1 0
github.com/kmlixh/gom/v4/factory/postgres/factory.go:706.24,711.5 4 0
github.com/kmlixh/gom/v4/factory/postgres/factory.go:714.3,717.25 4 0
github.com/kmlixh/gom/v4/factory/postgres/factory.go:717.25,719.4 1 0
github.com/kmlixh/gom/v4/factory/postgres/factory.go:720.3,720.20 1 0
github.com/kmlixh/gom/v4/factory/postgres/factory.go:720.20,722.4 1 0
github.com/kmlixh/gom/v4/factory/postgres/factory.go:725.3,725.23 1 0
github.com/kmlixh/gom/v4/factory/postgres/factory.go:726.29,727.21 1 0
github.com/kmlixh/gom/v4/factory/postgres/factory.go:728.15,729.18 1 0
github.com/kmlixh/gom/v4/factory/postgres/factory.go:730.15,731.16 1 0
github.com/kmlixh/gom/v4/factory/postgres/factory.go:734.3,734.23 1 0
github.com/kmlixh/gom/v4/factory/postgres/factory.go:734.23,736.4 1 0
github.com/kmlixh/gom/v4/factory/postgres/factory.go:738.3,738.33 1 0
github.com/kmlixh/gom/v4/factory/postgres/factory.go:741.2,741.34 1 0
github.com/kmlixh/gom/v4/factory/postgres/factory.go:741.34,743.3 1 0
github.com/kmlixh/gom/v4/factory/postgres/factory.go:745.2,753.8 1 0
github.com/kmlixh/gom/v4/factory/postgres/factory.go:757.43,758.33 1 0
github.com/kmlixh/gom/v4/factory/postgres/factory.go:759.26,760.17 1 0
github.com/kmlixh/gom/v4/factory/postgres/factory.go:761.25,762.17 1 0
github.com/kmlixh/gom/v4/factory/postgres/factory.go:763.24,764.17 1 0
github.com/kmlixh/gom/v4/factory/postgres/factory.go:765.28,766.19 1 0
github.com/kmlixh/gom/v4/factory/postgres/factory.go:767.24,768.19 1 0
github.com/kmlixh/gom/v4/factory/postgres/factory.go:769.36,770.19 1 0
github.com/kmlixh/gom/v4/factory/postgres/factory.go:771.41,772.18 1 0
github.com/kmlixh/gom/v4/factory/postgres/factory.go:773.25,774.16 1 0
github.com/kmlixh/gom/v4/factory/postgres/factory.go:775.60,776.21 1 0
github.com/kmlixh/gom/v4/factory/postgres/factory.go:777.15,778.18 1 0
github.com/kmlixh/gom/v4/factory/postgres/factory.go:779.23,780.27 1 0
github.com/kmlixh/gom/v4/factory/postgres/factory.go:781.14,782.21 1 0
github.com/kmlixh/gom/v4/factory/postgres/factory.go:783.22,784.18 1 0
github.com/kmlixh/gom/v4/factory/postgres/factory.go:785.10,786.18 1 0
github.com/kmlixh/gom/v4/factory/postgres/factory.go:791.75,797.21 4 0
github.com/kmlixh/gom/v4/factory/postgres/factory.go:797.21,801.3 2 0
github.com/kmlixh/gom/v4/factory/postgres/factory.go:801.8,801.27 1 0
github.com/kmlixh/gom/v4/factory/postgres/factory.go:801.27,805.3 2 0
github.com/kmlixh/gom/v4/factory/postgres/factory.go:805.8,809.3 2 0
github.com/kmlixh/gom/v4/factory/postgres/factory.go:812.2,822.16 4 0
github.com/kmlixh/gom/v4/factory/postgres/factory.go:822.16,824.3 1 0
github.com/kmlixh/gom/v4/factory/postgres/factory.go:825.2,827.18 2 0
github.com/kmlixh/gom/v4/factory/postgres/factory.go:827.18,829.47 2 0
github.com/kmlixh/gom/v4/factory/postgres/factory.go:829.47,831.4 1 0
github.com/kmlixh/gom/v4/factory/postgres/factory.go:832.3,832.37 1 0
github.com/kmlixh/gom/v4/factory/postgres/factory.go:835.2,835.20 1 0
github.com/kmlixh/gom/v4/factory/postgres/factory.go:839.64,840.22 1 0
github.com/kmlixh/gom/v4/factory/postgres/factory.go:840.22,842.3 1 0
github.com/kmlixh/gom/v4/factory/postgres/factory.go:844.2,845.31 2 0
github.com/kmlixh/gom/v4/factory/postgres/factory.go:845.31,847.37 2 0
github.com/kmlixh/gom/v4/factory/postgres/factory.go:847.37,849.4 1 0
github.com/kmlixh/gom/v4/factory/postgres/factory.go:849.9,851.4 1 0
github.com/kmlixh/gom/v4/factory/postgres/factory.go:852.3,852.30 1 0
github.com/kmlixh/gom/v4/factory/postgres/factory.go:855.2,855.48 1 0
