mode: set
gitee.com/janyees/gom/factory/mysql/mysql.go:25.78,27.2 1 1
gitee.com/janyees/gom/factory/mysql/mysql.go:28.77,29.16 1 1
gitee.com/janyees/gom/factory/mysql/mysql.go:32.2,32.18 1 1
gitee.com/janyees/gom/factory/mysql/mysql.go:35.2,39.21 5 1
gitee.com/janyees/gom/factory/mysql/mysql.go:43.2,43.47 1 1
gitee.com/janyees/gom/factory/mysql/mysql.go:46.2,47.28 2 1
gitee.com/janyees/gom/factory/mysql/mysql.go:55.2,55.47 1 1
gitee.com/janyees/gom/factory/mysql/mysql.go:59.2,59.18 1 1
gitee.com/janyees/gom/factory/mysql/mysql.go:29.16,31.3 1 1
gitee.com/janyees/gom/factory/mysql/mysql.go:32.18,34.3 1 0
gitee.com/janyees/gom/factory/mysql/mysql.go:39.21,41.3 1 1
gitee.com/janyees/gom/factory/mysql/mysql.go:43.47,45.3 1 1
gitee.com/janyees/gom/factory/mysql/mysql.go:47.28,48.33 1 1
gitee.com/janyees/gom/factory/mysql/mysql.go:48.33,52.4 3 1
gitee.com/janyees/gom/factory/mysql/mysql.go:55.47,57.3 1 1
gitee.com/janyees/gom/factory/mysql/mysql.go:63.13,67.81 4 1
gitee.com/janyees/gom/factory/mysql/mysql.go:117.2,117.82 1 1
gitee.com/janyees/gom/factory/mysql/mysql.go:150.2,150.82 1 1
gitee.com/janyees/gom/factory/mysql/mysql.go:177.2,177.82 1 1
gitee.com/janyees/gom/factory/mysql/mysql.go:67.81,72.18 5 1
gitee.com/janyees/gom/factory/mysql/mysql.go:75.3,75.17 1 1
gitee.com/janyees/gom/factory/mysql/mysql.go:86.3,88.25 3 1
gitee.com/janyees/gom/factory/mysql/mysql.go:91.3,92.32 2 1
gitee.com/janyees/gom/factory/mysql/mysql.go:107.3,107.26 1 1
gitee.com/janyees/gom/factory/mysql/mysql.go:112.3,115.16 4 1
gitee.com/janyees/gom/factory/mysql/mysql.go:72.18,73.49 1 0
gitee.com/janyees/gom/factory/mysql/mysql.go:75.17,76.46 1 1
gitee.com/janyees/gom/factory/mysql/mysql.go:76.46,77.15 1 1
gitee.com/janyees/gom/factory/mysql/mysql.go:77.15,79.6 1 1
gitee.com/janyees/gom/factory/mysql/mysql.go:79.11,81.6 1 1
gitee.com/janyees/gom/factory/mysql/mysql.go:83.9,85.4 1 0
gitee.com/janyees/gom/factory/mysql/mysql.go:88.25,90.4 1 1
gitee.com/janyees/gom/factory/mysql/mysql.go:92.32,94.47 2 1
gitee.com/janyees/gom/factory/mysql/mysql.go:94.47,95.14 1 1
gitee.com/janyees/gom/factory/mysql/mysql.go:98.5,99.50 2 1
gitee.com/janyees/gom/factory/mysql/mysql.go:104.5,104.61 1 1
gitee.com/janyees/gom/factory/mysql/mysql.go:95.14,97.6 1 0
gitee.com/janyees/gom/factory/mysql/mysql.go:99.50,101.6 1 0
gitee.com/janyees/gom/factory/mysql/mysql.go:101.11,103.6 1 1
gitee.com/janyees/gom/factory/mysql/mysql.go:107.26,111.4 3 1
gitee.com/janyees/gom/factory/mysql/mysql.go:117.82,118.40 1 1
gitee.com/janyees/gom/factory/mysql/mysql.go:121.3,122.32 2 1
gitee.com/janyees/gom/factory/mysql/mysql.go:148.3,148.16 1 1
gitee.com/janyees/gom/factory/mysql/mysql.go:118.40,119.47 1 0
gitee.com/janyees/gom/factory/mysql/mysql.go:122.32,123.87 1 1
gitee.com/janyees/gom/factory/mysql/mysql.go:126.4,130.38 5 1
gitee.com/janyees/gom/factory/mysql/mysql.go:140.4,141.21 2 1
gitee.com/janyees/gom/factory/mysql/mysql.go:144.4,145.57 2 1
gitee.com/janyees/gom/factory/mysql/mysql.go:123.87,124.43 1 0
gitee.com/janyees/gom/factory/mysql/mysql.go:130.38,131.14 1 1
gitee.com/janyees/gom/factory/mysql/mysql.go:131.14,132.15 1 1
gitee.com/janyees/gom/factory/mysql/mysql.go:135.6,137.9 3 1
gitee.com/janyees/gom/factory/mysql/mysql.go:132.15,134.7 1 1
gitee.com/janyees/gom/factory/mysql/mysql.go:141.21,143.5 1 1
gitee.com/janyees/gom/factory/mysql/mysql.go:150.82,152.32 2 1
gitee.com/janyees/gom/factory/mysql/mysql.go:175.3,175.16 1 1
gitee.com/janyees/gom/factory/mysql/mysql.go:152.32,158.38 5 1
gitee.com/janyees/gom/factory/mysql/mysql.go:170.4,173.57 4 1
gitee.com/janyees/gom/factory/mysql/mysql.go:158.38,159.38 1 1
gitee.com/janyees/gom/factory/mysql/mysql.go:159.38,160.15 1 1
gitee.com/janyees/gom/factory/mysql/mysql.go:164.6,167.9 4 1
gitee.com/janyees/gom/factory/mysql/mysql.go:160.15,163.7 2 1
gitee.com/janyees/gom/factory/mysql/mysql.go:177.82,179.32 2 1
gitee.com/janyees/gom/factory/mysql/mysql.go:190.3,190.16 1 1
gitee.com/janyees/gom/factory/mysql/mysql.go:179.32,184.21 5 1
gitee.com/janyees/gom/factory/mysql/mysql.go:187.4,188.57 2 1
gitee.com/janyees/gom/factory/mysql/mysql.go:184.21,186.5 1 1
gitee.com/janyees/gom/factory/mysql/mysql.go:194.38,195.33 1 1
gitee.com/janyees/gom/factory/mysql/mysql.go:195.33,197.3 1 0
gitee.com/janyees/gom/factory/mysql/mysql.go:197.8,199.3 1 1
gitee.com/janyees/gom/factory/mysql/mysql.go:202.55,203.34 1 1
gitee.com/janyees/gom/factory/mysql/mysql.go:206.2,207.25 2 1
gitee.com/janyees/gom/factory/mysql/mysql.go:244.2,244.62 1 1
gitee.com/janyees/gom/factory/mysql/mysql.go:203.34,205.3 1 1
gitee.com/janyees/gom/factory/mysql/mysql.go:208.15,209.19 1 1
gitee.com/janyees/gom/factory/mysql/mysql.go:210.18,211.20 1 1
gitee.com/janyees/gom/factory/mysql/mysql.go:212.15,213.20 1 1
gitee.com/janyees/gom/factory/mysql/mysql.go:214.15,215.19 1 1
gitee.com/janyees/gom/factory/mysql/mysql.go:216.15,217.20 1 1
gitee.com/janyees/gom/factory/mysql/mysql.go:218.15,219.19 1 1
gitee.com/janyees/gom/factory/mysql/mysql.go:220.15,221.50 1 1
gitee.com/janyees/gom/factory/mysql/mysql.go:222.18,223.54 1 1
gitee.com/janyees/gom/factory/mysql/mysql.go:224.17,228.22 4 1
gitee.com/janyees/gom/factory/mysql/mysql.go:229.28,233.22 4 1
gitee.com/janyees/gom/factory/mysql/mysql.go:234.26,238.22 4 1
gitee.com/janyees/gom/factory/mysql/mysql.go:239.19,240.23 1 1
gitee.com/janyees/gom/factory/mysql/mysql.go:241.22,242.27 1 1
gitee.com/janyees/gom/factory/mysql/mysql.go:247.48,248.22 1 1
gitee.com/janyees/gom/factory/mysql/mysql.go:249.16,250.17 1 1
gitee.com/janyees/gom/factory/mysql/mysql.go:251.15,252.16 1 1
gitee.com/janyees/gom/factory/mysql/mysql.go:253.10,254.17 1 0
gitee.com/janyees/gom/factory/mysql/mysql.go:258.35,259.16 1 1
gitee.com/janyees/gom/factory/mysql/mysql.go:259.16,261.3 1 1
gitee.com/janyees/gom/factory/mysql/mysql.go:261.8,263.32 2 1
gitee.com/janyees/gom/factory/mysql/mysql.go:266.3,267.13 2 1
gitee.com/janyees/gom/factory/mysql/mysql.go:263.32,265.4 1 1
gitee.com/janyees/gom/Dbs.go:26.30,28.2 1 1
gitee.com/janyees/gom/Dbs.go:29.37,33.2 3 1
gitee.com/janyees/gom/Dbs.go:34.41,35.32 1 1
gitee.com/janyees/gom/Dbs.go:35.32,37.3 1 1
gitee.com/janyees/gom/Dbs.go:39.55,45.2 5 1
gitee.com/janyees/gom/Dbs.go:47.60,53.2 5 1
gitee.com/janyees/gom/Dbs.go:54.31,59.2 4 1
gitee.com/janyees/gom/Dbs.go:60.42,63.2 2 1
gitee.com/janyees/gom/Dbs.go:64.43,67.2 2 1
gitee.com/janyees/gom/Dbs.go:69.60,72.2 2 1
gitee.com/janyees/gom/Dbs.go:73.43,77.2 3 1
gitee.com/janyees/gom/Dbs.go:78.25,80.2 1 1
gitee.com/janyees/gom/Dbs.go:82.47,87.2 4 1
gitee.com/janyees/gom/Dbs.go:89.54,93.15 4 1
gitee.com/janyees/gom/Dbs.go:96.2,98.18 2 1
gitee.com/janyees/gom/Dbs.go:93.15,94.12 1 0
gitee.com/janyees/gom/Dbs.go:101.57,105.15 4 1
gitee.com/janyees/gom/Dbs.go:108.2,110.20 3 1
gitee.com/janyees/gom/Dbs.go:105.15,106.12 1 0
gitee.com/janyees/gom/Dbs.go:113.77,116.15 3 1
gitee.com/janyees/gom/Dbs.go:119.2,119.45 1 1
gitee.com/janyees/gom/Dbs.go:116.15,118.3 1 1
gitee.com/janyees/gom/Dbs.go:119.45,121.3 1 1
gitee.com/janyees/gom/Dbs.go:121.8,124.3 2 1
gitee.com/janyees/gom/Dbs.go:126.75,132.2 4 1
gitee.com/janyees/gom/Dbs.go:133.57,135.2 1 1
gitee.com/janyees/gom/Dbs.go:136.77,139.2 1 1
gitee.com/janyees/gom/Dbs.go:140.62,143.2 1 1
gitee.com/janyees/gom/Dbs.go:144.77,146.2 1 1
gitee.com/janyees/gom/Dbs.go:148.105,150.28 2 1
gitee.com/janyees/gom/Dbs.go:153.2,153.45 1 1
gitee.com/janyees/gom/Dbs.go:159.2,159.54 1 1
gitee.com/janyees/gom/Dbs.go:150.28,152.3 1 1
gitee.com/janyees/gom/Dbs.go:153.45,154.31 1 1
gitee.com/janyees/gom/Dbs.go:157.3,157.25 1 1
gitee.com/janyees/gom/Dbs.go:154.31,156.4 1 0
gitee.com/janyees/gom/Dbs.go:159.54,161.3 1 1
gitee.com/janyees/gom/Dbs.go:161.8,163.19 2 1
gitee.com/janyees/gom/Dbs.go:183.3,183.44 1 1
gitee.com/janyees/gom/Dbs.go:163.19,166.57 3 1
gitee.com/janyees/gom/Dbs.go:169.4,169.24 1 1
gitee.com/janyees/gom/Dbs.go:166.57,168.5 1 0
gitee.com/janyees/gom/Dbs.go:170.9,171.25 1 1
gitee.com/janyees/gom/Dbs.go:171.25,173.18 2 1
gitee.com/janyees/gom/Dbs.go:176.5,177.58 2 1
gitee.com/janyees/gom/Dbs.go:180.5,180.25 1 1
gitee.com/janyees/gom/Dbs.go:173.18,174.15 1 0
gitee.com/janyees/gom/Dbs.go:177.58,179.6 1 1
gitee.com/janyees/gom/Dbs.go:187.49,189.15 2 1
gitee.com/janyees/gom/Dbs.go:192.2,193.17 2 1
gitee.com/janyees/gom/Dbs.go:189.15,191.3 1 0
gitee.com/janyees/gom/Dbs.go:196.108,203.37 6 1
gitee.com/janyees/gom/Dbs.go:224.2,225.33 2 1
gitee.com/janyees/gom/Dbs.go:203.37,204.12 1 1
gitee.com/janyees/gom/Dbs.go:207.3,208.16 2 1
gitee.com/janyees/gom/Dbs.go:211.3,212.76 2 1
gitee.com/janyees/gom/Dbs.go:219.3,219.17 1 1
gitee.com/janyees/gom/Dbs.go:222.3,222.14 1 1
gitee.com/janyees/gom/Dbs.go:204.12,206.4 1 0
gitee.com/janyees/gom/Dbs.go:208.16,210.4 1 0
gitee.com/janyees/gom/Dbs.go:212.76,215.17 2 1
gitee.com/janyees/gom/Dbs.go:215.17,217.5 1 1
gitee.com/janyees/gom/Dbs.go:219.17,221.4 1 0
gitee.com/janyees/gom/Dbs.go:228.90,230.16 2 1
gitee.com/janyees/gom/Dbs.go:233.2,233.25 1 1
gitee.com/janyees/gom/Dbs.go:230.16,232.3 1 0
gitee.com/janyees/gom/Dbs.go:236.38,237.37 1 1
gitee.com/janyees/gom/Dbs.go:240.2,240.12 1 1
gitee.com/janyees/gom/Dbs.go:237.37,239.3 1 1
gitee.com/janyees/gom/Dbs.go:243.105,244.11 1 1
gitee.com/janyees/gom/Dbs.go:247.2,248.27 2 1
gitee.com/janyees/gom/Dbs.go:254.2,254.16 1 1
gitee.com/janyees/gom/Dbs.go:257.2,258.17 2 1
gitee.com/janyees/gom/Dbs.go:261.2,261.29 1 1
gitee.com/janyees/gom/Dbs.go:267.2,267.25 1 1
gitee.com/janyees/gom/Dbs.go:244.11,246.3 1 0
gitee.com/janyees/gom/Dbs.go:248.27,250.17 2 1
gitee.com/janyees/gom/Dbs.go:250.17,251.14 1 0
gitee.com/janyees/gom/Dbs.go:254.16,256.3 1 0
gitee.com/janyees/gom/Dbs.go:258.17,260.3 1 0
gitee.com/janyees/gom/Dbs.go:261.29,263.17 2 1
gitee.com/janyees/gom/Dbs.go:263.17,264.14 1 0
gitee.com/janyees/gom/Dbs.go:271.63,274.15 3 1
gitee.com/janyees/gom/Dbs.go:282.2,283.16 2 1
gitee.com/janyees/gom/Dbs.go:287.2,288.16 2 1
gitee.com/janyees/gom/Dbs.go:291.2,291.20 1 1
gitee.com/janyees/gom/Dbs.go:274.15,277.17 3 1
gitee.com/janyees/gom/Dbs.go:277.17,279.4 1 0
gitee.com/janyees/gom/Dbs.go:283.16,286.3 2 0
gitee.com/janyees/gom/Dbs.go:288.16,290.3 1 0
gitee.com/janyees/gom/Dbs.go:294.46,295.47 1 1
gitee.com/janyees/gom/Dbs.go:298.2,298.12 1 1
gitee.com/janyees/gom/Dbs.go:295.47,297.3 1 1
gitee.com/janyees/gom/Dbs.go:301.37,302.39 1 1
gitee.com/janyees/gom/Dbs.go:305.2,305.12 1 1
gitee.com/janyees/gom/Dbs.go:302.39,304.3 1 1
gitee.com/janyees/gom/Dbs.go:307.52,308.21 1 1
gitee.com/janyees/gom/Dbs.go:311.2,311.19 1 1
gitee.com/janyees/gom/Dbs.go:317.2,317.20 1 1
gitee.com/janyees/gom/Dbs.go:323.2,323.24 1 1
gitee.com/janyees/gom/Dbs.go:308.21,310.3 1 1
gitee.com/janyees/gom/Dbs.go:311.19,313.17 2 1
gitee.com/janyees/gom/Dbs.go:313.17,314.14 1 0
gitee.com/janyees/gom/Dbs.go:317.20,319.17 2 1
gitee.com/janyees/gom/Dbs.go:319.17,320.14 1 0
gitee.com/janyees/gom/Dbs.go:323.24,325.17 2 1
gitee.com/janyees/gom/Dbs.go:325.17,326.14 1 0
gitee.com/janyees/gom/Dbs.go:331.29,338.2 6 1
gitee.com/janyees/gom/arrays/array.go:3.41,5.2 1 1
gitee.com/janyees/gom/arrays/array.go:6.50,9.27 3 1
gitee.com/janyees/gom/arrays/array.go:13.2,13.27 1 1
gitee.com/janyees/gom/arrays/array.go:19.2,19.11 1 1
gitee.com/janyees/gom/arrays/array.go:9.27,11.3 1 1
gitee.com/janyees/gom/arrays/array.go:13.27,15.17 2 1
gitee.com/janyees/gom/arrays/array.go:15.17,17.4 1 1
gitee.com/janyees/gom/cnds/conditions.go:116.39,118.2 1 1
gitee.com/janyees/gom/cnds/conditions.go:120.41,122.2 1 1
gitee.com/janyees/gom/cnds/conditions.go:123.40,125.2 1 1
gitee.com/janyees/gom/cnds/conditions.go:126.47,128.2 1 1
gitee.com/janyees/gom/cnds/conditions.go:129.48,131.2 1 1
gitee.com/janyees/gom/cnds/conditions.go:132.57,134.2 1 1
gitee.com/janyees/gom/cnds/conditions.go:135.45,137.2 1 1
gitee.com/janyees/gom/cnds/conditions.go:138.49,140.2 1 1
gitee.com/janyees/gom/cnds/conditions.go:141.48,143.2 1 1
gitee.com/janyees/gom/cnds/conditions.go:144.38,146.2 1 1
gitee.com/janyees/gom/cnds/conditions.go:148.72,150.2 1 1
gitee.com/janyees/gom/cnds/conditions.go:152.74,154.2 1 1
gitee.com/janyees/gom/cnds/conditions.go:156.72,158.2 1 1
gitee.com/janyees/gom/cnds/conditions.go:160.74,162.2 1 1
gitee.com/janyees/gom/cnds/conditions.go:164.72,166.2 1 1
gitee.com/janyees/gom/cnds/conditions.go:168.74,170.2 1 1
gitee.com/janyees/gom/cnds/conditions.go:172.72,174.2 1 1
gitee.com/janyees/gom/cnds/conditions.go:176.74,178.2 1 1
gitee.com/janyees/gom/cnds/conditions.go:180.72,182.2 1 1
gitee.com/janyees/gom/cnds/conditions.go:184.74,186.2 1 1
gitee.com/janyees/gom/cnds/conditions.go:188.75,190.2 1 1
gitee.com/janyees/gom/cnds/conditions.go:192.77,194.2 1 1
gitee.com/janyees/gom/cnds/conditions.go:196.75,198.2 1 1
gitee.com/janyees/gom/cnds/conditions.go:200.77,203.2 1 1
gitee.com/janyees/gom/cnds/conditions.go:205.78,207.2 1 1
gitee.com/janyees/gom/cnds/conditions.go:209.80,211.2 1 1
gitee.com/janyees/gom/cnds/conditions.go:213.74,215.2 1 1
gitee.com/janyees/gom/cnds/conditions.go:217.76,219.2 1 1
gitee.com/janyees/gom/cnds/conditions.go:221.85,223.2 1 1
gitee.com/janyees/gom/cnds/conditions.go:225.87,227.2 1 1
gitee.com/janyees/gom/cnds/conditions.go:229.83,231.2 1 1
gitee.com/janyees/gom/cnds/conditions.go:233.85,235.2 1 1
gitee.com/janyees/gom/cnds/conditions.go:237.56,239.2 1 1
gitee.com/janyees/gom/cnds/conditions.go:241.59,243.2 1 1
gitee.com/janyees/gom/cnds/conditions.go:245.96,247.2 1 1
gitee.com/janyees/gom/cnds/conditions.go:248.61,254.2 5 1
gitee.com/janyees/gom/cnds/conditions.go:256.86,258.2 1 1
gitee.com/janyees/gom/cnds/conditions.go:260.84,266.2 5 1
gitee.com/janyees/gom/cnds/conditions.go:267.86,273.2 5 1
gitee.com/janyees/gom/cnds/conditions.go:274.84,280.2 5 1
gitee.com/janyees/gom/cnds/conditions.go:281.86,287.2 5 1
gitee.com/janyees/gom/cnds/conditions.go:288.84,294.2 5 1
gitee.com/janyees/gom/cnds/conditions.go:295.86,301.2 5 1
gitee.com/janyees/gom/cnds/conditions.go:302.84,308.2 5 1
gitee.com/janyees/gom/cnds/conditions.go:309.86,315.2 5 1
gitee.com/janyees/gom/cnds/conditions.go:316.84,322.2 5 1
gitee.com/janyees/gom/cnds/conditions.go:323.86,329.2 5 1
gitee.com/janyees/gom/cnds/conditions.go:330.87,336.2 5 1
gitee.com/janyees/gom/cnds/conditions.go:337.89,343.2 5 1
gitee.com/janyees/gom/cnds/conditions.go:344.87,350.2 5 1
gitee.com/janyees/gom/cnds/conditions.go:351.89,357.2 5 1
gitee.com/janyees/gom/cnds/conditions.go:358.90,364.2 5 1
gitee.com/janyees/gom/cnds/conditions.go:365.92,371.2 5 1
gitee.com/janyees/gom/cnds/conditions.go:372.86,378.2 5 1
gitee.com/janyees/gom/cnds/conditions.go:379.88,385.2 5 1
gitee.com/janyees/gom/cnds/conditions.go:386.97,392.2 5 1
gitee.com/janyees/gom/cnds/conditions.go:393.99,399.2 5 1
gitee.com/janyees/gom/cnds/conditions.go:400.95,406.2 5 1
gitee.com/janyees/gom/cnds/conditions.go:407.68,413.2 5 1
gitee.com/janyees/gom/cnds/conditions.go:414.71,420.2 5 1
gitee.com/janyees/gom/cnds/conditions.go:422.58,424.2 1 1
gitee.com/janyees/gom/cnds/conditions.go:426.70,433.2 6 1
gitee.com/janyees/gom/cnds/conditions.go:435.61,437.2 1 1
gitee.com/janyees/gom/cnds/conditions.go:439.73,446.2 6 1
gitee.com/janyees/gom/cnds/conditions.go:448.97,454.2 5 1
gitee.com/janyees/gom/cnds/conditions.go:456.109,462.2 5 1
gitee.com/janyees/gom/cnds/conditions.go:464.98,471.2 6 1
gitee.com/janyees/gom/cnds/conditions.go:472.96,474.2 1 1
gitee.com/janyees/gom/cnds/conditions.go:475.108,481.2 5 1
gitee.com/janyees/gom/cnds/conditions.go:482.60,488.2 5 1
gitee.com/janyees/gom/cnds/conditions.go:489.85,491.2 1 1
gitee.com/janyees/gom/cnds/conditions.go:492.97,499.2 6 1
gitee.com/janyees/gom/cnds/conditions.go:501.55,503.2 1 1
gitee.com/janyees/gom/cnds/conditions.go:504.58,506.2 1 1
gitee.com/janyees/gom/cnds/conditions.go:507.55,509.2 1 1
gitee.com/janyees/gom/cnds/conditions.go:510.55,512.2 1 1
gitee.com/janyees/gom/cnds/conditions.go:513.55,515.2 1 1
gitee.com/janyees/gom/cnds/conditions.go:516.55,518.2 1 1
gitee.com/janyees/gom/cnds/conditions.go:519.57,521.2 1 1
gitee.com/janyees/gom/cnds/conditions.go:522.68,524.2 1 1
gitee.com/janyees/gom/cnds/conditions.go:525.66,527.2 1 1
gitee.com/janyees/gom/cnds/conditions.go:528.59,530.2 1 1
gitee.com/janyees/gom/cnds/conditions.go:531.62,533.2 1 1
gitee.com/janyees/gom/cnds/conditions.go:534.40,536.2 1 1
gitee.com/janyees/gom/cnds/conditions.go:537.43,539.2 1 1
gitee.com/janyees/gom/cnds/conditions.go:541.78,543.2 1 1
gitee.com/janyees/gom/cnds/conditions.go:544.90,546.2 1 1
gitee.com/janyees/gom/cnds/conditions.go:547.69,549.2 1 1
gitee.com/janyees/gom/cnds/conditions.go:550.81,552.2 1 1
gitee.com/janyees/gom/cnds/conditions.go:554.127,565.2 1 1
gitee.com/janyees/gom/structs/scanners.go:25.57,27.15 2 1
gitee.com/janyees/gom/structs/scanners.go:30.2,31.12 2 1
gitee.com/janyees/gom/structs/scanners.go:27.15,29.3 1 0
gitee.com/janyees/gom/structs/scanners.go:33.58,35.2 1 1
gitee.com/janyees/gom/structs/scanners.go:41.49,43.2 1 1
gitee.com/janyees/gom/structs/scanners.go:44.53,46.2 1 1
gitee.com/janyees/gom/structs/scanners.go:48.52,49.16 1 1
gitee.com/janyees/gom/structs/scanners.go:52.2,54.20 3 1
gitee.com/janyees/gom/structs/scanners.go:62.2,62.20 1 1
gitee.com/janyees/gom/structs/scanners.go:49.16,51.3 1 1
gitee.com/janyees/gom/structs/scanners.go:55.11,56.21 1 0
gitee.com/janyees/gom/structs/scanners.go:57.13,58.30 1 0
gitee.com/janyees/gom/structs/scanners.go:59.13,60.30 1 1
gitee.com/janyees/gom/structs/scanners.go:65.56,66.16 1 1
gitee.com/janyees/gom/structs/scanners.go:69.2,71.20 3 1
gitee.com/janyees/gom/structs/scanners.go:77.2,77.20 1 1
gitee.com/janyees/gom/structs/scanners.go:66.16,68.3 1 0
gitee.com/janyees/gom/structs/scanners.go:72.15,73.34 1 0
gitee.com/janyees/gom/structs/scanners.go:74.15,75.25 1 1
gitee.com/janyees/gom/structs/scanners.go:80.58,81.16 1 1
gitee.com/janyees/gom/structs/scanners.go:84.2,85.20 2 1
gitee.com/janyees/gom/structs/scanners.go:91.2,91.20 1 1
gitee.com/janyees/gom/structs/scanners.go:81.16,83.3 1 0
gitee.com/janyees/gom/structs/scanners.go:86.14,87.32 1 0
gitee.com/janyees/gom/structs/scanners.go:88.14,89.24 1 1
gitee.com/janyees/gom/structs/scanners.go:94.52,96.8 2 1
gitee.com/janyees/gom/structs/scanners.go:99.2,99.20 1 1
gitee.com/janyees/gom/structs/scanners.go:96.8,98.3 1 0
gitee.com/janyees/gom/structs/scanners.go:100.11,101.34 1 1
gitee.com/janyees/gom/structs/scanners.go:102.13,103.26 1 0
gitee.com/janyees/gom/structs/scanners.go:104.13,105.26 1 0
gitee.com/janyees/gom/structs/scanners.go:106.13,107.26 1 1
gitee.com/janyees/gom/structs/scanners.go:108.15,109.47 1 1
gitee.com/janyees/gom/structs/scanners.go:110.15,111.28 1 1
gitee.com/janyees/gom/structs/scanners.go:112.14,113.27 1 1
gitee.com/janyees/gom/structs/scanners.go:114.14,115.47 1 1
gitee.com/janyees/gom/structs/scanners.go:116.17,117.25 1 1
gitee.com/janyees/gom/structs/scanners.go:118.12,119.25 1 1
gitee.com/janyees/gom/structs/scanners.go:120.10,121.13 1 1
gitee.com/janyees/gom/structs/structs.go:68.60,70.2 1 1
gitee.com/janyees/gom/structs/structs.go:71.36,73.2 1 1
gitee.com/janyees/gom/structs/structs.go:74.39,76.2 1 1
gitee.com/janyees/gom/structs/structs.go:87.41,89.2 1 1
gitee.com/janyees/gom/structs/structs.go:91.37,93.2 1 1
gitee.com/janyees/gom/structs/structs.go:142.86,145.16 3 1
gitee.com/janyees/gom/structs/structs.go:170.2,170.33 1 1
gitee.com/janyees/gom/structs/structs.go:145.16,146.34 1 1
gitee.com/janyees/gom/structs/structs.go:146.34,148.10 2 1
gitee.com/janyees/gom/structs/structs.go:148.10,150.5 1 1
gitee.com/janyees/gom/structs/structs.go:150.10,152.5 1 1
gitee.com/janyees/gom/structs/structs.go:154.8,154.54 1 1
gitee.com/janyees/gom/structs/structs.go:154.54,156.23 2 1
gitee.com/janyees/gom/structs/structs.go:161.3,161.34 1 1
gitee.com/janyees/gom/structs/structs.go:156.23,158.4 1 0
gitee.com/janyees/gom/structs/structs.go:158.9,160.4 1 1
gitee.com/janyees/gom/structs/structs.go:161.34,162.25 1 1
gitee.com/janyees/gom/structs/structs.go:162.25,165.5 2 1
gitee.com/janyees/gom/structs/structs.go:165.10,167.5 1 1
gitee.com/janyees/gom/structs/structs.go:173.70,175.15 2 1
gitee.com/janyees/gom/structs/structs.go:179.2,180.16 2 1
gitee.com/janyees/gom/structs/structs.go:183.2,184.15 2 1
gitee.com/janyees/gom/structs/structs.go:221.2,221.33 1 1
gitee.com/janyees/gom/structs/structs.go:175.15,177.3 1 0
gitee.com/janyees/gom/structs/structs.go:180.16,182.3 1 0
gitee.com/janyees/gom/structs/structs.go:184.15,185.19 1 1
gitee.com/janyees/gom/structs/structs.go:185.19,187.18 2 1
gitee.com/janyees/gom/structs/structs.go:190.4,191.18 2 1
gitee.com/janyees/gom/structs/structs.go:200.4,200.45 1 1
gitee.com/janyees/gom/structs/structs.go:187.18,188.15 1 0
gitee.com/janyees/gom/structs/structs.go:191.18,193.5 1 1
gitee.com/janyees/gom/structs/structs.go:193.10,195.18 2 1
gitee.com/janyees/gom/structs/structs.go:198.5,198.30 1 1
gitee.com/janyees/gom/structs/structs.go:195.18,196.15 1 0
gitee.com/janyees/gom/structs/structs.go:202.8,203.18 1 1
gitee.com/janyees/gom/structs/structs.go:203.18,205.17 2 1
gitee.com/janyees/gom/structs/structs.go:208.4,209.18 2 1
gitee.com/janyees/gom/structs/structs.go:218.4,218.20 1 1
gitee.com/janyees/gom/structs/structs.go:205.17,206.14 1 0
gitee.com/janyees/gom/structs/structs.go:209.18,211.5 1 1
gitee.com/janyees/gom/structs/structs.go:211.10,213.18 2 1
gitee.com/janyees/gom/structs/structs.go:216.5,216.30 1 1
gitee.com/janyees/gom/structs/structs.go:213.18,214.15 1 0
gitee.com/janyees/gom/structs/structs.go:224.43,225.39 1 1
gitee.com/janyees/gom/structs/structs.go:228.2,228.19 1 1
gitee.com/janyees/gom/structs/structs.go:225.39,227.3 1 1
gitee.com/janyees/gom/structs/structs.go:231.56,233.2 1 1
gitee.com/janyees/gom/structs/structs.go:235.47,236.44 1 1
gitee.com/janyees/gom/structs/structs.go:239.2,239.25 1 1
gitee.com/janyees/gom/structs/structs.go:236.44,238.3 1 1
gitee.com/janyees/gom/structs/structs.go:242.64,243.40 1 1
gitee.com/janyees/gom/structs/structs.go:250.2,250.12 1 1
gitee.com/janyees/gom/structs/structs.go:243.40,244.17 1 1
gitee.com/janyees/gom/structs/structs.go:244.17,246.4 1 1
gitee.com/janyees/gom/structs/structs.go:246.9,248.4 1 1
gitee.com/janyees/gom/structs/structs.go:253.120,258.26 5 1
gitee.com/janyees/gom/structs/structs.go:258.26,261.34 3 1
gitee.com/janyees/gom/structs/structs.go:266.3,266.28 1 1
gitee.com/janyees/gom/structs/structs.go:261.34,262.26 1 1
gitee.com/janyees/gom/structs/structs.go:262.26,264.5 1 1
gitee.com/janyees/gom/structs/structs.go:270.47,272.2 1 1
gitee.com/janyees/gom/structs/structs.go:274.67,275.45 1 1
gitee.com/janyees/gom/structs/structs.go:275.45,277.3 1 1
gitee.com/janyees/gom/structs/structs.go:277.8,279.37 2 1
gitee.com/janyees/gom/structs/structs.go:289.3,289.14 1 1
gitee.com/janyees/gom/structs/structs.go:279.37,288.4 1 1
gitee.com/janyees/gom/structs/structs.go:293.55,294.24 1 1
gitee.com/janyees/gom/structs/structs.go:297.2,297.28 1 1
gitee.com/janyees/gom/structs/structs.go:305.2,305.20 1 1
gitee.com/janyees/gom/structs/structs.go:294.24,296.3 1 1
gitee.com/janyees/gom/structs/structs.go:297.28,301.24 3 1
gitee.com/janyees/gom/structs/structs.go:301.24,303.4 1 1
gitee.com/janyees/gom/structs/structs.go:308.66,311.2 2 1
gitee.com/janyees/gom/structs/structs.go:313.49,315.2 1 1
gitee.com/janyees/gom/structs/structs.go:317.65,320.2 2 1
gitee.com/janyees/gom/structs/structs.go:322.40,324.2 1 1
gitee.com/janyees/gom/structs/structs.go:326.51,329.2 2 1
gitee.com/janyees/gom/structs/structs.go:330.47,340.2 1 1
gitee.com/janyees/gom/structs/util.go:16.50,21.30 5 1
gitee.com/janyees/gom/structs/util.go:25.2,25.62 1 1
gitee.com/janyees/gom/structs/util.go:29.2,31.11 2 1
gitee.com/janyees/gom/structs/util.go:34.2,35.14 2 1
gitee.com/janyees/gom/structs/util.go:39.2,39.62 1 1
gitee.com/janyees/gom/structs/util.go:21.30,24.3 2 1
gitee.com/janyees/gom/structs/util.go:25.62,28.3 2 1
gitee.com/janyees/gom/structs/util.go:31.11,33.3 1 0
gitee.com/janyees/gom/structs/util.go:35.14,37.3 1 1
gitee.com/janyees/gom/structs/util.go:45.81,47.14 1 1
gitee.com/janyees/gom/structs/util.go:50.2,51.28 2 1
gitee.com/janyees/gom/structs/util.go:54.2,56.83 3 1
gitee.com/janyees/gom/structs/util.go:60.2,62.8 3 1
gitee.com/janyees/gom/structs/util.go:90.2,92.18 3 1
gitee.com/janyees/gom/structs/util.go:47.14,49.3 1 1
gitee.com/janyees/gom/structs/util.go:51.28,53.3 1 1
gitee.com/janyees/gom/structs/util.go:56.83,58.3 1 1
gitee.com/janyees/gom/structs/util.go:62.8,64.3 1 1
gitee.com/janyees/gom/structs/util.go:64.8,69.28 4 1
gitee.com/janyees/gom/structs/util.go:87.3,88.23 2 1
gitee.com/janyees/gom/structs/util.go:69.28,70.66 1 1
gitee.com/janyees/gom/structs/util.go:78.4,79.35 2 1
gitee.com/janyees/gom/structs/util.go:82.4,82.235 1 1
gitee.com/janyees/gom/structs/util.go:70.66,72.12 2 1
gitee.com/janyees/gom/structs/util.go:72.12,74.6 1 1
gitee.com/janyees/gom/structs/util.go:74.11,76.6 1 0
gitee.com/janyees/gom/structs/util.go:79.35,81.5 1 1
gitee.com/janyees/gom/structs/util.go:83.9,86.4 2 1
gitee.com/janyees/gom/structs/util.go:95.71,101.37 5 1
gitee.com/janyees/gom/structs/util.go:110.2,110.11 1 1
gitee.com/janyees/gom/structs/util.go:113.2,113.43 1 1
gitee.com/janyees/gom/structs/util.go:101.37,106.16 5 1
gitee.com/janyees/gom/structs/util.go:106.16,108.4 1 1
gitee.com/janyees/gom/structs/util.go:110.11,112.3 1 0
gitee.com/janyees/gom/structs/util.go:121.83,123.11 2 1
gitee.com/janyees/gom/structs/util.go:126.2,126.139 1 1
gitee.com/janyees/gom/structs/util.go:123.11,125.3 1 0
gitee.com/janyees/gom/structs/util.go:129.77,131.13 2 1
gitee.com/janyees/gom/structs/util.go:134.2,134.33 1 1
gitee.com/janyees/gom/structs/util.go:131.13,133.3 1 1
gitee.com/janyees/gom/structs/util.go:134.33,136.3 1 1
gitee.com/janyees/gom/structs/util.go:136.8,136.26 1 1
gitee.com/janyees/gom/structs/util.go:136.26,138.34 2 1
gitee.com/janyees/gom/structs/util.go:141.3,141.34 1 1
gitee.com/janyees/gom/structs/util.go:144.3,144.45 1 1
gitee.com/janyees/gom/structs/util.go:138.34,140.4 1 1
gitee.com/janyees/gom/structs/util.go:141.34,143.4 1 1
gitee.com/janyees/gom/structs/util.go:145.8,146.33 1 1
gitee.com/janyees/gom/structs/util.go:146.33,148.22 2 1
gitee.com/janyees/gom/structs/util.go:148.22,149.81 1 1
gitee.com/janyees/gom/structs/util.go:149.81,151.6 1 0
gitee.com/janyees/gom/structs/util.go:151.11,151.85 1 1
gitee.com/janyees/gom/structs/util.go:151.85,153.6 1 1
gitee.com/janyees/gom/structs/util.go:153.11,153.87 1 1
gitee.com/janyees/gom/structs/util.go:153.87,155.6 1 1
gitee.com/janyees/gom/structs/util.go:155.11,157.6 1 0
gitee.com/janyees/gom/structs/util.go:158.10,160.5 1 0
gitee.com/janyees/gom/structs/util.go:161.9,163.4 1 1
gitee.com/janyees/gom/structs/util.go:167.95,168.15 1 1
gitee.com/janyees/gom/structs/util.go:171.2,172.21 2 1
gitee.com/janyees/gom/structs/util.go:175.2,175.38 1 1
gitee.com/janyees/gom/structs/util.go:192.2,192.85 1 1
gitee.com/janyees/gom/structs/util.go:168.15,170.3 1 1
gitee.com/janyees/gom/structs/util.go:172.21,174.3 1 1
gitee.com/janyees/gom/structs/util.go:175.38,176.35 1 1
gitee.com/janyees/gom/structs/util.go:181.3,182.44 2 1
gitee.com/janyees/gom/structs/util.go:185.3,187.34 3 1
gitee.com/janyees/gom/structs/util.go:190.3,190.30 1 1
gitee.com/janyees/gom/structs/util.go:176.35,179.4 1 1
gitee.com/janyees/gom/structs/util.go:182.44,183.75 1 0
gitee.com/janyees/gom/structs/util.go:187.34,189.4 1 0
gitee.com/janyees/gom/structs/util.go:195.74,197.16 2 1
gitee.com/janyees/gom/structs/util.go:200.2,200.29 1 1
gitee.com/janyees/gom/structs/util.go:197.16,198.13 1 0
gitee.com/janyees/gom/structs/util.go:202.65,203.17 1 1
gitee.com/janyees/gom/structs/util.go:206.2,207.25 2 1
gitee.com/janyees/gom/structs/util.go:221.2,221.12 1 1
gitee.com/janyees/gom/structs/util.go:203.17,205.3 1 0
gitee.com/janyees/gom/structs/util.go:207.25,209.30 2 1
gitee.com/janyees/gom/structs/util.go:212.3,212.113 1 1
gitee.com/janyees/gom/structs/util.go:209.30,211.4 1 0
gitee.com/janyees/gom/structs/util.go:212.113,214.18 2 1
gitee.com/janyees/gom/structs/util.go:214.18,216.5 1 1
gitee.com/janyees/gom/structs/util.go:216.10,218.5 1 1
gitee.com/janyees/gom/structs/util.go:223.47,226.29 3 1
gitee.com/janyees/gom/structs/util.go:229.2,229.31 1 1
gitee.com/janyees/gom/structs/util.go:244.2,244.15 1 1
gitee.com/janyees/gom/structs/util.go:226.29,228.3 1 0
gitee.com/janyees/gom/structs/util.go:229.31,232.18 2 1
gitee.com/janyees/gom/structs/util.go:232.18,233.33 1 1
gitee.com/janyees/gom/structs/util.go:233.33,235.32 2 1
gitee.com/janyees/gom/structs/util.go:235.32,237.6 1 1
gitee.com/janyees/gom/structs/util.go:241.8,243.3 1 1
gitee.com/janyees/gom/structs/util.go:246.65,249.26 3 1
gitee.com/janyees/gom/structs/util.go:258.2,258.15 1 1
gitee.com/janyees/gom/structs/util.go:249.26,252.10 3 1
gitee.com/janyees/gom/structs/util.go:255.3,256.18 2 1
gitee.com/janyees/gom/structs/util.go:252.10,254.4 1 1
gitee.com/janyees/gom/structs/util.go:261.22,270.16 4 1
gitee.com/janyees/gom/structs/util.go:274.2,274.18 1 1
gitee.com/janyees/gom/structs/util.go:270.16,271.57 1 0
gitee.com/janyees/gom/structs/util.go:277.133,279.35 2 1
gitee.com/janyees/gom/structs/util.go:292.2,292.10 1 1
gitee.com/janyees/gom/structs/util.go:279.35,280.47 1 1
gitee.com/janyees/gom/structs/util.go:280.47,282.17 2 1
gitee.com/janyees/gom/structs/util.go:285.4,286.24 2 1
gitee.com/janyees/gom/structs/util.go:282.17,283.14 1 0
gitee.com/janyees/gom/structs/util.go:286.24,288.5 1 1
gitee.com/janyees/gom/register/register.go:13.54,16.18 3 1
gitee.com/janyees/gom/register/register.go:19.2,19.35 1 1
gitee.com/janyees/gom/register/register.go:22.2,22.24 1 1
gitee.com/janyees/gom/register/register.go:16.18,17.47 1 0
gitee.com/janyees/gom/register/register.go:19.35,20.66 1 0
gitee.com/janyees/gom/register/register.go:24.50,27.2 2 1
gitee.com/janyees/gom/structs/castor.go:5.42,9.27 4 1
gitee.com/janyees/gom/structs/castor.go:23.2,23.41 1 1
gitee.com/janyees/gom/structs/castor.go:9.27,14.41 2 1
gitee.com/janyees/gom/structs/castor.go:17.3,17.15 1 1
gitee.com/janyees/gom/structs/castor.go:20.3,20.25 1 1
gitee.com/janyees/gom/structs/castor.go:14.41,16.4 1 1
gitee.com/janyees/gom/structs/castor.go:17.15,19.4 1 1
gitee.com/janyees/gom/gom.go:15.104,18.16 3 1
gitee.com/janyees/gom/gom.go:18.16,20.3 1 1
gitee.com/janyees/gom/gom.go:20.8,24.10 4 1
gitee.com/janyees/gom/gom.go:27.3,27.61 1 1
gitee.com/janyees/gom/gom.go:24.10,26.4 1 0
gitee.com/janyees/gom/gom.go:31.68,34.16 3 1
gitee.com/janyees/gom/gom.go:34.16,36.3 1 1
gitee.com/janyees/gom/gom.go:36.8,39.10 3 1
gitee.com/janyees/gom/gom.go:42.3,42.61 1 1
gitee.com/janyees/gom/gom.go:39.10,41.4 1 0
