mode: set
github.com/kmlixh/gom/v4/define/condition.go:42.74,48.2 1 0
github.com/kmlixh/gom/v4/define/condition.go:51.53,53.23 2 0
github.com/kmlixh/gom/v4/define/condition.go:53.23,55.3 1 0
github.com/kmlixh/gom/v4/define/condition.go:56.2,57.10 2 0
github.com/kmlixh/gom/v4/define/condition.go:61.52,63.23 2 0
github.com/kmlixh/gom/v4/define/condition.go:63.23,65.3 1 0
github.com/kmlixh/gom/v4/define/condition.go:66.2,67.10 2 0
github.com/kmlixh/gom/v4/define/condition.go:71.53,73.2 1 0
github.com/kmlixh/gom/v4/define/condition.go:75.53,77.2 1 0
github.com/kmlixh/gom/v4/define/condition.go:79.53,81.2 1 0
github.com/kmlixh/gom/v4/define/condition.go:83.53,85.2 1 0
github.com/kmlixh/gom/v4/define/condition.go:87.53,89.2 1 0
github.com/kmlixh/gom/v4/define/condition.go:91.53,93.2 1 0
github.com/kmlixh/gom/v4/define/condition.go:95.55,97.2 1 0
github.com/kmlixh/gom/v4/define/condition.go:99.58,101.2 1 0
github.com/kmlixh/gom/v4/define/condition.go:104.56,106.27 2 0
github.com/kmlixh/gom/v4/define/condition.go:106.27,107.26 1 0
github.com/kmlixh/gom/v4/define/condition.go:108.22,109.35 1 0
github.com/kmlixh/gom/v4/define/condition.go:110.17,111.26 1 0
github.com/kmlixh/gom/v4/define/condition.go:111.26,113.5 1 0
github.com/kmlixh/gom/v4/define/condition.go:114.14,115.26 1 0
github.com/kmlixh/gom/v4/define/condition.go:115.26,117.5 1 0
github.com/kmlixh/gom/v4/define/condition.go:118.16,119.26 1 0
github.com/kmlixh/gom/v4/define/condition.go:119.26,121.5 1 0
github.com/kmlixh/gom/v4/define/condition.go:122.18,123.26 1 0
github.com/kmlixh/gom/v4/define/condition.go:123.26,125.5 1 0
github.com/kmlixh/gom/v4/define/condition.go:126.11,127.30 1 0
github.com/kmlixh/gom/v4/define/condition.go:130.2,130.15 1 0
github.com/kmlixh/gom/v4/define/condition.go:134.57,140.2 1 0
github.com/kmlixh/gom/v4/define/condition.go:143.60,149.2 1 0
github.com/kmlixh/gom/v4/define/condition.go:151.38,153.2 1 0
github.com/kmlixh/gom/v4/define/condition.go:155.41,157.2 1 0
github.com/kmlixh/gom/v4/define/condition.go:159.63,161.2 1 0
github.com/kmlixh/gom/v4/define/condition.go:163.66,165.2 1 0
github.com/kmlixh/gom/v4/define/register.go:14.57,18.2 3 0
github.com/kmlixh/gom/v4/define/register.go:21.52,24.42 3 0
github.com/kmlixh/gom/v4/define/register.go:24.42,26.3 1 0
github.com/kmlixh/gom/v4/define/register.go:27.2,27.72 1 0
github.com/kmlixh/gom/v4/define/register.go:31.39,35.2 3 0
github.com/kmlixh/gom/v4/define/result.go:13.48,14.20 1 0
github.com/kmlixh/gom/v4/define/result.go:14.20,16.3 1 0
github.com/kmlixh/gom/v4/define/result.go:17.2,17.18 1 0
github.com/kmlixh/gom/v4/define/result.go:21.48,22.20 1 0
github.com/kmlixh/gom/v4/define/result.go:22.20,24.3 1 0
github.com/kmlixh/gom/v4/define/result.go:25.2,25.24 1 0
github.com/kmlixh/gom/v4/factory/mysql/factory.go:18.13,20.2 1 1
github.com/kmlixh/gom/v4/factory/mysql/factory.go:21.24,23.2 1 1
github.com/kmlixh/gom/v4/factory/mysql/factory.go:25.56,27.2 1 0
github.com/kmlixh/gom/v4/factory/mysql/factory.go:30.56,31.12 1 1
github.com/kmlixh/gom/v4/factory/mysql/factory.go:32.19,33.13 1 1
github.com/kmlixh/gom/v4/factory/mysql/factory.go:34.19,35.14 1 0
github.com/kmlixh/gom/v4/factory/mysql/factory.go:36.19,37.13 1 1
github.com/kmlixh/gom/v4/factory/mysql/factory.go:38.19,39.14 1 0
github.com/kmlixh/gom/v4/factory/mysql/factory.go:40.19,41.13 1 0
github.com/kmlixh/gom/v4/factory/mysql/factory.go:42.19,43.14 1 0
github.com/kmlixh/gom/v4/factory/mysql/factory.go:44.21,45.16 1 0
github.com/kmlixh/gom/v4/factory/mysql/factory.go:46.24,47.20 1 0
github.com/kmlixh/gom/v4/factory/mysql/factory.go:48.19,49.14 1 0
github.com/kmlixh/gom/v4/factory/mysql/factory.go:50.22,51.18 1 0
github.com/kmlixh/gom/v4/factory/mysql/factory.go:52.23,53.19 1 0
github.com/kmlixh/gom/v4/factory/mysql/factory.go:54.26,55.23 1 0
github.com/kmlixh/gom/v4/factory/mysql/factory.go:56.24,57.19 1 0
github.com/kmlixh/gom/v4/factory/mysql/factory.go:58.27,59.23 1 0
github.com/kmlixh/gom/v4/factory/mysql/factory.go:60.10,61.13 1 0
github.com/kmlixh/gom/v4/factory/mysql/factory.go:65.82,66.17 1 1
github.com/kmlixh/gom/v4/factory/mysql/factory.go:66.17,68.3 1 0
github.com/kmlixh/gom/v4/factory/mysql/factory.go:70.2,70.47 1 1
github.com/kmlixh/gom/v4/factory/mysql/factory.go:70.47,74.41 3 0
github.com/kmlixh/gom/v4/factory/mysql/factory.go:74.41,76.20 2 0
github.com/kmlixh/gom/v4/factory/mysql/factory.go:76.20,77.62 1 0
github.com/kmlixh/gom/v4/factory/mysql/factory.go:77.62,79.6 1 0
github.com/kmlixh/gom/v4/factory/mysql/factory.go:79.11,79.36 1 0
github.com/kmlixh/gom/v4/factory/mysql/factory.go:79.36,81.6 1 0
github.com/kmlixh/gom/v4/factory/mysql/factory.go:81.11,83.6 1 0
github.com/kmlixh/gom/v4/factory/mysql/factory.go:84.5,84.41 1 0
github.com/kmlixh/gom/v4/factory/mysql/factory.go:88.3,88.27 1 0
github.com/kmlixh/gom/v4/factory/mysql/factory.go:88.27,90.4 1 0
github.com/kmlixh/gom/v4/factory/mysql/factory.go:91.3,91.17 1 0
github.com/kmlixh/gom/v4/factory/mysql/factory.go:94.2,94.22 1 1
github.com/kmlixh/gom/v4/factory/mysql/factory.go:94.22,96.3 1 0
github.com/kmlixh/gom/v4/factory/mysql/factory.go:98.2,99.17 2 1
github.com/kmlixh/gom/v4/factory/mysql/factory.go:100.35,101.51 1 0
github.com/kmlixh/gom/v4/factory/mysql/factory.go:101.51,103.26 2 0
github.com/kmlixh/gom/v4/factory/mysql/factory.go:103.26,105.5 1 0
github.com/kmlixh/gom/v4/factory/mysql/factory.go:106.4,106.95 1 0
github.com/kmlixh/gom/v4/factory/mysql/factory.go:108.3,108.17 1 0
github.com/kmlixh/gom/v4/factory/mysql/factory.go:109.43,110.53 1 0
github.com/kmlixh/gom/v4/factory/mysql/factory.go:111.45,112.71 1 0
github.com/kmlixh/gom/v4/factory/mysql/factory.go:112.71,114.4 1 0
github.com/kmlixh/gom/v4/factory/mysql/factory.go:115.3,115.17 1 0
github.com/kmlixh/gom/v4/factory/mysql/factory.go:116.10,117.77 1 1
github.com/kmlixh/gom/v4/factory/mysql/factory.go:122.153,127.21 3 1
github.com/kmlixh/gom/v4/factory/mysql/factory.go:127.21,129.32 2 1
github.com/kmlixh/gom/v4/factory/mysql/factory.go:129.32,131.4 1 1
github.com/kmlixh/gom/v4/factory/mysql/factory.go:132.3,132.44 1 1
github.com/kmlixh/gom/v4/factory/mysql/factory.go:133.8,135.3 1 1
github.com/kmlixh/gom/v4/factory/mysql/factory.go:138.2,141.25 2 1
github.com/kmlixh/gom/v4/factory/mysql/factory.go:141.25,144.35 3 1
github.com/kmlixh/gom/v4/factory/mysql/factory.go:144.35,146.21 2 1
github.com/kmlixh/gom/v4/factory/mysql/factory.go:146.21,147.44 1 1
github.com/kmlixh/gom/v4/factory/mysql/factory.go:147.44,149.6 1 0
github.com/kmlixh/gom/v4/factory/mysql/factory.go:149.11,149.21 1 1
github.com/kmlixh/gom/v4/factory/mysql/factory.go:149.21,151.6 1 1
github.com/kmlixh/gom/v4/factory/mysql/factory.go:151.11,153.6 1 1
github.com/kmlixh/gom/v4/factory/mysql/factory.go:154.5,154.37 1 1
github.com/kmlixh/gom/v4/factory/mysql/factory.go:157.3,157.42 1 1
github.com/kmlixh/gom/v4/factory/mysql/factory.go:161.2,161.19 1 1
github.com/kmlixh/gom/v4/factory/mysql/factory.go:161.19,163.3 1 1
github.com/kmlixh/gom/v4/factory/mysql/factory.go:166.2,166.15 1 1
github.com/kmlixh/gom/v4/factory/mysql/factory.go:166.15,168.17 2 1
github.com/kmlixh/gom/v4/factory/mysql/factory.go:168.17,170.4 1 1
github.com/kmlixh/gom/v4/factory/mysql/factory.go:173.2,173.20 1 1
github.com/kmlixh/gom/v4/factory/mysql/factory.go:177.132,183.28 4 1
github.com/kmlixh/gom/v4/factory/mysql/factory.go:183.28,184.20 1 1
github.com/kmlixh/gom/v4/factory/mysql/factory.go:184.20,186.4 1 1
github.com/kmlixh/gom/v4/factory/mysql/factory.go:188.2,192.35 3 1
github.com/kmlixh/gom/v4/factory/mysql/factory.go:192.35,195.3 2 1
github.com/kmlixh/gom/v4/factory/mysql/factory.go:197.2,197.28 1 1
github.com/kmlixh/gom/v4/factory/mysql/factory.go:197.28,200.3 1 0
github.com/kmlixh/gom/v4/factory/mysql/factory.go:202.2,205.25 2 1
github.com/kmlixh/gom/v4/factory/mysql/factory.go:205.25,208.35 3 1
github.com/kmlixh/gom/v4/factory/mysql/factory.go:208.35,210.21 2 1
github.com/kmlixh/gom/v4/factory/mysql/factory.go:210.21,211.44 1 1
github.com/kmlixh/gom/v4/factory/mysql/factory.go:211.44,213.6 1 0
github.com/kmlixh/gom/v4/factory/mysql/factory.go:213.11,213.21 1 1
github.com/kmlixh/gom/v4/factory/mysql/factory.go:213.21,215.6 1 0
github.com/kmlixh/gom/v4/factory/mysql/factory.go:215.11,217.6 1 1
github.com/kmlixh/gom/v4/factory/mysql/factory.go:218.5,218.37 1 1
github.com/kmlixh/gom/v4/factory/mysql/factory.go:221.3,221.42 1 1
github.com/kmlixh/gom/v4/factory/mysql/factory.go:224.2,224.20 1 1
github.com/kmlixh/gom/v4/factory/mysql/factory.go:228.100,229.22 1 1
github.com/kmlixh/gom/v4/factory/mysql/factory.go:229.22,231.3 1 1
github.com/kmlixh/gom/v4/factory/mysql/factory.go:234.2,235.28 2 1
github.com/kmlixh/gom/v4/factory/mysql/factory.go:235.28,237.3 1 1
github.com/kmlixh/gom/v4/factory/mysql/factory.go:238.2,244.35 5 1
github.com/kmlixh/gom/v4/factory/mysql/factory.go:244.35,248.3 3 1
github.com/kmlixh/gom/v4/factory/mysql/factory.go:250.2,255.20 2 1
github.com/kmlixh/gom/v4/factory/mysql/factory.go:259.107,260.22 1 0
github.com/kmlixh/gom/v4/factory/mysql/factory.go:260.22,262.3 1 0
github.com/kmlixh/gom/v4/factory/mysql/factory.go:265.2,266.31 2 0
github.com/kmlixh/gom/v4/factory/mysql/factory.go:266.31,268.3 1 0
github.com/kmlixh/gom/v4/factory/mysql/factory.go:270.2,274.29 3 0
github.com/kmlixh/gom/v4/factory/mysql/factory.go:274.29,276.36 2 0
github.com/kmlixh/gom/v4/factory/mysql/factory.go:276.36,279.4 2 0
github.com/kmlixh/gom/v4/factory/mysql/factory.go:280.3,280.93 1 0
github.com/kmlixh/gom/v4/factory/mysql/factory.go:283.2,290.20 2 0
github.com/kmlixh/gom/v4/factory/mysql/factory.go:294.101,298.25 3 1
github.com/kmlixh/gom/v4/factory/mysql/factory.go:298.25,301.35 3 1
github.com/kmlixh/gom/v4/factory/mysql/factory.go:301.35,303.21 2 1
github.com/kmlixh/gom/v4/factory/mysql/factory.go:303.21,304.44 1 1
github.com/kmlixh/gom/v4/factory/mysql/factory.go:304.44,306.6 1 0
github.com/kmlixh/gom/v4/factory/mysql/factory.go:306.11,306.21 1 1
github.com/kmlixh/gom/v4/factory/mysql/factory.go:306.21,308.6 1 0
github.com/kmlixh/gom/v4/factory/mysql/factory.go:308.11,310.6 1 1
github.com/kmlixh/gom/v4/factory/mysql/factory.go:311.5,311.37 1 1
github.com/kmlixh/gom/v4/factory/mysql/factory.go:314.3,314.42 1 1
github.com/kmlixh/gom/v4/factory/mysql/factory.go:317.2,317.20 1 1
github.com/kmlixh/gom/v4/factory/mysql/factory.go:321.81,324.44 2 1
github.com/kmlixh/gom/v4/factory/mysql/factory.go:324.44,327.30 3 1
github.com/kmlixh/gom/v4/factory/mysql/factory.go:327.30,328.12 1 0
github.com/kmlixh/gom/v4/factory/mysql/factory.go:332.3,335.21 4 1
github.com/kmlixh/gom/v4/factory/mysql/factory.go:335.21,337.4 1 1
github.com/kmlixh/gom/v4/factory/mysql/factory.go:340.3,343.28 2 1
github.com/kmlixh/gom/v4/factory/mysql/factory.go:344.64,345.23 1 1
github.com/kmlixh/gom/v4/factory/mysql/factory.go:346.22,349.49 2 1
github.com/kmlixh/gom/v4/factory/mysql/factory.go:349.49,350.57 1 1
github.com/kmlixh/gom/v4/factory/mysql/factory.go:350.57,352.11 2 1
github.com/kmlixh/gom/v4/factory/mysql/factory.go:355.4,355.21 1 1
github.com/kmlixh/gom/v4/factory/mysql/factory.go:355.21,357.5 1 1
github.com/kmlixh/gom/v4/factory/mysql/factory.go:357.10,359.5 1 0
github.com/kmlixh/gom/v4/factory/mysql/factory.go:360.68,361.32 1 0
github.com/kmlixh/gom/v4/factory/mysql/factory.go:362.23,363.35 1 0
github.com/kmlixh/gom/v4/factory/mysql/factory.go:364.24,365.25 1 0
github.com/kmlixh/gom/v4/factory/mysql/factory.go:366.24,367.26 1 0
github.com/kmlixh/gom/v4/factory/mysql/factory.go:368.23,370.18 2 1
github.com/kmlixh/gom/v4/factory/mysql/factory.go:370.18,372.5 1 1
github.com/kmlixh/gom/v4/factory/mysql/factory.go:373.4,373.50 1 1
github.com/kmlixh/gom/v4/factory/mysql/factory.go:374.21,375.27 1 1
github.com/kmlixh/gom/v4/factory/mysql/factory.go:376.23,377.49 1 1
github.com/kmlixh/gom/v4/factory/mysql/factory.go:377.49,378.35 1 1
github.com/kmlixh/gom/v4/factory/mysql/factory.go:378.35,380.6 1 1
github.com/kmlixh/gom/v4/factory/mysql/factory.go:380.11,380.42 1 1
github.com/kmlixh/gom/v4/factory/mysql/factory.go:380.42,382.6 1 1
github.com/kmlixh/gom/v4/factory/mysql/factory.go:382.11,384.6 1 0
github.com/kmlixh/gom/v4/factory/mysql/factory.go:388.3,388.39 1 1
github.com/kmlixh/gom/v4/factory/mysql/factory.go:391.2,391.96 1 1
github.com/kmlixh/gom/v4/factory/mysql/factory.go:395.89,407.16 5 0
github.com/kmlixh/gom/v4/factory/mysql/factory.go:407.16,409.3 1 0
github.com/kmlixh/gom/v4/factory/mysql/factory.go:412.2,428.16 3 0
github.com/kmlixh/gom/v4/factory/mysql/factory.go:428.16,430.3 1 0
github.com/kmlixh/gom/v4/factory/mysql/factory.go:431.2,433.18 2 0
github.com/kmlixh/gom/v4/factory/mysql/factory.go:433.18,453.17 9 0
github.com/kmlixh/gom/v4/factory/mysql/factory.go:453.17,455.4 1 0
github.com/kmlixh/gom/v4/factory/mysql/factory.go:458.3,463.25 6 0
github.com/kmlixh/gom/v4/factory/mysql/factory.go:463.25,465.4 1 0
github.com/kmlixh/gom/v4/factory/mysql/factory.go:468.3,468.23 1 0
github.com/kmlixh/gom/v4/factory/mysql/factory.go:468.23,470.4 1 0
github.com/kmlixh/gom/v4/factory/mysql/factory.go:472.3,472.53 1 0
github.com/kmlixh/gom/v4/factory/mysql/factory.go:475.2,475.33 1 0
github.com/kmlixh/gom/v4/factory/mysql/factory.go:475.33,477.3 1 0
github.com/kmlixh/gom/v4/factory/mysql/factory.go:479.2,479.24 1 0
github.com/kmlixh/gom/v4/factory/mysql/factory.go:483.75,487.20 3 0
github.com/kmlixh/gom/v4/factory/mysql/factory.go:487.20,493.3 1 0
github.com/kmlixh/gom/v4/factory/mysql/factory.go:493.8,501.3 2 0
github.com/kmlixh/gom/v4/factory/mysql/factory.go:503.2,505.20 3 0
github.com/kmlixh/gom/v4/factory/mysql/factory.go:505.20,507.3 1 0
github.com/kmlixh/gom/v4/factory/mysql/factory.go:507.8,509.3 1 0
github.com/kmlixh/gom/v4/factory/mysql/factory.go:510.2,510.16 1 0
github.com/kmlixh/gom/v4/factory/mysql/factory.go:510.16,512.3 1 0
github.com/kmlixh/gom/v4/factory/mysql/factory.go:513.2,515.18 2 0
github.com/kmlixh/gom/v4/factory/mysql/factory.go:515.18,517.47 2 0
github.com/kmlixh/gom/v4/factory/mysql/factory.go:517.47,519.4 1 0
github.com/kmlixh/gom/v4/factory/mysql/factory.go:520.3,520.37 1 0
github.com/kmlixh/gom/v4/factory/mysql/factory.go:523.2,523.20 1 0
github.com/kmlixh/gom/v4/factory/mysql/factory.go:527.64,528.22 1 1
github.com/kmlixh/gom/v4/factory/mysql/factory.go:528.22,530.3 1 1
github.com/kmlixh/gom/v4/factory/mysql/factory.go:532.2,533.31 2 1
github.com/kmlixh/gom/v4/factory/mysql/factory.go:533.31,534.37 1 1
github.com/kmlixh/gom/v4/factory/mysql/factory.go:534.37,536.4 1 1
github.com/kmlixh/gom/v4/factory/mysql/factory.go:536.9,538.4 1 1
github.com/kmlixh/gom/v4/factory/mysql/factory.go:540.2,540.41 1 1
github.com/kmlixh/gom/v4/test/testutils.go:20.13,23.24 2 1
github.com/kmlixh/gom/v4/test/testutils.go:23.24,25.3 1 1
github.com/kmlixh/gom/v4/test/testutils.go:27.2,28.21 2 1
github.com/kmlixh/gom/v4/test/testutils.go:28.21,30.3 1 1
github.com/kmlixh/gom/v4/test/testutils.go:33.2,33.24 1 1
github.com/kmlixh/gom/v4/test/testutils.go:37.55,39.23 2 0
github.com/kmlixh/gom/v4/test/testutils.go:39.23,51.3 1 0
github.com/kmlixh/gom/v4/test/testutils.go:51.8,51.33 1 0
github.com/kmlixh/gom/v4/test/testutils.go:51.33,63.3 1 0
github.com/kmlixh/gom/v4/test/testutils.go:65.2,66.16 2 0
github.com/kmlixh/gom/v4/test/testutils.go:66.16,68.3 1 0
github.com/kmlixh/gom/v4/test/testutils.go:71.2,72.12 2 0
github.com/kmlixh/gom/v4/example/model.go:22.35,24.2 1 0
github.com/kmlixh/gom/v4/example/model.go:27.23,86.2 26 0
github.com/kmlixh/gom/v4/example/model.go:89.34,101.2 1 0
github.com/kmlixh/gom/v4/example/postgres/main.go:14.13,17.16 2 0
github.com/kmlixh/gom/v4/example/postgres/main.go:17.16,19.3 1 0
github.com/kmlixh/gom/v4/example/postgres/main.go:20.2,25.16 4 0
github.com/kmlixh/gom/v4/example/postgres/main.go:25.16,27.3 1 0
github.com/kmlixh/gom/v4/example/postgres/main.go:30.2,41.25 3 0
github.com/kmlixh/gom/v4/example/postgres/main.go:41.25,43.3 1 0
github.com/kmlixh/gom/v4/example/postgres/main.go:44.2,52.16 4 0
github.com/kmlixh/gom/v4/example/postgres/main.go:52.16,54.3 1 0
github.com/kmlixh/gom/v4/example/postgres/main.go:57.2,65.25 4 0
github.com/kmlixh/gom/v4/example/postgres/main.go:65.25,67.3 1 0
github.com/kmlixh/gom/v4/example/postgres/main.go:70.2,75.25 3 0
github.com/kmlixh/gom/v4/example/postgres/main.go:75.25,77.3 1 0
github.com/kmlixh/gom/v4/example/postgres/main.go:80.2,80.52 1 0
github.com/kmlixh/gom/v4/example/postgres/main.go:80.52,84.26 3 0
github.com/kmlixh/gom/v4/example/postgres/main.go:84.26,86.4 1 0
github.com/kmlixh/gom/v4/example/postgres/main.go:89.3,93.17 3 0
github.com/kmlixh/gom/v4/example/postgres/main.go:93.17,95.4 1 0
github.com/kmlixh/gom/v4/example/postgres/main.go:98.3,99.26 2 0
github.com/kmlixh/gom/v4/example/postgres/main.go:99.26,101.4 1 0
github.com/kmlixh/gom/v4/example/postgres/main.go:103.3,103.13 1 0
github.com/kmlixh/gom/v4/example/postgres/main.go:105.2,105.16 1 0
github.com/kmlixh/gom/v4/example/postgres/main.go:105.16,107.3 1 0
github.com/kmlixh/gom/v4/example/postgres/main.go:110.2,132.25 3 0
github.com/kmlixh/gom/v4/example/postgres/main.go:132.25,134.3 1 0
github.com/kmlixh/gom/v4/example/postgres/main.go:137.2,138.25 2 0
github.com/kmlixh/gom/v4/example/postgres/main.go:138.25,140.3 1 0
github.com/kmlixh/gom/v4/example/postgres/main.go:143.2,145.23 3 0
github.com/kmlixh/gom/v4/example/postgres/main.go:145.23,147.3 1 0
github.com/kmlixh/gom/v4/example/postgres/main.go:148.2,149.16 2 0
github.com/kmlixh/gom/v4/example/postgres/main.go:149.16,151.3 1 0
github.com/kmlixh/gom/v4/example/postgres/main.go:154.2,155.25 2 0
github.com/kmlixh/gom/v4/example/postgres/main.go:155.25,157.3 1 0
github.com/kmlixh/gom/v4/example/postgres/main.go:160.2,161.16 2 0
github.com/kmlixh/gom/v4/example/postgres/main.go:161.16,163.3 1 0
github.com/kmlixh/gom/v4/example/mysql/main.go:14.13,17.16 2 0
github.com/kmlixh/gom/v4/example/mysql/main.go:17.16,19.3 1 0
github.com/kmlixh/gom/v4/example/mysql/main.go:20.2,25.16 4 0
github.com/kmlixh/gom/v4/example/mysql/main.go:25.16,27.3 1 0
github.com/kmlixh/gom/v4/example/mysql/main.go:30.2,41.25 3 0
github.com/kmlixh/gom/v4/example/mysql/main.go:41.25,43.3 1 0
github.com/kmlixh/gom/v4/example/mysql/main.go:44.2,52.16 4 0
github.com/kmlixh/gom/v4/example/mysql/main.go:52.16,54.3 1 0
github.com/kmlixh/gom/v4/example/mysql/main.go:57.2,65.25 4 0
github.com/kmlixh/gom/v4/example/mysql/main.go:65.25,67.3 1 0
github.com/kmlixh/gom/v4/example/mysql/main.go:70.2,75.25 3 0
github.com/kmlixh/gom/v4/example/mysql/main.go:75.25,77.3 1 0
github.com/kmlixh/gom/v4/example/mysql/main.go:80.2,80.52 1 0
github.com/kmlixh/gom/v4/example/mysql/main.go:80.52,84.26 3 0
github.com/kmlixh/gom/v4/example/mysql/main.go:84.26,86.4 1 0
github.com/kmlixh/gom/v4/example/mysql/main.go:89.3,93.17 3 0
github.com/kmlixh/gom/v4/example/mysql/main.go:93.17,95.4 1 0
github.com/kmlixh/gom/v4/example/mysql/main.go:98.3,99.26 2 0
github.com/kmlixh/gom/v4/example/mysql/main.go:99.26,101.4 1 0
github.com/kmlixh/gom/v4/example/mysql/main.go:103.3,103.13 1 0
github.com/kmlixh/gom/v4/example/mysql/main.go:105.2,105.16 1 0
github.com/kmlixh/gom/v4/example/mysql/main.go:105.16,107.3 1 0
github.com/kmlixh/gom/v4/example/mysql/main.go:110.2,132.25 3 0
github.com/kmlixh/gom/v4/example/mysql/main.go:132.25,134.3 1 0
github.com/kmlixh/gom/v4/example/mysql/main.go:137.2,138.25 2 0
github.com/kmlixh/gom/v4/example/mysql/main.go:138.25,140.3 1 0
github.com/kmlixh/gom/v4/example/mysql/main.go:143.2,145.23 3 0
github.com/kmlixh/gom/v4/example/mysql/main.go:145.23,147.3 1 0
github.com/kmlixh/gom/v4/example/mysql/main.go:148.2,149.16 2 0
github.com/kmlixh/gom/v4/example/mysql/main.go:149.16,151.3 1 0
github.com/kmlixh/gom/v4/example/mysql/main.go:154.2,155.25 2 0
github.com/kmlixh/gom/v4/example/mysql/main.go:155.25,157.3 1 0
github.com/kmlixh/gom/v4/example/mysql/main.go:160.2,161.16 2 0
github.com/kmlixh/gom/v4/example/mysql/main.go:161.16,163.3 1 0
github.com/kmlixh/gom/v4/factory/postgres/factory.go:18.13,20.2 1 1
github.com/kmlixh/gom/v4/factory/postgres/factory.go:22.24,24.2 1 1
github.com/kmlixh/gom/v4/factory/postgres/factory.go:26.56,28.2 1 0
github.com/kmlixh/gom/v4/factory/postgres/factory.go:31.56,32.12 1 1
github.com/kmlixh/gom/v4/factory/postgres/factory.go:33.19,34.13 1 1
github.com/kmlixh/gom/v4/factory/postgres/factory.go:35.19,36.14 1 0
github.com/kmlixh/gom/v4/factory/postgres/factory.go:37.19,38.13 1 1
github.com/kmlixh/gom/v4/factory/postgres/factory.go:39.19,40.14 1 0
github.com/kmlixh/gom/v4/factory/postgres/factory.go:41.19,42.13 1 1
github.com/kmlixh/gom/v4/factory/postgres/factory.go:43.19,44.14 1 0
github.com/kmlixh/gom/v4/factory/postgres/factory.go:45.21,46.16 1 1
github.com/kmlixh/gom/v4/factory/postgres/factory.go:47.24,48.20 1 0
github.com/kmlixh/gom/v4/factory/postgres/factory.go:49.19,50.14 1 1
github.com/kmlixh/gom/v4/factory/postgres/factory.go:51.22,52.18 1 0
github.com/kmlixh/gom/v4/factory/postgres/factory.go:53.23,54.19 1 1
github.com/kmlixh/gom/v4/factory/postgres/factory.go:55.26,56.23 1 0
github.com/kmlixh/gom/v4/factory/postgres/factory.go:57.24,58.19 1 1
github.com/kmlixh/gom/v4/factory/postgres/factory.go:59.27,60.23 1 0
github.com/kmlixh/gom/v4/factory/postgres/factory.go:61.10,62.13 1 0
github.com/kmlixh/gom/v4/factory/postgres/factory.go:66.82,67.17 1 1
github.com/kmlixh/gom/v4/factory/postgres/factory.go:67.17,69.3 1 0
github.com/kmlixh/gom/v4/factory/postgres/factory.go:71.2,71.47 1 1
github.com/kmlixh/gom/v4/factory/postgres/factory.go:71.47,75.41 3 1
github.com/kmlixh/gom/v4/factory/postgres/factory.go:75.41,77.20 2 1
github.com/kmlixh/gom/v4/factory/postgres/factory.go:77.20,78.47 1 1
github.com/kmlixh/gom/v4/factory/postgres/factory.go:78.47,80.6 1 1
github.com/kmlixh/gom/v4/factory/postgres/factory.go:80.11,80.21 1 1
github.com/kmlixh/gom/v4/factory/postgres/factory.go:80.21,82.6 1 1
github.com/kmlixh/gom/v4/factory/postgres/factory.go:82.11,84.6 1 1
github.com/kmlixh/gom/v4/factory/postgres/factory.go:85.5,85.41 1 1
github.com/kmlixh/gom/v4/factory/postgres/factory.go:89.3,89.27 1 1
github.com/kmlixh/gom/v4/factory/postgres/factory.go:89.27,91.4 1 1
github.com/kmlixh/gom/v4/factory/postgres/factory.go:92.3,92.17 1 0
github.com/kmlixh/gom/v4/factory/postgres/factory.go:95.2,95.22 1 1
github.com/kmlixh/gom/v4/factory/postgres/factory.go:95.22,97.3 1 0
github.com/kmlixh/gom/v4/factory/postgres/factory.go:99.2,100.17 2 1
github.com/kmlixh/gom/v4/factory/postgres/factory.go:101.35,102.51 1 1
github.com/kmlixh/gom/v4/factory/postgres/factory.go:102.51,104.26 2 1
github.com/kmlixh/gom/v4/factory/postgres/factory.go:104.26,106.5 1 1
github.com/kmlixh/gom/v4/factory/postgres/factory.go:107.4,107.95 1 1
github.com/kmlixh/gom/v4/factory/postgres/factory.go:109.3,109.17 1 0
github.com/kmlixh/gom/v4/factory/postgres/factory.go:110.43,111.53 1 1
github.com/kmlixh/gom/v4/factory/postgres/factory.go:112.45,113.71 1 1
github.com/kmlixh/gom/v4/factory/postgres/factory.go:113.71,115.4 1 1
github.com/kmlixh/gom/v4/factory/postgres/factory.go:116.3,116.17 1 0
github.com/kmlixh/gom/v4/factory/postgres/factory.go:117.10,118.77 1 1
github.com/kmlixh/gom/v4/factory/postgres/factory.go:123.153,128.21 3 1
github.com/kmlixh/gom/v4/factory/postgres/factory.go:128.21,130.32 2 1
github.com/kmlixh/gom/v4/factory/postgres/factory.go:130.32,131.68 1 1
github.com/kmlixh/gom/v4/factory/postgres/factory.go:131.68,134.5 1 0
github.com/kmlixh/gom/v4/factory/postgres/factory.go:134.10,136.5 1 1
github.com/kmlixh/gom/v4/factory/postgres/factory.go:138.3,138.44 1 1
github.com/kmlixh/gom/v4/factory/postgres/factory.go:139.8,141.3 1 1
github.com/kmlixh/gom/v4/factory/postgres/factory.go:144.2,147.25 2 1
github.com/kmlixh/gom/v4/factory/postgres/factory.go:147.25,150.35 3 1
github.com/kmlixh/gom/v4/factory/postgres/factory.go:150.35,152.21 2 1
github.com/kmlixh/gom/v4/factory/postgres/factory.go:152.21,154.29 1 1
github.com/kmlixh/gom/v4/factory/postgres/factory.go:154.29,157.6 2 1
github.com/kmlixh/gom/v4/factory/postgres/factory.go:158.5,158.44 1 1
github.com/kmlixh/gom/v4/factory/postgres/factory.go:158.44,160.6 1 1
github.com/kmlixh/gom/v4/factory/postgres/factory.go:160.11,160.21 1 1
github.com/kmlixh/gom/v4/factory/postgres/factory.go:160.21,162.6 1 1
github.com/kmlixh/gom/v4/factory/postgres/factory.go:162.11,164.6 1 1
github.com/kmlixh/gom/v4/factory/postgres/factory.go:165.5,165.37 1 1
github.com/kmlixh/gom/v4/factory/postgres/factory.go:168.3,168.42 1 1
github.com/kmlixh/gom/v4/factory/postgres/factory.go:172.2,172.19 1 1
github.com/kmlixh/gom/v4/factory/postgres/factory.go:172.19,174.3 1 1
github.com/kmlixh/gom/v4/factory/postgres/factory.go:177.2,177.15 1 1
github.com/kmlixh/gom/v4/factory/postgres/factory.go:177.15,179.17 2 1
github.com/kmlixh/gom/v4/factory/postgres/factory.go:179.17,181.4 1 1
github.com/kmlixh/gom/v4/factory/postgres/factory.go:184.2,184.20 1 1
github.com/kmlixh/gom/v4/factory/postgres/factory.go:188.132,194.28 4 1
github.com/kmlixh/gom/v4/factory/postgres/factory.go:194.28,195.20 1 1
github.com/kmlixh/gom/v4/factory/postgres/factory.go:195.20,197.4 1 1
github.com/kmlixh/gom/v4/factory/postgres/factory.go:199.2,203.35 3 1
github.com/kmlixh/gom/v4/factory/postgres/factory.go:203.35,206.3 2 1
github.com/kmlixh/gom/v4/factory/postgres/factory.go:208.2,208.28 1 1
github.com/kmlixh/gom/v4/factory/postgres/factory.go:208.28,211.3 1 0
github.com/kmlixh/gom/v4/factory/postgres/factory.go:213.2,216.25 2 1
github.com/kmlixh/gom/v4/factory/postgres/factory.go:216.25,219.35 3 1
github.com/kmlixh/gom/v4/factory/postgres/factory.go:219.35,221.21 2 1
github.com/kmlixh/gom/v4/factory/postgres/factory.go:221.21,223.29 1 1
github.com/kmlixh/gom/v4/factory/postgres/factory.go:223.29,226.6 2 1
github.com/kmlixh/gom/v4/factory/postgres/factory.go:227.5,227.44 1 1
github.com/kmlixh/gom/v4/factory/postgres/factory.go:227.44,229.6 1 0
github.com/kmlixh/gom/v4/factory/postgres/factory.go:229.11,229.21 1 1
github.com/kmlixh/gom/v4/factory/postgres/factory.go:229.21,231.6 1 1
github.com/kmlixh/gom/v4/factory/postgres/factory.go:231.11,233.6 1 1
github.com/kmlixh/gom/v4/factory/postgres/factory.go:234.5,234.37 1 1
github.com/kmlixh/gom/v4/factory/postgres/factory.go:237.3,237.42 1 1
github.com/kmlixh/gom/v4/factory/postgres/factory.go:240.2,240.20 1 1
github.com/kmlixh/gom/v4/factory/postgres/factory.go:244.100,245.22 1 1
github.com/kmlixh/gom/v4/factory/postgres/factory.go:245.22,247.3 1 1
github.com/kmlixh/gom/v4/factory/postgres/factory.go:250.2,251.28 2 1
github.com/kmlixh/gom/v4/factory/postgres/factory.go:251.28,253.3 1 1
github.com/kmlixh/gom/v4/factory/postgres/factory.go:254.2,260.35 5 1
github.com/kmlixh/gom/v4/factory/postgres/factory.go:260.35,264.3 3 1
github.com/kmlixh/gom/v4/factory/postgres/factory.go:266.2,271.20 2 1
github.com/kmlixh/gom/v4/factory/postgres/factory.go:275.107,276.22 1 0
github.com/kmlixh/gom/v4/factory/postgres/factory.go:276.22,278.3 1 0
github.com/kmlixh/gom/v4/factory/postgres/factory.go:281.2,282.31 2 0
github.com/kmlixh/gom/v4/factory/postgres/factory.go:282.31,284.3 1 0
github.com/kmlixh/gom/v4/factory/postgres/factory.go:286.2,291.29 4 0
github.com/kmlixh/gom/v4/factory/postgres/factory.go:291.29,293.36 2 0
github.com/kmlixh/gom/v4/factory/postgres/factory.go:293.36,297.4 3 0
github.com/kmlixh/gom/v4/factory/postgres/factory.go:298.3,298.93 1 0
github.com/kmlixh/gom/v4/factory/postgres/factory.go:301.2,308.20 2 0
github.com/kmlixh/gom/v4/factory/postgres/factory.go:312.101,316.25 3 1
github.com/kmlixh/gom/v4/factory/postgres/factory.go:316.25,319.35 3 1
github.com/kmlixh/gom/v4/factory/postgres/factory.go:319.35,321.21 2 1
github.com/kmlixh/gom/v4/factory/postgres/factory.go:321.21,323.29 1 1
github.com/kmlixh/gom/v4/factory/postgres/factory.go:323.29,326.6 2 1
github.com/kmlixh/gom/v4/factory/postgres/factory.go:327.5,327.44 1 1
github.com/kmlixh/gom/v4/factory/postgres/factory.go:327.44,329.6 1 0
github.com/kmlixh/gom/v4/factory/postgres/factory.go:329.11,329.21 1 1
github.com/kmlixh/gom/v4/factory/postgres/factory.go:329.21,331.6 1 1
github.com/kmlixh/gom/v4/factory/postgres/factory.go:331.11,333.6 1 1
github.com/kmlixh/gom/v4/factory/postgres/factory.go:334.5,334.37 1 1
github.com/kmlixh/gom/v4/factory/postgres/factory.go:337.3,337.42 1 1
github.com/kmlixh/gom/v4/factory/postgres/factory.go:340.2,340.20 1 1
github.com/kmlixh/gom/v4/factory/postgres/factory.go:344.81,351.44 6 1
github.com/kmlixh/gom/v4/factory/postgres/factory.go:351.44,354.30 3 1
github.com/kmlixh/gom/v4/factory/postgres/factory.go:354.30,355.12 1 0
github.com/kmlixh/gom/v4/factory/postgres/factory.go:359.3,362.21 4 1
github.com/kmlixh/gom/v4/factory/postgres/factory.go:362.21,364.4 1 1
github.com/kmlixh/gom/v4/factory/postgres/factory.go:367.3,370.28 2 1
github.com/kmlixh/gom/v4/factory/postgres/factory.go:371.64,372.27 1 1
github.com/kmlixh/gom/v4/factory/postgres/factory.go:373.22,376.49 2 1
github.com/kmlixh/gom/v4/factory/postgres/factory.go:376.49,377.57 1 1
github.com/kmlixh/gom/v4/factory/postgres/factory.go:377.57,379.11 2 1
github.com/kmlixh/gom/v4/factory/postgres/factory.go:382.4,382.21 1 1
github.com/kmlixh/gom/v4/factory/postgres/factory.go:382.21,385.5 2 1
github.com/kmlixh/gom/v4/factory/postgres/factory.go:385.10,387.5 1 0
github.com/kmlixh/gom/v4/factory/postgres/factory.go:388.68,389.27 1 0
github.com/kmlixh/gom/v4/factory/postgres/factory.go:390.23,391.26 1 0
github.com/kmlixh/gom/v4/factory/postgres/factory.go:392.24,393.24 1 0
github.com/kmlixh/gom/v4/factory/postgres/factory.go:394.24,395.36 1 0
github.com/kmlixh/gom/v4/factory/postgres/factory.go:396.23,398.18 2 1
github.com/kmlixh/gom/v4/factory/postgres/factory.go:398.18,400.5 1 1
github.com/kmlixh/gom/v4/factory/postgres/factory.go:401.4,401.50 1 1
github.com/kmlixh/gom/v4/factory/postgres/factory.go:402.21,403.27 1 1
github.com/kmlixh/gom/v4/factory/postgres/factory.go:404.23,405.49 1 1
github.com/kmlixh/gom/v4/factory/postgres/factory.go:405.49,407.35 2 1
github.com/kmlixh/gom/v4/factory/postgres/factory.go:407.35,410.6 2 1
github.com/kmlixh/gom/v4/factory/postgres/factory.go:410.11,410.42 1 1
github.com/kmlixh/gom/v4/factory/postgres/factory.go:410.42,413.6 2 1
github.com/kmlixh/gom/v4/factory/postgres/factory.go:413.11,413.42 1 0
github.com/kmlixh/gom/v4/factory/postgres/factory.go:413.42,415.6 1 0
github.com/kmlixh/gom/v4/factory/postgres/factory.go:420.3,420.48 1 1
github.com/kmlixh/gom/v4/factory/postgres/factory.go:420.48,421.22 1 1
github.com/kmlixh/gom/v4/factory/postgres/factory.go:422.24,423.29 1 0
github.com/kmlixh/gom/v4/factory/postgres/factory.go:424.23,425.27 1 1
github.com/kmlixh/gom/v4/factory/postgres/factory.go:426.19,427.50 1 0
github.com/kmlixh/gom/v4/factory/postgres/factory.go:427.50,429.6 1 0
github.com/kmlixh/gom/v4/factory/postgres/factory.go:433.3,433.43 1 1
github.com/kmlixh/gom/v4/factory/postgres/factory.go:437.2,437.12 1 1
github.com/kmlixh/gom/v4/factory/postgres/factory.go:437.12,439.3 1 0
github.com/kmlixh/gom/v4/factory/postgres/factory.go:442.2,442.19 1 1
github.com/kmlixh/gom/v4/factory/postgres/factory.go:442.19,444.3 1 0
github.com/kmlixh/gom/v4/factory/postgres/factory.go:445.2,445.19 1 1
github.com/kmlixh/gom/v4/factory/postgres/factory.go:445.19,447.3 1 0
github.com/kmlixh/gom/v4/factory/postgres/factory.go:448.2,448.19 1 1
github.com/kmlixh/gom/v4/factory/postgres/factory.go:448.19,450.3 1 1
github.com/kmlixh/gom/v4/factory/postgres/factory.go:452.2,455.14 3 1
github.com/kmlixh/gom/v4/factory/postgres/factory.go:459.89,470.40 5 0
github.com/kmlixh/gom/v4/factory/postgres/factory.go:470.40,472.3 1 0
github.com/kmlixh/gom/v4/factory/postgres/factory.go:475.2,508.16 3 0
github.com/kmlixh/gom/v4/factory/postgres/factory.go:508.16,510.3 1 0
github.com/kmlixh/gom/v4/factory/postgres/factory.go:511.2,513.18 2 0
github.com/kmlixh/gom/v4/factory/postgres/factory.go:513.18,533.17 9 0
github.com/kmlixh/gom/v4/factory/postgres/factory.go:533.17,535.4 1 0
github.com/kmlixh/gom/v4/factory/postgres/factory.go:537.3,541.22 4 0
github.com/kmlixh/gom/v4/factory/postgres/factory.go:541.22,543.4 1 0
github.com/kmlixh/gom/v4/factory/postgres/factory.go:544.3,544.22 1 0
github.com/kmlixh/gom/v4/factory/postgres/factory.go:544.22,546.4 1 0
github.com/kmlixh/gom/v4/factory/postgres/factory.go:547.3,547.18 1 0
github.com/kmlixh/gom/v4/factory/postgres/factory.go:547.18,549.4 1 0
github.com/kmlixh/gom/v4/factory/postgres/factory.go:551.3,551.53 1 0
github.com/kmlixh/gom/v4/factory/postgres/factory.go:554.2,554.24 1 0
github.com/kmlixh/gom/v4/factory/postgres/factory.go:558.75,564.21 4 0
github.com/kmlixh/gom/v4/factory/postgres/factory.go:564.21,568.3 2 0
github.com/kmlixh/gom/v4/factory/postgres/factory.go:568.8,568.27 1 0
github.com/kmlixh/gom/v4/factory/postgres/factory.go:568.27,572.3 2 0
github.com/kmlixh/gom/v4/factory/postgres/factory.go:572.8,576.3 2 0
github.com/kmlixh/gom/v4/factory/postgres/factory.go:579.2,589.16 4 0
github.com/kmlixh/gom/v4/factory/postgres/factory.go:589.16,591.3 1 0
github.com/kmlixh/gom/v4/factory/postgres/factory.go:592.2,594.18 2 0
github.com/kmlixh/gom/v4/factory/postgres/factory.go:594.18,596.47 2 0
github.com/kmlixh/gom/v4/factory/postgres/factory.go:596.47,598.4 1 0
github.com/kmlixh/gom/v4/factory/postgres/factory.go:599.3,599.37 1 0
github.com/kmlixh/gom/v4/factory/postgres/factory.go:602.2,602.20 1 0
github.com/kmlixh/gom/v4/factory/postgres/factory.go:606.64,607.22 1 1
github.com/kmlixh/gom/v4/factory/postgres/factory.go:607.22,609.3 1 1
github.com/kmlixh/gom/v4/factory/postgres/factory.go:611.2,612.31 2 1
github.com/kmlixh/gom/v4/factory/postgres/factory.go:612.31,613.37 1 1
github.com/kmlixh/gom/v4/factory/postgres/factory.go:613.37,615.4 1 1
github.com/kmlixh/gom/v4/factory/postgres/factory.go:615.9,617.4 1 1
github.com/kmlixh/gom/v4/factory/postgres/factory.go:619.2,619.41 1 1
github.com/kmlixh/gom/v4/test/testutils.go:20.13,23.24 2 1
github.com/kmlixh/gom/v4/test/testutils.go:23.24,25.3 1 1
github.com/kmlixh/gom/v4/test/testutils.go:27.2,28.21 2 1
github.com/kmlixh/gom/v4/test/testutils.go:28.21,30.3 1 1
github.com/kmlixh/gom/v4/test/testutils.go:33.2,33.24 1 1
github.com/kmlixh/gom/v4/test/testutils.go:37.55,39.23 2 0
github.com/kmlixh/gom/v4/test/testutils.go:39.23,51.3 1 0
github.com/kmlixh/gom/v4/test/testutils.go:51.8,51.33 1 0
github.com/kmlixh/gom/v4/test/testutils.go:51.33,63.3 1 0
github.com/kmlixh/gom/v4/test/testutils.go:65.2,66.16 2 0
github.com/kmlixh/gom/v4/test/testutils.go:66.16,68.3 1 0
github.com/kmlixh/gom/v4/test/testutils.go:71.2,72.12 2 0
github.com/kmlixh/gom/v4/gomen/cmd/gomen/main.go:12.13,31.23 13 0
github.com/kmlixh/gom/v4/gomen/cmd/gomen/main.go:31.23,45.3 13 0
github.com/kmlixh/gom/v4/gomen/cmd/gomen/main.go:48.2,49.16 2 0
github.com/kmlixh/gom/v4/gomen/cmd/gomen/main.go:49.16,51.3 1 0
github.com/kmlixh/gom/v4/gomen/cmd/gomen/main.go:52.2,55.45 2 0
github.com/kmlixh/gom/v4/gomen/cmd/gomen/main.go:55.45,57.3 1 0
github.com/kmlixh/gom/v4/gomen/cmd/gomen/main.go:59.2,59.36 1 0
github.com/kmlixh/gom/v4/test_output/test_users.go:17.40,19.2 1 0
github.com/kmlixh/gom/v4/test/testutils.go:20.13,23.24 2 0
github.com/kmlixh/gom/v4/test/testutils.go:23.24,25.3 1 0
github.com/kmlixh/gom/v4/test/testutils.go:27.2,28.21 2 0
github.com/kmlixh/gom/v4/test/testutils.go:28.21,30.3 1 0
github.com/kmlixh/gom/v4/test/testutils.go:33.2,33.24 1 0
github.com/kmlixh/gom/v4/test/testutils.go:37.55,39.23 2 0
github.com/kmlixh/gom/v4/test/testutils.go:39.23,51.3 1 0
github.com/kmlixh/gom/v4/test/testutils.go:51.8,51.33 1 0
github.com/kmlixh/gom/v4/test/testutils.go:51.33,63.3 1 0
github.com/kmlixh/gom/v4/test/testutils.go:65.2,66.16 2 0
github.com/kmlixh/gom/v4/test/testutils.go:66.16,68.3 1 0
github.com/kmlixh/gom/v4/test/testutils.go:71.2,72.12 2 0
github.com/kmlixh/gom/v4/testutils/testutils.go:23.13,26.24 2 0
github.com/kmlixh/gom/v4/testutils/testutils.go:26.24,28.3 1 0
github.com/kmlixh/gom/v4/testutils/testutils.go:30.2,31.21 2 0
github.com/kmlixh/gom/v4/testutils/testutils.go:31.21,33.3 1 0
github.com/kmlixh/gom/v4/testutils/testutils.go:36.2,36.24 1 0
github.com/kmlixh/gom/v4/testutils/testutils.go:50.39,52.2 1 0
github.com/kmlixh/gom/v4/testutils/testutils.go:55.39,57.16 2 0
github.com/kmlixh/gom/v4/testutils/testutils.go:57.16,59.3 1 0
github.com/kmlixh/gom/v4/testutils/testutils.go:62.2,73.16 2 0
github.com/kmlixh/gom/v4/testutils/testutils.go:73.16,76.3 2 0
github.com/kmlixh/gom/v4/testutils/testutils.go:79.2,80.16 2 0
github.com/kmlixh/gom/v4/testutils/testutils.go:80.16,83.3 2 0
github.com/kmlixh/gom/v4/testutils/testutils.go:85.2,85.11 1 0
github.com/kmlixh/gom/v4/testutils/testutils.go:89.41,91.16 2 0
github.com/kmlixh/gom/v4/testutils/testutils.go:91.16,93.3 1 0
github.com/kmlixh/gom/v4/testutils/testutils.go:96.2,107.16 2 0
github.com/kmlixh/gom/v4/testutils/testutils.go:107.16,110.3 2 0
github.com/kmlixh/gom/v4/testutils/testutils.go:113.2,114.16 2 0
github.com/kmlixh/gom/v4/testutils/testutils.go:114.16,117.3 2 0
github.com/kmlixh/gom/v4/testutils/testutils.go:119.2,119.11 1 0
github.com/kmlixh/gom/v4/internal/testutils/testutils.go:20.13,23.24 2 0
github.com/kmlixh/gom/v4/internal/testutils/testutils.go:23.24,25.3 1 0
github.com/kmlixh/gom/v4/internal/testutils/testutils.go:27.2,28.21 2 0
github.com/kmlixh/gom/v4/internal/testutils/testutils.go:28.21,30.3 1 0
github.com/kmlixh/gom/v4/internal/testutils/testutils.go:33.2,33.24 1 0
github.com/kmlixh/gom/v4/internal/testutils/testutils.go:37.55,39.23 2 0
github.com/kmlixh/gom/v4/internal/testutils/testutils.go:39.23,51.3 1 0
github.com/kmlixh/gom/v4/internal/testutils/testutils.go:51.8,51.33 1 0
github.com/kmlixh/gom/v4/internal/testutils/testutils.go:51.33,63.3 1 0
github.com/kmlixh/gom/v4/internal/testutils/testutils.go:65.2,66.16 2 0
github.com/kmlixh/gom/v4/internal/testutils/testutils.go:66.16,68.3 1 0
github.com/kmlixh/gom/v4/internal/testutils/testutils.go:71.2,72.12 2 0
github.com/kmlixh/gom/v4/gomen/generator.go:39.56,41.50 1 0
github.com/kmlixh/gom/v4/gomen/generator.go:41.50,43.3 1 0
github.com/kmlixh/gom/v4/gomen/generator.go:46.2,46.31 1 0
github.com/kmlixh/gom/v4/gomen/generator.go:46.31,48.3 1 0
github.com/kmlixh/gom/v4/gomen/generator.go:48.8,48.41 1 0
github.com/kmlixh/gom/v4/gomen/generator.go:48.41,50.3 1 0
github.com/kmlixh/gom/v4/gomen/generator.go:51.2,52.16 2 0
github.com/kmlixh/gom/v4/gomen/generator.go:52.16,54.3 1 0
github.com/kmlixh/gom/v4/gomen/generator.go:56.2,59.8 1 0
github.com/kmlixh/gom/v4/gomen/generator.go:63.38,65.63 1 0
github.com/kmlixh/gom/v4/gomen/generator.go:65.63,67.3 1 0
github.com/kmlixh/gom/v4/gomen/generator.go:70.2,71.16 2 0
github.com/kmlixh/gom/v4/gomen/generator.go:71.16,73.3 1 0
github.com/kmlixh/gom/v4/gomen/generator.go:76.2,76.35 1 0
github.com/kmlixh/gom/v4/gomen/generator.go:76.35,77.58 1 0
github.com/kmlixh/gom/v4/gomen/generator.go:77.58,79.4 1 0
github.com/kmlixh/gom/v4/gomen/generator.go:83.2,83.56 1 0
github.com/kmlixh/gom/v4/gomen/generator.go:83.56,85.3 1 0
github.com/kmlixh/gom/v4/gomen/generator.go:88.2,88.65 1 0
github.com/kmlixh/gom/v4/gomen/generator.go:88.65,90.3 1 0
github.com/kmlixh/gom/v4/gomen/generator.go:92.2,92.12 1 0
github.com/kmlixh/gom/v4/gomen/generator.go:96.65,99.16 2 0
github.com/kmlixh/gom/v4/gomen/generator.go:99.16,101.3 1 0
github.com/kmlixh/gom/v4/gomen/generator.go:104.2,110.57 5 0
github.com/kmlixh/gom/v4/gomen/generator.go:110.57,112.3 1 0
github.com/kmlixh/gom/v4/gomen/generator.go:113.2,113.28 1 0
github.com/kmlixh/gom/v4/gomen/generator.go:113.28,115.3 1 0
github.com/kmlixh/gom/v4/gomen/generator.go:116.2,116.28 1 0
github.com/kmlixh/gom/v4/gomen/generator.go:116.28,118.3 1 0
github.com/kmlixh/gom/v4/gomen/generator.go:119.2,124.16 4 0
github.com/kmlixh/gom/v4/gomen/generator.go:124.16,126.3 1 0
github.com/kmlixh/gom/v4/gomen/generator.go:127.2,155.16 4 0
github.com/kmlixh/gom/v4/gomen/generator.go:155.16,157.3 1 0
github.com/kmlixh/gom/v4/gomen/generator.go:159.2,159.49 1 0
github.com/kmlixh/gom/v4/gomen/generator.go:159.49,161.3 1 0
github.com/kmlixh/gom/v4/gomen/generator.go:163.2,163.12 1 0
github.com/kmlixh/gom/v4/gomen/generator.go:167.66,170.16 3 0
github.com/kmlixh/gom/v4/gomen/generator.go:170.16,172.3 1 0
github.com/kmlixh/gom/v4/gomen/generator.go:173.2,177.31 3 0
github.com/kmlixh/gom/v4/gomen/generator.go:177.31,178.53 1 0
github.com/kmlixh/gom/v4/gomen/generator.go:178.53,180.4 1 0
github.com/kmlixh/gom/v4/gomen/generator.go:181.3,181.29 1 0
github.com/kmlixh/gom/v4/gomen/generator.go:181.29,183.4 1 0
github.com/kmlixh/gom/v4/gomen/generator.go:184.3,184.29 1 0
github.com/kmlixh/gom/v4/gomen/generator.go:184.29,186.4 1 0
github.com/kmlixh/gom/v4/gomen/generator.go:187.3,187.43 1 0
github.com/kmlixh/gom/v4/gomen/generator.go:190.2,201.16 3 0
github.com/kmlixh/gom/v4/gomen/generator.go:201.16,203.3 1 0
github.com/kmlixh/gom/v4/gomen/generator.go:205.2,205.49 1 0
github.com/kmlixh/gom/v4/gomen/generator.go:205.49,207.3 1 0
github.com/kmlixh/gom/v4/gomen/generator.go:209.2,209.12 1 0
github.com/kmlixh/gom/v4/gomen/generator.go:213.35,214.17 1 0
github.com/kmlixh/gom/v4/gomen/generator.go:214.17,216.3 1 0
github.com/kmlixh/gom/v4/gomen/generator.go:217.2,217.12 1 0
github.com/kmlixh/gom/v4/gomen/generator.go:221.46,222.26 1 0
github.com/kmlixh/gom/v4/gomen/generator.go:222.26,224.3 1 0
github.com/kmlixh/gom/v4/gomen/generator.go:225.2,225.63 1 0
github.com/kmlixh/gom/v4/gomen/generator.go:225.63,227.3 1 0
github.com/kmlixh/gom/v4/gomen/generator.go:228.2,228.23 1 0
github.com/kmlixh/gom/v4/gomen/generator.go:228.23,230.3 1 0
github.com/kmlixh/gom/v4/gomen/generator.go:231.2,231.29 1 0
github.com/kmlixh/gom/v4/gomen/generator.go:231.29,233.3 1 0
github.com/kmlixh/gom/v4/gomen/generator.go:234.2,234.31 1 0
github.com/kmlixh/gom/v4/gomen/generator.go:234.31,236.3 1 0
github.com/kmlixh/gom/v4/gomen/generator.go:237.2,237.27 1 0
github.com/kmlixh/gom/v4/gomen/generator.go:237.27,239.3 1 0
github.com/kmlixh/gom/v4/gomen/generator.go:240.2,240.28 1 0
github.com/kmlixh/gom/v4/gomen/generator.go:240.28,242.3 1 0
github.com/kmlixh/gom/v4/gomen/generator.go:243.2,243.12 1 0
github.com/kmlixh/gom/v4/gomen/generator.go:247.62,252.22 3 0
github.com/kmlixh/gom/v4/gomen/generator.go:252.22,254.3 1 0
github.com/kmlixh/gom/v4/gomen/generator.go:255.2,255.25 1 0
github.com/kmlixh/gom/v4/gomen/generator.go:255.25,257.3 1 0
github.com/kmlixh/gom/v4/gomen/generator.go:258.2,258.21 1 0
github.com/kmlixh/gom/v4/gomen/generator.go:258.21,260.3 1 0
github.com/kmlixh/gom/v4/gomen/generator.go:261.2,267.26 3 0
github.com/kmlixh/gom/v4/gomen/generator.go:267.26,269.3 1 0
github.com/kmlixh/gom/v4/gomen/generator.go:271.2,271.44 1 0
github.com/kmlixh/gom/v4/gomen/generator.go:275.44,277.16 2 0
github.com/kmlixh/gom/v4/gomen/generator.go:277.16,279.3 1 0
github.com/kmlixh/gom/v4/gomen/generator.go:281.2,281.32 1 0
github.com/kmlixh/gom/v4/gomen/generator.go:281.32,282.60 1 0
github.com/kmlixh/gom/v4/gomen/generator.go:282.60,284.49 2 0
github.com/kmlixh/gom/v4/gomen/generator.go:284.49,286.5 1 0
github.com/kmlixh/gom/v4/gomen/generator.go:290.2,290.12 1 0
github.com/kmlixh/gom/v4/gomen/generator.go:294.42,297.2 2 0
github.com/kmlixh/gom/v4/gomen/generator.go:300.35,302.23 2 0
github.com/kmlixh/gom/v4/gomen/generator.go:302.23,304.3 1 0
github.com/kmlixh/gom/v4/gomen/generator.go:305.2,305.32 1 0
github.com/kmlixh/gom/v4/gomen/generator.go:308.36,310.2 1 0
github.com/kmlixh/gom/v4/gomen/generator.go:312.52,316.9 3 0
github.com/kmlixh/gom/v4/gomen/generator.go:317.39,318.38 1 0
github.com/kmlixh/gom/v4/gomen/generator.go:318.38,320.4 1 0
github.com/kmlixh/gom/v4/gomen/generator.go:320.9,320.47 1 0
github.com/kmlixh/gom/v4/gomen/generator.go:320.47,322.4 1 0
github.com/kmlixh/gom/v4/gomen/generator.go:322.9,322.46 1 0
github.com/kmlixh/gom/v4/gomen/generator.go:322.46,324.4 1 0
github.com/kmlixh/gom/v4/gomen/generator.go:324.9,326.4 1 0
github.com/kmlixh/gom/v4/gomen/generator.go:327.80,328.29 1 0
github.com/kmlixh/gom/v4/gomen/generator.go:329.41,330.21 1 0
github.com/kmlixh/gom/v4/gomen/generator.go:331.42,332.21 1 0
github.com/kmlixh/gom/v4/gomen/generator.go:333.40,334.18 1 0
github.com/kmlixh/gom/v4/gomen/generator.go:335.74,336.23 1 0
github.com/kmlixh/gom/v4/gomen/generator.go:337.40,338.29 1 0
github.com/kmlixh/gom/v4/gomen/generator.go:339.40,340.23 1 0
github.com/kmlixh/gom/v4/gomen/generator.go:341.40,342.20 1 0
github.com/kmlixh/gom/v4/gomen/generator.go:343.10,344.20 1 0
github.com/kmlixh/gom/v4/gomen/generator.go:347.2,347.16 1 0
github.com/kmlixh/gom/v4/gomen/generator.go:347.16,349.3 1 0
github.com/kmlixh/gom/v4/gomen/generator.go:350.2,350.15 1 0
github.com/kmlixh/gom/v4/gomen/generator.go:353.36,356.2 2 0
github.com/kmlixh/gom/v4/gomen/generator.go:359.55,360.30 1 0
github.com/kmlixh/gom/v4/gomen/generator.go:360.30,362.59 1 0
github.com/kmlixh/gom/v4/gomen/generator.go:362.59,364.4 1 0
github.com/kmlixh/gom/v4/gomen/generator.go:366.2,366.14 1 0
github.com/kmlixh/gom/v4/gomen/generator.go:370.52,371.30 1 0
github.com/kmlixh/gom/v4/gomen/generator.go:371.30,372.58 1 0
github.com/kmlixh/gom/v4/gomen/generator.go:372.58,374.4 1 0
github.com/kmlixh/gom/v4/gomen/generator.go:376.2,376.14 1 0
github.com/kmlixh/gom/v4/gomen/generator.go:380.50,381.30 1 0
github.com/kmlixh/gom/v4/gomen/generator.go:381.30,382.58 1 0
github.com/kmlixh/gom/v4/gomen/generator.go:382.58,384.4 1 0
github.com/kmlixh/gom/v4/gomen/generator.go:386.2,386.14 1 0
github.com/kmlixh/gom/v4/chain.go:51.44,54.2 2 0
github.com/kmlixh/gom/v4/chain.go:57.49,60.2 2 0
github.com/kmlixh/gom/v4/chain.go:63.46,66.2 2 1
github.com/kmlixh/gom/v4/chain.go:69.50,72.2 2 0
github.com/kmlixh/gom/v4/chain.go:75.41,78.2 2 0
github.com/kmlixh/gom/v4/chain.go:81.42,84.2 2 0
github.com/kmlixh/gom/v4/chain.go:87.81,90.2 2 1
github.com/kmlixh/gom/v4/chain.go:93.60,96.2 2 1
github.com/kmlixh/gom/v4/chain.go:99.60,102.2 2 0
github.com/kmlixh/gom/v4/chain.go:105.60,108.2 2 1
github.com/kmlixh/gom/v4/chain.go:111.60,114.2 2 0
github.com/kmlixh/gom/v4/chain.go:117.60,120.2 2 1
github.com/kmlixh/gom/v4/chain.go:123.60,126.2 2 0
github.com/kmlixh/gom/v4/chain.go:129.62,132.2 2 0
github.com/kmlixh/gom/v4/chain.go:135.65,138.2 2 0
github.com/kmlixh/gom/v4/chain.go:141.60,144.2 2 0
github.com/kmlixh/gom/v4/chain.go:147.63,150.2 2 0
github.com/kmlixh/gom/v4/chain.go:153.45,156.2 2 0
github.com/kmlixh/gom/v4/chain.go:159.48,162.2 2 0
github.com/kmlixh/gom/v4/chain.go:165.70,168.2 2 0
github.com/kmlixh/gom/v4/chain.go:171.73,174.2 2 0
github.com/kmlixh/gom/v4/chain.go:177.62,178.22 1 0
github.com/kmlixh/gom/v4/chain.go:178.22,181.3 2 0
github.com/kmlixh/gom/v4/chain.go:181.8,183.3 1 0
github.com/kmlixh/gom/v4/chain.go:184.2,184.10 1 0
github.com/kmlixh/gom/v4/chain.go:188.62,189.22 1 0
github.com/kmlixh/gom/v4/chain.go:189.22,192.3 2 0
github.com/kmlixh/gom/v4/chain.go:192.8,194.3 1 0
github.com/kmlixh/gom/v4/chain.go:195.2,195.10 1 0
github.com/kmlixh/gom/v4/chain.go:199.62,200.22 1 0
github.com/kmlixh/gom/v4/chain.go:200.22,203.3 2 0
github.com/kmlixh/gom/v4/chain.go:203.8,205.3 1 0
github.com/kmlixh/gom/v4/chain.go:206.2,206.10 1 0
github.com/kmlixh/gom/v4/chain.go:210.62,211.22 1 0
github.com/kmlixh/gom/v4/chain.go:211.22,214.3 2 0
github.com/kmlixh/gom/v4/chain.go:214.8,216.3 1 0
github.com/kmlixh/gom/v4/chain.go:217.2,217.10 1 0
github.com/kmlixh/gom/v4/chain.go:221.62,222.22 1 0
github.com/kmlixh/gom/v4/chain.go:222.22,225.3 2 0
github.com/kmlixh/gom/v4/chain.go:225.8,227.3 1 0
github.com/kmlixh/gom/v4/chain.go:228.2,228.10 1 0
github.com/kmlixh/gom/v4/chain.go:232.62,233.22 1 0
github.com/kmlixh/gom/v4/chain.go:233.22,236.3 2 0
github.com/kmlixh/gom/v4/chain.go:236.8,238.3 1 0
github.com/kmlixh/gom/v4/chain.go:239.2,239.10 1 0
github.com/kmlixh/gom/v4/chain.go:243.64,244.22 1 0
github.com/kmlixh/gom/v4/chain.go:244.22,247.3 2 0
github.com/kmlixh/gom/v4/chain.go:247.8,249.3 1 0
github.com/kmlixh/gom/v4/chain.go:250.2,250.10 1 0
github.com/kmlixh/gom/v4/chain.go:254.67,255.22 1 0
github.com/kmlixh/gom/v4/chain.go:255.22,258.3 2 0
github.com/kmlixh/gom/v4/chain.go:258.8,260.3 1 0
github.com/kmlixh/gom/v4/chain.go:261.2,261.10 1 0
github.com/kmlixh/gom/v4/chain.go:265.62,266.22 1 0
github.com/kmlixh/gom/v4/chain.go:266.22,269.3 2 0
github.com/kmlixh/gom/v4/chain.go:269.8,271.3 1 0
github.com/kmlixh/gom/v4/chain.go:272.2,272.10 1 0
github.com/kmlixh/gom/v4/chain.go:276.65,277.22 1 0
github.com/kmlixh/gom/v4/chain.go:277.22,280.3 2 0
github.com/kmlixh/gom/v4/chain.go:280.8,282.3 1 0
github.com/kmlixh/gom/v4/chain.go:283.2,283.10 1 0
github.com/kmlixh/gom/v4/chain.go:287.47,288.22 1 0
github.com/kmlixh/gom/v4/chain.go:288.22,291.3 2 0
github.com/kmlixh/gom/v4/chain.go:291.8,293.3 1 0
github.com/kmlixh/gom/v4/chain.go:294.2,294.10 1 0
github.com/kmlixh/gom/v4/chain.go:298.50,299.22 1 0
github.com/kmlixh/gom/v4/chain.go:299.22,302.3 2 0
github.com/kmlixh/gom/v4/chain.go:302.8,304.3 1 0
github.com/kmlixh/gom/v4/chain.go:305.2,305.10 1 0
github.com/kmlixh/gom/v4/chain.go:309.72,310.22 1 0
github.com/kmlixh/gom/v4/chain.go:310.22,313.3 2 0
github.com/kmlixh/gom/v4/chain.go:313.8,315.3 1 0
github.com/kmlixh/gom/v4/chain.go:316.2,316.10 1 0
github.com/kmlixh/gom/v4/chain.go:320.75,321.22 1 0
github.com/kmlixh/gom/v4/chain.go:321.22,324.3 2 0
github.com/kmlixh/gom/v4/chain.go:324.8,326.3 1 0
github.com/kmlixh/gom/v4/chain.go:327.2,327.10 1 0
github.com/kmlixh/gom/v4/chain.go:331.61,332.27 1 1
github.com/kmlixh/gom/v4/chain.go:332.27,334.3 1 1
github.com/kmlixh/gom/v4/chain.go:335.2,336.10 2 1
github.com/kmlixh/gom/v4/chain.go:340.62,343.2 2 0
github.com/kmlixh/gom/v4/chain.go:346.69,349.2 2 0
github.com/kmlixh/gom/v4/chain.go:352.48,357.41 2 1
github.com/kmlixh/gom/v4/chain.go:357.41,360.3 2 0
github.com/kmlixh/gom/v4/chain.go:362.2,363.37 2 1
github.com/kmlixh/gom/v4/chain.go:363.37,365.3 1 1
github.com/kmlixh/gom/v4/chain.go:368.2,368.23 1 1
github.com/kmlixh/gom/v4/chain.go:368.23,370.3 1 0
github.com/kmlixh/gom/v4/chain.go:373.2,374.38 2 1
github.com/kmlixh/gom/v4/chain.go:374.38,376.3 1 1
github.com/kmlixh/gom/v4/chain.go:379.2,379.44 1 1
github.com/kmlixh/gom/v4/chain.go:379.44,384.30 4 1
github.com/kmlixh/gom/v4/chain.go:384.30,385.12 1 0
github.com/kmlixh/gom/v4/chain.go:389.3,393.51 3 1
github.com/kmlixh/gom/v4/chain.go:393.51,394.23 1 0
github.com/kmlixh/gom/v4/chain.go:394.23,395.12 1 0
github.com/kmlixh/gom/v4/chain.go:396.47,397.85 1 0
github.com/kmlixh/gom/v4/chain.go:398.47,399.85 1 0
github.com/kmlixh/gom/v4/chain.go:400.35,401.55 1 0
github.com/kmlixh/gom/v4/chain.go:402.13,403.57 1 0
github.com/kmlixh/gom/v4/chain.go:406.4,406.12 1 0
github.com/kmlixh/gom/v4/chain.go:410.3,410.22 1 1
github.com/kmlixh/gom/v4/chain.go:410.22,411.26 1 1
github.com/kmlixh/gom/v4/chain.go:411.26,413.5 1 1
github.com/kmlixh/gom/v4/chain.go:413.10,414.30 1 1
github.com/kmlixh/gom/v4/chain.go:414.30,416.6 1 1
github.com/kmlixh/gom/v4/chain.go:417.5,417.51 1 1
github.com/kmlixh/gom/v4/chain.go:422.2,422.10 1 1
github.com/kmlixh/gom/v4/chain.go:426.56,428.40 2 1
github.com/kmlixh/gom/v4/chain.go:428.40,430.3 1 0
github.com/kmlixh/gom/v4/chain.go:431.2,431.15 1 1
github.com/kmlixh/gom/v4/chain.go:435.37,438.18 3 1
github.com/kmlixh/gom/v4/chain.go:438.18,440.3 1 1
github.com/kmlixh/gom/v4/chain.go:442.2,444.17 3 1
github.com/kmlixh/gom/v4/chain.go:444.17,446.3 1 0
github.com/kmlixh/gom/v4/chain.go:446.8,448.3 1 1
github.com/kmlixh/gom/v4/chain.go:449.2,449.16 1 1
github.com/kmlixh/gom/v4/chain.go:449.16,451.3 1 0
github.com/kmlixh/gom/v4/chain.go:452.2,455.16 3 1
github.com/kmlixh/gom/v4/chain.go:455.16,457.3 1 0
github.com/kmlixh/gom/v4/chain.go:459.2,460.18 2 1
github.com/kmlixh/gom/v4/chain.go:460.18,462.25 2 1
github.com/kmlixh/gom/v4/chain.go:462.25,464.4 1 1
github.com/kmlixh/gom/v4/chain.go:466.3,467.17 2 1
github.com/kmlixh/gom/v4/chain.go:467.17,469.4 1 0
github.com/kmlixh/gom/v4/chain.go:471.3,472.31 2 1
github.com/kmlixh/gom/v4/chain.go:472.31,475.35 2 1
github.com/kmlixh/gom/v4/chain.go:475.35,477.27 2 0
github.com/kmlixh/gom/v4/chain.go:477.27,478.39 1 0
github.com/kmlixh/gom/v4/chain.go:478.39,480.7 1 0
github.com/kmlixh/gom/v4/chain.go:481.6,481.49 1 0
github.com/kmlixh/gom/v4/chain.go:483.5,483.25 1 0
github.com/kmlixh/gom/v4/chain.go:485.4,485.18 1 1
github.com/kmlixh/gom/v4/chain.go:487.3,487.31 1 1
github.com/kmlixh/gom/v4/chain.go:490.2,493.3 1 1
github.com/kmlixh/gom/v4/chain.go:497.57,500.40 3 0
github.com/kmlixh/gom/v4/chain.go:500.40,502.3 1 0
github.com/kmlixh/gom/v4/chain.go:503.2,503.15 1 0
github.com/kmlixh/gom/v4/chain.go:507.55,509.24 2 1
github.com/kmlixh/gom/v4/chain.go:509.24,512.3 2 0
github.com/kmlixh/gom/v4/chain.go:513.2,513.40 1 1
github.com/kmlixh/gom/v4/chain.go:513.40,516.38 2 1
github.com/kmlixh/gom/v4/chain.go:516.38,519.4 2 0
github.com/kmlixh/gom/v4/chain.go:520.3,526.24 5 1
github.com/kmlixh/gom/v4/chain.go:526.24,528.4 1 0
github.com/kmlixh/gom/v4/chain.go:531.3,531.49 1 1
github.com/kmlixh/gom/v4/chain.go:533.2,533.15 1 1
github.com/kmlixh/gom/v4/chain.go:537.59,539.22 1 1
github.com/kmlixh/gom/v4/chain.go:539.22,541.3 1 1
github.com/kmlixh/gom/v4/chain.go:544.2,544.22 1 1
github.com/kmlixh/gom/v4/chain.go:544.22,546.3 1 0
github.com/kmlixh/gom/v4/chain.go:549.2,549.37 1 1
github.com/kmlixh/gom/v4/chain.go:553.48,554.22 1 1
github.com/kmlixh/gom/v4/chain.go:554.22,556.28 1 0
github.com/kmlixh/gom/v4/chain.go:556.28,558.4 1 0
github.com/kmlixh/gom/v4/chain.go:559.3,560.19 2 0
github.com/kmlixh/gom/v4/chain.go:560.19,562.4 1 0
github.com/kmlixh/gom/v4/chain.go:563.3,563.19 1 0
github.com/kmlixh/gom/v4/chain.go:563.19,565.4 1 0
github.com/kmlixh/gom/v4/chain.go:566.3,566.18 1 0
github.com/kmlixh/gom/v4/chain.go:566.18,568.18 2 0
github.com/kmlixh/gom/v4/chain.go:568.18,570.5 1 0
github.com/kmlixh/gom/v4/chain.go:571.4,572.44 2 0
github.com/kmlixh/gom/v4/chain.go:574.3,575.17 2 0
github.com/kmlixh/gom/v4/chain.go:575.17,577.4 1 0
github.com/kmlixh/gom/v4/chain.go:578.3,579.43 2 0
github.com/kmlixh/gom/v4/chain.go:583.2,583.28 1 1
github.com/kmlixh/gom/v4/chain.go:583.28,585.19 2 0
github.com/kmlixh/gom/v4/chain.go:585.19,587.4 1 0
github.com/kmlixh/gom/v4/chain.go:588.3,588.18 1 0
github.com/kmlixh/gom/v4/chain.go:588.18,590.18 2 0
github.com/kmlixh/gom/v4/chain.go:590.18,592.5 1 0
github.com/kmlixh/gom/v4/chain.go:593.4,595.56 3 0
github.com/kmlixh/gom/v4/chain.go:597.3,598.17 2 0
github.com/kmlixh/gom/v4/chain.go:598.17,600.4 1 0
github.com/kmlixh/gom/v4/chain.go:601.3,603.55 3 0
github.com/kmlixh/gom/v4/chain.go:606.2,606.26 1 1
github.com/kmlixh/gom/v4/chain.go:610.66,613.16 3 0
github.com/kmlixh/gom/v4/chain.go:613.16,615.3 1 0
github.com/kmlixh/gom/v4/chain.go:617.2,617.22 1 0
github.com/kmlixh/gom/v4/chain.go:617.22,619.3 1 0
github.com/kmlixh/gom/v4/chain.go:621.2,621.22 1 0
github.com/kmlixh/gom/v4/chain.go:621.22,625.19 3 0
github.com/kmlixh/gom/v4/chain.go:625.19,627.4 1 0
github.com/kmlixh/gom/v4/chain.go:628.3,628.18 1 0
github.com/kmlixh/gom/v4/chain.go:628.18,630.18 2 0
github.com/kmlixh/gom/v4/chain.go:630.18,632.5 1 0
github.com/kmlixh/gom/v4/chain.go:633.4,634.44 2 0
github.com/kmlixh/gom/v4/chain.go:636.3,637.17 2 0
github.com/kmlixh/gom/v4/chain.go:637.17,639.4 1 0
github.com/kmlixh/gom/v4/chain.go:640.3,641.43 2 0
github.com/kmlixh/gom/v4/chain.go:645.2,646.26 2 0
github.com/kmlixh/gom/v4/chain.go:650.72,652.17 1 1
github.com/kmlixh/gom/v4/chain.go:652.17,654.3 1 0
github.com/kmlixh/gom/v4/chain.go:657.2,658.16 2 1
github.com/kmlixh/gom/v4/chain.go:658.16,660.3 1 0
github.com/kmlixh/gom/v4/chain.go:663.2,672.25 3 1
github.com/kmlixh/gom/v4/chain.go:672.25,675.25 2 0
github.com/kmlixh/gom/v4/chain.go:675.25,677.4 1 0
github.com/kmlixh/gom/v4/chain.go:678.3,678.75 1 0
github.com/kmlixh/gom/v4/chain.go:682.2,682.36 1 1
github.com/kmlixh/gom/v4/chain.go:682.36,684.3 1 0
github.com/kmlixh/gom/v4/chain.go:686.2,686.15 1 1
github.com/kmlixh/gom/v4/chain.go:690.74,694.31 3 1
github.com/kmlixh/gom/v4/chain.go:694.31,697.17 3 1
github.com/kmlixh/gom/v4/chain.go:697.17,699.4 1 0
github.com/kmlixh/gom/v4/chain.go:701.3,701.23 1 1
github.com/kmlixh/gom/v4/chain.go:701.23,703.4 1 0
github.com/kmlixh/gom/v4/chain.go:705.3,706.23 2 1
github.com/kmlixh/gom/v4/chain.go:706.23,709.20 2 0
github.com/kmlixh/gom/v4/chain.go:709.20,711.5 1 0
github.com/kmlixh/gom/v4/chain.go:712.4,713.18 2 0
github.com/kmlixh/gom/v4/chain.go:713.18,715.5 1 0
github.com/kmlixh/gom/v4/chain.go:716.4,717.46 2 0
github.com/kmlixh/gom/v4/chain.go:718.9,722.27 3 1
github.com/kmlixh/gom/v4/chain.go:722.27,724.5 1 0
github.com/kmlixh/gom/v4/chain.go:725.4,725.22 1 1
github.com/kmlixh/gom/v4/chain.go:728.3,728.35 1 1
github.com/kmlixh/gom/v4/chain.go:731.2,731.59 1 1
github.com/kmlixh/gom/v4/chain.go:735.47,737.18 2 1
github.com/kmlixh/gom/v4/chain.go:737.18,739.3 1 1
github.com/kmlixh/gom/v4/chain.go:742.2,742.43 1 1
github.com/kmlixh/gom/v4/chain.go:742.43,745.18 3 1
github.com/kmlixh/gom/v4/chain.go:745.18,747.4 1 1
github.com/kmlixh/gom/v4/chain.go:747.9,749.4 1 1
github.com/kmlixh/gom/v4/chain.go:750.3,750.17 1 1
github.com/kmlixh/gom/v4/chain.go:750.17,752.4 1 0
github.com/kmlixh/gom/v4/chain.go:755.3,755.21 1 1
github.com/kmlixh/gom/v4/chain.go:755.21,756.80 1 1
github.com/kmlixh/gom/v4/chain.go:756.80,757.94 1 1
github.com/kmlixh/gom/v4/chain.go:757.94,759.6 1 1
github.com/kmlixh/gom/v4/chain.go:763.3,763.44 1 1
github.com/kmlixh/gom/v4/chain.go:766.2,769.17 3 0
github.com/kmlixh/gom/v4/chain.go:769.17,771.3 1 0
github.com/kmlixh/gom/v4/chain.go:771.8,773.3 1 0
github.com/kmlixh/gom/v4/chain.go:775.2,775.16 1 0
github.com/kmlixh/gom/v4/chain.go:775.16,777.3 1 0
github.com/kmlixh/gom/v4/chain.go:779.2,783.20 3 0
github.com/kmlixh/gom/v4/chain.go:783.20,784.79 1 0
github.com/kmlixh/gom/v4/chain.go:784.79,785.93 1 0
github.com/kmlixh/gom/v4/chain.go:785.93,787.5 1 0
github.com/kmlixh/gom/v4/chain.go:791.2,791.54 1 0
github.com/kmlixh/gom/v4/chain.go:795.61,797.22 1 1
github.com/kmlixh/gom/v4/chain.go:797.22,798.58 1 1
github.com/kmlixh/gom/v4/chain.go:798.58,800.4 1 1
github.com/kmlixh/gom/v4/chain.go:801.3,802.19 2 1
github.com/kmlixh/gom/v4/chain.go:802.19,804.4 1 1
github.com/kmlixh/gom/v4/chain.go:805.3,810.18 3 1
github.com/kmlixh/gom/v4/chain.go:810.18,812.4 1 0
github.com/kmlixh/gom/v4/chain.go:812.9,814.4 1 1
github.com/kmlixh/gom/v4/chain.go:815.3,815.17 1 1
github.com/kmlixh/gom/v4/chain.go:815.17,817.4 1 0
github.com/kmlixh/gom/v4/chain.go:818.3,819.17 2 1
github.com/kmlixh/gom/v4/chain.go:819.17,821.4 1 0
github.com/kmlixh/gom/v4/chain.go:822.3,822.43 1 1
github.com/kmlixh/gom/v4/chain.go:826.2,826.22 1 0
github.com/kmlixh/gom/v4/chain.go:826.22,828.3 1 0
github.com/kmlixh/gom/v4/chain.go:831.2,831.39 1 0
github.com/kmlixh/gom/v4/chain.go:835.68,837.16 2 0
github.com/kmlixh/gom/v4/chain.go:837.16,839.3 1 0
github.com/kmlixh/gom/v4/chain.go:841.2,841.28 1 0
github.com/kmlixh/gom/v4/chain.go:841.28,843.3 1 0
github.com/kmlixh/gom/v4/chain.go:845.2,846.18 2 0
github.com/kmlixh/gom/v4/chain.go:846.18,848.3 1 0
github.com/kmlixh/gom/v4/chain.go:850.2,854.17 2 0
github.com/kmlixh/gom/v4/chain.go:854.17,856.3 1 0
github.com/kmlixh/gom/v4/chain.go:856.8,858.3 1 0
github.com/kmlixh/gom/v4/chain.go:859.2,859.16 1 0
github.com/kmlixh/gom/v4/chain.go:859.16,861.3 1 0
github.com/kmlixh/gom/v4/chain.go:862.2,863.16 2 0
github.com/kmlixh/gom/v4/chain.go:863.16,865.3 1 0
github.com/kmlixh/gom/v4/chain.go:866.2,866.42 1 0
github.com/kmlixh/gom/v4/chain.go:870.74,872.17 1 0
github.com/kmlixh/gom/v4/chain.go:872.17,874.3 1 0
github.com/kmlixh/gom/v4/chain.go:877.2,878.16 2 0
github.com/kmlixh/gom/v4/chain.go:878.16,880.3 1 0
github.com/kmlixh/gom/v4/chain.go:883.2,892.25 3 0
github.com/kmlixh/gom/v4/chain.go:892.25,895.25 2 0
github.com/kmlixh/gom/v4/chain.go:895.25,897.4 1 0
github.com/kmlixh/gom/v4/chain.go:898.3,898.77 1 0
github.com/kmlixh/gom/v4/chain.go:902.2,902.36 1 0
github.com/kmlixh/gom/v4/chain.go:902.36,904.3 1 0
github.com/kmlixh/gom/v4/chain.go:906.2,906.15 1 0
github.com/kmlixh/gom/v4/chain.go:910.76,913.31 2 0
github.com/kmlixh/gom/v4/chain.go:913.31,915.17 2 0
github.com/kmlixh/gom/v4/chain.go:915.17,917.4 1 0
github.com/kmlixh/gom/v4/chain.go:919.3,919.29 1 0
github.com/kmlixh/gom/v4/chain.go:919.29,921.4 1 0
github.com/kmlixh/gom/v4/chain.go:923.3,924.19 2 0
github.com/kmlixh/gom/v4/chain.go:924.19,926.4 1 0
github.com/kmlixh/gom/v4/chain.go:928.3,929.17 2 0
github.com/kmlixh/gom/v4/chain.go:929.17,931.4 1 0
github.com/kmlixh/gom/v4/chain.go:933.3,934.17 2 0
github.com/kmlixh/gom/v4/chain.go:934.17,936.4 1 0
github.com/kmlixh/gom/v4/chain.go:938.3,938.20 1 0
github.com/kmlixh/gom/v4/chain.go:938.20,940.4 1 0
github.com/kmlixh/gom/v4/chain.go:942.3,942.28 1 0
github.com/kmlixh/gom/v4/chain.go:945.2,945.47 1 0
github.com/kmlixh/gom/v4/chain.go:949.87,951.37 2 1
github.com/kmlixh/gom/v4/chain.go:951.37,953.3 1 1
github.com/kmlixh/gom/v4/chain.go:954.2,955.38 2 1
github.com/kmlixh/gom/v4/chain.go:955.38,957.3 1 1
github.com/kmlixh/gom/v4/chain.go:959.2,959.40 1 1
github.com/kmlixh/gom/v4/chain.go:959.40,961.3 1 0
github.com/kmlixh/gom/v4/chain.go:963.2,965.44 2 1
github.com/kmlixh/gom/v4/chain.go:965.44,970.30 4 1
github.com/kmlixh/gom/v4/chain.go:970.30,971.12 1 0
github.com/kmlixh/gom/v4/chain.go:974.3,978.33 4 1
github.com/kmlixh/gom/v4/chain.go:978.33,979.18 1 1
github.com/kmlixh/gom/v4/chain.go:979.18,981.10 2 1
github.com/kmlixh/gom/v4/chain.go:984.3,984.16 1 1
github.com/kmlixh/gom/v4/chain.go:984.16,985.12 1 1
github.com/kmlixh/gom/v4/chain.go:988.3,988.22 1 1
github.com/kmlixh/gom/v4/chain.go:988.22,990.4 1 1
github.com/kmlixh/gom/v4/chain.go:993.2,993.26 1 1
github.com/kmlixh/gom/v4/chain.go:997.61,999.22 1 1
github.com/kmlixh/gom/v4/chain.go:999.22,1001.19 2 1
github.com/kmlixh/gom/v4/chain.go:1001.19,1003.4 1 1
github.com/kmlixh/gom/v4/chain.go:1004.3,1009.18 3 1
github.com/kmlixh/gom/v4/chain.go:1009.18,1011.4 1 0
github.com/kmlixh/gom/v4/chain.go:1011.9,1013.4 1 1
github.com/kmlixh/gom/v4/chain.go:1014.3,1014.17 1 1
github.com/kmlixh/gom/v4/chain.go:1014.17,1016.4 1 0
github.com/kmlixh/gom/v4/chain.go:1017.3,1018.17 2 1
github.com/kmlixh/gom/v4/chain.go:1018.17,1020.4 1 0
github.com/kmlixh/gom/v4/chain.go:1021.3,1021.43 1 1
github.com/kmlixh/gom/v4/chain.go:1025.2,1025.22 1 0
github.com/kmlixh/gom/v4/chain.go:1025.22,1027.3 1 0
github.com/kmlixh/gom/v4/chain.go:1030.2,1030.39 1 0
github.com/kmlixh/gom/v4/chain.go:1034.68,1037.16 2 0
github.com/kmlixh/gom/v4/chain.go:1037.16,1039.3 1 0
github.com/kmlixh/gom/v4/chain.go:1042.2,1049.18 3 0
github.com/kmlixh/gom/v4/chain.go:1049.18,1051.3 1 0
github.com/kmlixh/gom/v4/chain.go:1053.2,1057.17 2 0
github.com/kmlixh/gom/v4/chain.go:1057.17,1059.3 1 0
github.com/kmlixh/gom/v4/chain.go:1059.8,1061.3 1 0
github.com/kmlixh/gom/v4/chain.go:1062.2,1062.16 1 0
github.com/kmlixh/gom/v4/chain.go:1062.16,1064.3 1 0
github.com/kmlixh/gom/v4/chain.go:1065.2,1066.16 2 0
github.com/kmlixh/gom/v4/chain.go:1066.16,1068.3 1 0
github.com/kmlixh/gom/v4/chain.go:1069.2,1069.42 1 0
github.com/kmlixh/gom/v4/chain.go:1073.74,1075.17 1 0
github.com/kmlixh/gom/v4/chain.go:1075.17,1077.3 1 0
github.com/kmlixh/gom/v4/chain.go:1080.2,1081.16 2 0
github.com/kmlixh/gom/v4/chain.go:1081.16,1083.3 1 0
github.com/kmlixh/gom/v4/chain.go:1086.2,1095.25 3 0
github.com/kmlixh/gom/v4/chain.go:1095.25,1098.25 2 0
github.com/kmlixh/gom/v4/chain.go:1098.25,1100.4 1 0
github.com/kmlixh/gom/v4/chain.go:1101.3,1101.77 1 0
github.com/kmlixh/gom/v4/chain.go:1105.2,1105.36 1 0
github.com/kmlixh/gom/v4/chain.go:1105.36,1107.3 1 0
github.com/kmlixh/gom/v4/chain.go:1109.2,1109.15 1 0
github.com/kmlixh/gom/v4/chain.go:1113.76,1116.31 2 0
github.com/kmlixh/gom/v4/chain.go:1116.31,1119.17 2 0
github.com/kmlixh/gom/v4/chain.go:1119.17,1121.4 1 0
github.com/kmlixh/gom/v4/chain.go:1124.3,1131.19 3 0
github.com/kmlixh/gom/v4/chain.go:1131.19,1133.4 1 0
github.com/kmlixh/gom/v4/chain.go:1135.3,1140.17 3 0
github.com/kmlixh/gom/v4/chain.go:1140.17,1142.4 1 0
github.com/kmlixh/gom/v4/chain.go:1144.3,1145.17 2 0
github.com/kmlixh/gom/v4/chain.go:1145.17,1147.4 1 0
github.com/kmlixh/gom/v4/chain.go:1149.3,1149.20 1 0
github.com/kmlixh/gom/v4/chain.go:1149.20,1151.4 1 0
github.com/kmlixh/gom/v4/chain.go:1153.3,1153.28 1 0
github.com/kmlixh/gom/v4/chain.go:1156.2,1156.47 1 0
github.com/kmlixh/gom/v4/chain.go:1160.80,1162.37 2 0
github.com/kmlixh/gom/v4/chain.go:1162.37,1164.3 1 0
github.com/kmlixh/gom/v4/chain.go:1165.2,1166.38 2 0
github.com/kmlixh/gom/v4/chain.go:1166.38,1168.3 1 0
github.com/kmlixh/gom/v4/chain.go:1170.2,1170.40 1 0
github.com/kmlixh/gom/v4/chain.go:1170.40,1172.3 1 0
github.com/kmlixh/gom/v4/chain.go:1175.2,1175.44 1 0
github.com/kmlixh/gom/v4/chain.go:1175.44,1180.30 4 0
github.com/kmlixh/gom/v4/chain.go:1180.30,1181.12 1 0
github.com/kmlixh/gom/v4/chain.go:1184.3,1187.33 3 0
github.com/kmlixh/gom/v4/chain.go:1187.33,1188.40 1 0
github.com/kmlixh/gom/v4/chain.go:1188.40,1189.23 1 0
github.com/kmlixh/gom/v4/chain.go:1189.23,1191.6 1 0
github.com/kmlixh/gom/v4/chain.go:1192.5,1192.34 1 0
github.com/kmlixh/gom/v4/chain.go:1197.2,1197.63 1 0
github.com/kmlixh/gom/v4/chain.go:1201.52,1202.17 1 1
github.com/kmlixh/gom/v4/chain.go:1202.17,1204.3 1 0
github.com/kmlixh/gom/v4/chain.go:1205.2,1205.18 1 1
github.com/kmlixh/gom/v4/chain.go:1205.18,1207.3 1 0
github.com/kmlixh/gom/v4/chain.go:1208.2,1210.10 3 1
github.com/kmlixh/gom/v4/chain.go:1214.46,1216.23 2 1
github.com/kmlixh/gom/v4/chain.go:1216.23,1218.3 1 0
github.com/kmlixh/gom/v4/chain.go:1219.2,1219.26 1 1
github.com/kmlixh/gom/v4/chain.go:1223.75,1224.18 1 0
github.com/kmlixh/gom/v4/chain.go:1224.18,1226.3 1 0
github.com/kmlixh/gom/v4/chain.go:1228.2,1230.17 3 0
github.com/kmlixh/gom/v4/chain.go:1230.17,1232.3 1 0
github.com/kmlixh/gom/v4/chain.go:1232.8,1234.3 1 0
github.com/kmlixh/gom/v4/chain.go:1235.2,1235.16 1 0
github.com/kmlixh/gom/v4/chain.go:1235.16,1237.3 1 0
github.com/kmlixh/gom/v4/chain.go:1238.2,1241.16 3 0
github.com/kmlixh/gom/v4/chain.go:1241.16,1243.3 1 0
github.com/kmlixh/gom/v4/chain.go:1245.2,1246.18 2 0
github.com/kmlixh/gom/v4/chain.go:1246.18,1248.25 2 0
github.com/kmlixh/gom/v4/chain.go:1248.25,1250.4 1 0
github.com/kmlixh/gom/v4/chain.go:1252.3,1253.17 2 0
github.com/kmlixh/gom/v4/chain.go:1253.17,1255.4 1 0
github.com/kmlixh/gom/v4/chain.go:1257.3,1258.31 2 0
github.com/kmlixh/gom/v4/chain.go:1258.31,1261.4 2 0
github.com/kmlixh/gom/v4/chain.go:1262.3,1262.31 1 0
github.com/kmlixh/gom/v4/chain.go:1265.2,1268.3 1 0
github.com/kmlixh/gom/v4/chain.go:1272.75,1273.18 1 0
github.com/kmlixh/gom/v4/chain.go:1273.18,1275.3 1 0
github.com/kmlixh/gom/v4/chain.go:1276.2,1281.17 3 0
github.com/kmlixh/gom/v4/chain.go:1281.17,1283.3 1 0
github.com/kmlixh/gom/v4/chain.go:1283.8,1285.3 1 0
github.com/kmlixh/gom/v4/chain.go:1286.2,1286.16 1 0
github.com/kmlixh/gom/v4/chain.go:1286.16,1288.3 1 0
github.com/kmlixh/gom/v4/chain.go:1289.2,1291.16 3 0
github.com/kmlixh/gom/v4/chain.go:1291.16,1293.3 1 0
github.com/kmlixh/gom/v4/chain.go:1294.2,1294.54 1 0
github.com/kmlixh/gom/v4/chain.go:1305.38,1307.2 1 1
github.com/kmlixh/gom/v4/chain.go:1310.37,1312.2 1 0
github.com/kmlixh/gom/v4/chain.go:1315.35,1317.2 1 1
github.com/kmlixh/gom/v4/chain.go:1320.53,1321.19 1 1
github.com/kmlixh/gom/v4/chain.go:1321.19,1323.3 1 0
github.com/kmlixh/gom/v4/chain.go:1324.2,1325.37 2 1
github.com/kmlixh/gom/v4/chain.go:1325.37,1327.3 1 0
github.com/kmlixh/gom/v4/chain.go:1329.2,1330.40 2 1
github.com/kmlixh/gom/v4/chain.go:1330.40,1332.3 1 0
github.com/kmlixh/gom/v4/chain.go:1335.2,1337.11 3 1
github.com/kmlixh/gom/v4/chain.go:1337.11,1339.3 1 1
github.com/kmlixh/gom/v4/chain.go:1341.2,1341.39 1 1
github.com/kmlixh/gom/v4/chain.go:1341.39,1343.3 1 0
github.com/kmlixh/gom/v4/chain.go:1346.2,1350.43 3 1
github.com/kmlixh/gom/v4/chain.go:1350.43,1353.30 3 1
github.com/kmlixh/gom/v4/chain.go:1353.30,1354.12 1 0
github.com/kmlixh/gom/v4/chain.go:1357.3,1359.31 3 1
github.com/kmlixh/gom/v4/chain.go:1363.2,1363.31 1 1
github.com/kmlixh/gom/v4/chain.go:1363.31,1369.32 3 1
github.com/kmlixh/gom/v4/chain.go:1369.32,1372.11 2 1
github.com/kmlixh/gom/v4/chain.go:1372.11,1373.13 1 1
github.com/kmlixh/gom/v4/chain.go:1377.4,1378.57 2 1
github.com/kmlixh/gom/v4/chain.go:1378.57,1380.5 1 0
github.com/kmlixh/gom/v4/chain.go:1384.3,1384.12 1 1
github.com/kmlixh/gom/v4/chain.go:1384.12,1386.4 1 1
github.com/kmlixh/gom/v4/chain.go:1386.9,1388.4 1 1
github.com/kmlixh/gom/v4/chain.go:1392.2,1393.12 2 1
github.com/kmlixh/gom/v4/chain.go:1397.66,1398.18 1 1
github.com/kmlixh/gom/v4/chain.go:1398.18,1400.3 1 0
github.com/kmlixh/gom/v4/chain.go:1403.2,1404.36 2 1
github.com/kmlixh/gom/v4/chain.go:1404.36,1405.23 1 0
github.com/kmlixh/gom/v4/chain.go:1405.23,1407.4 1 0
github.com/kmlixh/gom/v4/chain.go:1408.3,1408.38 1 0
github.com/kmlixh/gom/v4/chain.go:1411.2,1411.22 1 1
github.com/kmlixh/gom/v4/chain.go:1412.78,1413.28 1 1
github.com/kmlixh/gom/v4/chain.go:1414.14,1415.19 1 1
github.com/kmlixh/gom/v4/chain.go:1416.14,1417.26 1 0
github.com/kmlixh/gom/v4/chain.go:1418.12,1419.26 1 0
github.com/kmlixh/gom/v4/chain.go:1420.16,1422.18 2 0
github.com/kmlixh/gom/v4/chain.go:1422.18,1424.5 1 0
github.com/kmlixh/gom/v4/chain.go:1425.4,1425.19 1 0
github.com/kmlixh/gom/v4/chain.go:1426.15,1428.18 2 0
github.com/kmlixh/gom/v4/chain.go:1428.18,1430.5 1 0
github.com/kmlixh/gom/v4/chain.go:1431.4,1431.19 1 0
github.com/kmlixh/gom/v4/chain.go:1433.83,1434.28 1 0
github.com/kmlixh/gom/v4/chain.go:1435.15,1436.20 1 0
github.com/kmlixh/gom/v4/chain.go:1437.15,1438.28 1 0
github.com/kmlixh/gom/v4/chain.go:1439.13,1440.28 1 0
github.com/kmlixh/gom/v4/chain.go:1441.16,1443.18 2 0
github.com/kmlixh/gom/v4/chain.go:1443.18,1445.5 1 0
github.com/kmlixh/gom/v4/chain.go:1446.4,1446.20 1 0
github.com/kmlixh/gom/v4/chain.go:1447.15,1449.18 2 0
github.com/kmlixh/gom/v4/chain.go:1449.18,1451.5 1 0
github.com/kmlixh/gom/v4/chain.go:1452.4,1452.20 1 0
github.com/kmlixh/gom/v4/chain.go:1454.40,1455.28 1 0
github.com/kmlixh/gom/v4/chain.go:1456.16,1457.21 1 0
github.com/kmlixh/gom/v4/chain.go:1458.16,1459.30 1 0
github.com/kmlixh/gom/v4/chain.go:1460.16,1462.18 2 0
github.com/kmlixh/gom/v4/chain.go:1462.18,1464.5 1 0
github.com/kmlixh/gom/v4/chain.go:1465.4,1465.21 1 0
github.com/kmlixh/gom/v4/chain.go:1466.15,1468.18 2 0
github.com/kmlixh/gom/v4/chain.go:1468.18,1470.5 1 0
github.com/kmlixh/gom/v4/chain.go:1471.4,1471.21 1 0
github.com/kmlixh/gom/v4/chain.go:1473.22,1474.28 1 1
github.com/kmlixh/gom/v4/chain.go:1475.15,1476.22 1 1
github.com/kmlixh/gom/v4/chain.go:1477.16,1478.30 1 0
github.com/kmlixh/gom/v4/chain.go:1480.20,1481.28 1 0
github.com/kmlixh/gom/v4/chain.go:1482.13,1483.20 1 0
github.com/kmlixh/gom/v4/chain.go:1484.16,1486.18 2 0
github.com/kmlixh/gom/v4/chain.go:1486.18,1488.5 1 0
github.com/kmlixh/gom/v4/chain.go:1489.4,1489.20 1 0
github.com/kmlixh/gom/v4/chain.go:1490.15,1492.18 2 0
github.com/kmlixh/gom/v4/chain.go:1492.18,1494.5 1 0
github.com/kmlixh/gom/v4/chain.go:1495.4,1495.20 1 0
github.com/kmlixh/gom/v4/chain.go:1497.22,1498.50 1 1
github.com/kmlixh/gom/v4/chain.go:1498.50,1499.29 1 1
github.com/kmlixh/gom/v4/chain.go:1500.19,1501.34 1 1
github.com/kmlixh/gom/v4/chain.go:1502.17,1504.19 2 0
github.com/kmlixh/gom/v4/chain.go:1504.19,1506.6 1 0
github.com/kmlixh/gom/v4/chain.go:1507.5,1507.34 1 0
github.com/kmlixh/gom/v4/chain.go:1508.16,1510.19 2 0
github.com/kmlixh/gom/v4/chain.go:1510.19,1512.6 1 0
github.com/kmlixh/gom/v4/chain.go:1513.5,1513.34 1 0
github.com/kmlixh/gom/v4/chain.go:1517.2,1517.12 1 1
github.com/kmlixh/gom/v4/chain.go:1521.71,1523.54 1 1
github.com/kmlixh/gom/v4/chain.go:1523.54,1524.59 1 0
github.com/kmlixh/gom/v4/chain.go:1524.59,1526.4 1 0
github.com/kmlixh/gom/v4/chain.go:1529.2,1536.30 4 1
github.com/kmlixh/gom/v4/chain.go:1536.30,1537.36 1 1
github.com/kmlixh/gom/v4/chain.go:1537.36,1539.4 1 1
github.com/kmlixh/gom/v4/chain.go:1540.3,1540.29 1 1
github.com/kmlixh/gom/v4/chain.go:1542.2,1546.34 3 1
github.com/kmlixh/gom/v4/chain.go:1546.34,1548.3 1 1
github.com/kmlixh/gom/v4/chain.go:1551.2,1551.40 1 1
github.com/kmlixh/gom/v4/chain.go:1551.40,1553.3 1 1
github.com/kmlixh/gom/v4/chain.go:1555.2,1555.18 1 1
github.com/kmlixh/gom/v4/chain.go:1559.54,1561.37 2 1
github.com/kmlixh/gom/v4/chain.go:1561.37,1563.3 1 1
github.com/kmlixh/gom/v4/chain.go:1565.2,1565.40 1 1
github.com/kmlixh/gom/v4/chain.go:1565.40,1567.3 1 1
github.com/kmlixh/gom/v4/chain.go:1570.2,1570.23 1 1
github.com/kmlixh/gom/v4/chain.go:1570.23,1572.3 1 1
github.com/kmlixh/gom/v4/chain.go:1575.2,1575.54 1 1
github.com/kmlixh/gom/v4/chain.go:1575.54,1576.59 1 0
github.com/kmlixh/gom/v4/chain.go:1576.59,1577.20 1 0
github.com/kmlixh/gom/v4/chain.go:1577.20,1579.5 1 0
github.com/kmlixh/gom/v4/chain.go:1580.4,1581.18 2 0
github.com/kmlixh/gom/v4/chain.go:1581.18,1584.5 2 0
github.com/kmlixh/gom/v4/chain.go:1585.4,1585.14 1 0
github.com/kmlixh/gom/v4/chain.go:1590.2,1591.18 2 1
github.com/kmlixh/gom/v4/chain.go:1591.18,1593.3 1 1
github.com/kmlixh/gom/v4/chain.go:1594.2,1595.16 2 1
github.com/kmlixh/gom/v4/chain.go:1595.16,1598.3 2 0
github.com/kmlixh/gom/v4/chain.go:1599.2,1599.12 1 1
github.com/kmlixh/gom/v4/chain.go:1603.31,1604.17 1 1
github.com/kmlixh/gom/v4/chain.go:1604.17,1606.3 1 0
github.com/kmlixh/gom/v4/chain.go:1608.2,1611.27 3 1
github.com/kmlixh/gom/v4/chain.go:1611.27,1615.3 1 0
github.com/kmlixh/gom/v4/chain.go:1615.8,1617.3 1 1
github.com/kmlixh/gom/v4/chain.go:1619.2,1619.16 1 1
github.com/kmlixh/gom/v4/chain.go:1619.16,1621.3 1 0
github.com/kmlixh/gom/v4/chain.go:1624.2,1643.12 4 1
github.com/kmlixh/gom/v4/chain.go:1647.32,1648.17 1 1
github.com/kmlixh/gom/v4/chain.go:1648.17,1650.3 1 0
github.com/kmlixh/gom/v4/chain.go:1652.2,1653.16 2 1
github.com/kmlixh/gom/v4/chain.go:1653.16,1655.3 1 0
github.com/kmlixh/gom/v4/chain.go:1657.2,1658.12 2 1
github.com/kmlixh/gom/v4/chain.go:1662.34,1663.17 1 1
github.com/kmlixh/gom/v4/chain.go:1663.17,1665.3 1 0
github.com/kmlixh/gom/v4/chain.go:1667.2,1668.16 2 1
github.com/kmlixh/gom/v4/chain.go:1668.16,1670.3 1 0
github.com/kmlixh/gom/v4/chain.go:1672.2,1673.12 2 1
github.com/kmlixh/gom/v4/chain.go:1677.27,1678.28 1 1
github.com/kmlixh/gom/v4/chain.go:1678.28,1680.3 1 0
github.com/kmlixh/gom/v4/chain.go:1683.2,1697.23 13 1
github.com/kmlixh/gom/v4/chain.go:1701.58,1703.16 2 1
github.com/kmlixh/gom/v4/chain.go:1703.16,1705.3 1 0
github.com/kmlixh/gom/v4/chain.go:1707.2,1708.16 2 1
github.com/kmlixh/gom/v4/chain.go:1708.16,1710.42 1 1
github.com/kmlixh/gom/v4/chain.go:1710.42,1712.4 1 0
github.com/kmlixh/gom/v4/chain.go:1713.3,1713.13 1 1
github.com/kmlixh/gom/v4/chain.go:1717.2,1717.34 1 1
github.com/kmlixh/gom/v4/chain.go:1717.34,1719.3 1 0
github.com/kmlixh/gom/v4/chain.go:1721.2,1721.12 1 1
github.com/kmlixh/gom/v4/chain.go:1725.40,1727.2 1 0
github.com/kmlixh/gom/v4/chain.go:1730.68,1733.2 2 0
github.com/kmlixh/gom/v4/chain.go:1736.46,1737.26 1 0
github.com/kmlixh/gom/v4/chain.go:1737.26,1739.3 1 0
github.com/kmlixh/gom/v4/chain.go:1740.2,1741.12 2 0
github.com/kmlixh/gom/v4/chain.go:1745.47,1746.26 1 0
github.com/kmlixh/gom/v4/chain.go:1746.26,1748.3 1 0
github.com/kmlixh/gom/v4/chain.go:1749.2,1750.12 2 0
github.com/kmlixh/gom/v4/chain.go:1754.53,1755.26 1 0
github.com/kmlixh/gom/v4/chain.go:1755.26,1757.3 1 0
github.com/kmlixh/gom/v4/chain.go:1758.2,1759.12 2 0
github.com/kmlixh/gom/v4/chain.go:1763.45,1764.19 1 0
github.com/kmlixh/gom/v4/chain.go:1764.19,1766.3 1 0
github.com/kmlixh/gom/v4/chain.go:1767.2,1767.22 1 0
github.com/kmlixh/gom/v4/chain.go:1767.22,1772.3 1 0
github.com/kmlixh/gom/v4/chain.go:1773.2,1773.41 1 0
github.com/kmlixh/gom/v4/chain.go:1777.55,1780.2 2 0
github.com/kmlixh/gom/v4/chain.go:1783.50,1785.2 1 0
github.com/kmlixh/gom/v4/chain.go:1788.48,1792.2 3 0
github.com/kmlixh/gom/v4/chain.go:1795.50,1799.2 3 0
github.com/kmlixh/gom/v4/chain.go:1802.40,1804.2 1 1
github.com/kmlixh/gom/v4/chain.go:1807.53,1810.18 3 1
github.com/kmlixh/gom/v4/chain.go:1810.18,1812.3 1 1
github.com/kmlixh/gom/v4/chain.go:1813.2,1814.17 2 1
github.com/kmlixh/gom/v4/chain.go:1814.17,1816.3 1 0
github.com/kmlixh/gom/v4/chain.go:1816.8,1818.3 1 1
github.com/kmlixh/gom/v4/chain.go:1819.2,1819.16 1 1
github.com/kmlixh/gom/v4/chain.go:1819.16,1820.27 1 0
github.com/kmlixh/gom/v4/chain.go:1820.27,1822.4 1 0
github.com/kmlixh/gom/v4/chain.go:1823.3,1823.16 1 0
github.com/kmlixh/gom/v4/chain.go:1825.2,1825.19 1 1
github.com/kmlixh/gom/v4/chain.go:1829.52,1832.18 3 1
github.com/kmlixh/gom/v4/chain.go:1832.18,1834.3 1 1
github.com/kmlixh/gom/v4/chain.go:1835.2,1836.17 2 1
github.com/kmlixh/gom/v4/chain.go:1836.17,1838.3 1 0
github.com/kmlixh/gom/v4/chain.go:1838.8,1840.3 1 1
github.com/kmlixh/gom/v4/chain.go:1841.2,1841.16 1 1
github.com/kmlixh/gom/v4/chain.go:1841.16,1842.27 1 0
github.com/kmlixh/gom/v4/chain.go:1842.27,1844.4 1 0
github.com/kmlixh/gom/v4/chain.go:1845.3,1845.16 1 0
github.com/kmlixh/gom/v4/chain.go:1847.2,1847.17 1 1
github.com/kmlixh/gom/v4/chain.go:1851.52,1854.18 3 1
github.com/kmlixh/gom/v4/chain.go:1854.18,1856.3 1 1
github.com/kmlixh/gom/v4/chain.go:1857.2,1858.17 2 1
github.com/kmlixh/gom/v4/chain.go:1858.17,1860.3 1 0
github.com/kmlixh/gom/v4/chain.go:1860.8,1862.3 1 1
github.com/kmlixh/gom/v4/chain.go:1863.2,1863.16 1 1
github.com/kmlixh/gom/v4/chain.go:1863.16,1864.27 1 0
github.com/kmlixh/gom/v4/chain.go:1864.27,1866.4 1 0
github.com/kmlixh/gom/v4/chain.go:1867.3,1867.16 1 0
github.com/kmlixh/gom/v4/chain.go:1869.2,1869.17 1 1
github.com/kmlixh/gom/v4/chain.go:1886.64,1889.16 2 1
github.com/kmlixh/gom/v4/chain.go:1889.16,1891.3 1 0
github.com/kmlixh/gom/v4/chain.go:1894.2,1894.23 1 1
github.com/kmlixh/gom/v4/chain.go:1894.23,1896.3 1 0
github.com/kmlixh/gom/v4/chain.go:1897.2,1897.23 1 1
github.com/kmlixh/gom/v4/chain.go:1897.23,1899.3 1 0
github.com/kmlixh/gom/v4/chain.go:1902.2,1910.18 5 1
github.com/kmlixh/gom/v4/chain.go:1910.18,1913.38 2 1
github.com/kmlixh/gom/v4/chain.go:1913.38,1915.4 1 0
github.com/kmlixh/gom/v4/chain.go:1916.3,1918.17 3 1
github.com/kmlixh/gom/v4/chain.go:1918.17,1920.4 1 0
github.com/kmlixh/gom/v4/chain.go:1921.3,1921.34 1 1
github.com/kmlixh/gom/v4/chain.go:1922.8,1925.24 2 0
github.com/kmlixh/gom/v4/chain.go:1925.24,1927.4 1 0
github.com/kmlixh/gom/v4/chain.go:1928.3,1928.21 1 0
github.com/kmlixh/gom/v4/chain.go:1932.2,1944.22 2 1
github.com/kmlixh/gom/v4/db.go:36.51,38.23 2 1
github.com/kmlixh/gom/v4/db.go:38.23,41.3 2 1
github.com/kmlixh/gom/v4/db.go:42.2,42.31 1 0
github.com/kmlixh/gom/v4/db.go:42.31,49.3 2 0
github.com/kmlixh/gom/v4/db.go:50.2,50.11 1 0
github.com/kmlixh/gom/v4/db.go:54.30,60.2 2 1
github.com/kmlixh/gom/v4/db.go:63.29,65.2 1 1
github.com/kmlixh/gom/v4/db.go:68.60,70.15 2 1
github.com/kmlixh/gom/v4/db.go:70.15,72.3 1 1
github.com/kmlixh/gom/v4/db.go:73.2,74.16 2 1
github.com/kmlixh/gom/v4/db.go:74.16,76.3 1 0
github.com/kmlixh/gom/v4/db.go:77.2,81.8 2 1
github.com/kmlixh/gom/v4/db.go:85.43,87.16 2 0
github.com/kmlixh/gom/v4/db.go:87.16,88.13 1 0
github.com/kmlixh/gom/v4/db.go:90.2,90.11 1 0
github.com/kmlixh/gom/v4/db.go:94.73,96.2 1 1
github.com/kmlixh/gom/v4/db.go:99.59,101.2 1 1
github.com/kmlixh/gom/v4/db.go:104.78,107.16 2 1
github.com/kmlixh/gom/v4/db.go:107.16,109.3 1 0
github.com/kmlixh/gom/v4/db.go:111.2,111.62 1 1
github.com/kmlixh/gom/v4/db.go:115.59,117.58 1 1
github.com/kmlixh/gom/v4/db.go:117.58,119.3 1 0
github.com/kmlixh/gom/v4/db.go:122.2,123.16 2 1
github.com/kmlixh/gom/v4/db.go:123.16,125.3 1 0
github.com/kmlixh/gom/v4/db.go:128.2,128.35 1 1
github.com/kmlixh/gom/v4/db.go:128.35,129.88 1 1
github.com/kmlixh/gom/v4/db.go:129.88,131.4 1 0
github.com/kmlixh/gom/v4/db.go:135.2,135.60 1 1
github.com/kmlixh/gom/v4/db.go:135.60,137.3 1 0
github.com/kmlixh/gom/v4/db.go:139.2,139.12 1 1
github.com/kmlixh/gom/v4/db.go:143.91,146.56 2 1
github.com/kmlixh/gom/v4/db.go:146.56,148.3 1 1
github.com/kmlixh/gom/v4/db.go:151.2,153.16 3 1
github.com/kmlixh/gom/v4/db.go:153.16,155.3 1 0
github.com/kmlixh/gom/v4/db.go:156.2,163.16 3 1
github.com/kmlixh/gom/v4/db.go:163.16,165.3 1 0
github.com/kmlixh/gom/v4/db.go:167.2,179.49 2 1
github.com/kmlixh/gom/v4/db.go:179.49,181.3 1 0
github.com/kmlixh/gom/v4/db.go:183.2,183.12 1 1
github.com/kmlixh/gom/v4/db.go:187.44,189.16 2 1
github.com/kmlixh/gom/v4/db.go:189.16,191.3 1 0
github.com/kmlixh/gom/v4/db.go:193.2,193.32 1 1
github.com/kmlixh/gom/v4/db.go:193.32,194.60 1 1
github.com/kmlixh/gom/v4/db.go:194.60,197.36 3 1
github.com/kmlixh/gom/v4/db.go:197.36,199.5 1 0
github.com/kmlixh/gom/v4/db.go:203.2,203.12 1 1
github.com/kmlixh/gom/v4/db.go:228.35,230.23 2 1
github.com/kmlixh/gom/v4/db.go:230.23,232.3 1 1
github.com/kmlixh/gom/v4/db.go:233.2,233.32 1 1
github.com/kmlixh/gom/v4/db.go:236.36,238.2 1 1
github.com/kmlixh/gom/v4/db.go:240.52,244.9 3 1
github.com/kmlixh/gom/v4/db.go:245.39,246.38 1 1
github.com/kmlixh/gom/v4/db.go:246.38,248.4 1 1
github.com/kmlixh/gom/v4/db.go:248.9,250.4 1 1
github.com/kmlixh/gom/v4/db.go:251.114,252.21 1 0
github.com/kmlixh/gom/v4/db.go:253.40,254.18 1 0
github.com/kmlixh/gom/v4/db.go:255.74,256.23 1 1
github.com/kmlixh/gom/v4/db.go:257.10,258.20 1 1
github.com/kmlixh/gom/v4/db.go:261.2,261.16 1 1
github.com/kmlixh/gom/v4/db.go:261.16,263.3 1 0
github.com/kmlixh/gom/v4/db.go:264.2,264.15 1 1
github.com/kmlixh/gom/v4/db.go:268.63,269.18 1 1
github.com/kmlixh/gom/v4/db.go:269.18,271.3 1 0
github.com/kmlixh/gom/v4/db.go:274.2,274.41 1 1
github.com/kmlixh/gom/v4/db.go:274.41,276.3 1 1
github.com/kmlixh/gom/v4/db.go:279.2,280.37 2 1
github.com/kmlixh/gom/v4/db.go:280.37,282.3 1 1
github.com/kmlixh/gom/v4/db.go:285.2,285.40 1 1
github.com/kmlixh/gom/v4/db.go:285.40,287.3 1 1
github.com/kmlixh/gom/v4/db.go:290.2,290.63 1 1
github.com/kmlixh/gom/v4/db.go:290.63,292.3 1 1
github.com/kmlixh/gom/v4/db.go:295.2,296.43 2 0
github.com/kmlixh/gom/v4/db.go:296.43,298.3 1 0
github.com/kmlixh/gom/v4/db.go:299.2,299.36 1 0
github.com/kmlixh/gom/v4/db.go:303.35,305.22 2 0
github.com/kmlixh/gom/v4/db.go:305.22,306.34 1 0
github.com/kmlixh/gom/v4/db.go:306.34,308.4 1 0
github.com/kmlixh/gom/v4/db.go:309.3,309.46 1 0
github.com/kmlixh/gom/v4/db.go:311.2,311.23 1 0
